{"uuid":"e9a8030d-f61f-4d45-a111-77f0abdc404d","historyId":"d04fc76981bc34075b3017cf32fcf0a8","fullName":"tests.CheckoutTests.testMissingPaymentMethod","labels":[{"name":"package","value":"tests.CheckoutTests"},{"name":"testClass","value":"tests.CheckoutTests"},{"name":"testMethod","value":"testMissingPaymentMethod"},{"name":"parentSuite","value":"All Test Suite"},{"name":"suite","value":"Firefox Tests"},{"name":"subSuite","value":"tests.CheckoutTests"},{"name":"host","value":"BOM-5CG2195MPK"},{"name":"thread","value":"21596@BOM-5CG2195MPK.TestNG-tests-1(39)"},{"name":"framework","value":"testng"},{"name":"language","value":"java"}],"links":[],"name":"testMissingPaymentMethod","status":"broken","statusDetails":{"known":false,"muted":false,"flaky":false,"message":"Could not find and click product: Sony vaio i5","trace":"java.lang.RuntimeException: Could not find and click product: Sony vaio i5\r\n\tat pages.HomePage.selectProduct(HomePage.java:74)\r\n\tat tests.CheckoutTests.runCheckoutTest(CheckoutTests.java:76)\r\n\tat tests.CheckoutTests.testMissingPaymentMethod(CheckoutTests.java:125)\r\n\tat java.base/jdk.internal.reflect.DirectMethodHandleAccessor.invoke(DirectMethodHandleAccessor.java:103)\r\n\tat java.base/java.lang.reflect.Method.invoke(Method.java:580)\r\n\tat org.testng.internal.invokers.MethodInvocationHelper.invokeMethod(MethodInvocationHelper.java:139)\r\n\tat org.testng.internal.invokers.TestInvoker.invokeMethod(TestInvoker.java:664)\r\n\tat org.testng.internal.invokers.TestInvoker.invokeTestMethod(TestInvoker.java:228)\r\n\tat org.testng.internal.invokers.MethodRunner.runInSequence(MethodRunner.java:63)\r\n\tat org.testng.internal.invokers.TestInvoker$MethodInvocationAgent.invoke(TestInvoker.java:961)\r\n\tat org.testng.internal.invokers.TestInvoker.invokeTestMethods(TestInvoker.java:201)\r\n\tat org.testng.internal.invokers.TestMethodWorker.invokeTestMethods(TestMethodWorker.java:148)\r\n\tat org.testng.internal.invokers.TestMethodWorker.run(TestMethodWorker.java:128)\r\n\tat java.base/java.util.ArrayList.forEach(ArrayList.java:1597)\r\n\tat org.testng.TestRunner.privateRun(TestRunner.java:819)\r\n\tat org.testng.TestRunner.run(TestRunner.java:619)\r\n\tat org.testng.SuiteRunner.runTest(SuiteRunner.java:443)\r\n\tat org.testng.SuiteRunner$SuiteWorker.run(SuiteRunner.java:481)\r\n\tat org.testng.internal.thread.ThreadUtil.lambda$execute$0(ThreadUtil.java:58)\r\n\tat java.base/java.util.concurrent.FutureTask.run$$$capture(FutureTask.java:317)\r\n\tat java.base/java.util.concurrent.FutureTask.run(FutureTask.java)\r\n\tat --- Async.Stack.Trace --- (captured by IntelliJ IDEA debugger)\r\n\tat java.base/java.util.concurrent.FutureTask.<init>(FutureTask.java:132)\r\n\tat java.base/java.util.concurrent.AbstractExecutorService.newTaskFor(AbstractExecutorService.java:113)\r\n\tat java.base/java.util.concurrent.AbstractExecutorService.invokeAll(AbstractExecutorService.java:305)\r\n\tat org.testng.internal.thread.ThreadUtil.execute(ThreadUtil.java:64)\r\n\tat org.testng.SuiteRunner.runInParallelTestMode(SuiteRunner.java:464)\r\n\tat org.testng.SuiteRunner.privateRun(SuiteRunner.java:395)\r\n\tat org.testng.SuiteRunner.run(SuiteRunner.java:336)\r\n\tat org.testng.SuiteRunnerWorker.runSuite(SuiteRunnerWorker.java:52)\r\n\tat org.testng.SuiteRunnerWorker.run(SuiteRunnerWorker.java:95)\r\n\tat org.testng.TestNG.runSuitesSequentially(TestNG.java:1301)\r\n\tat org.testng.TestNG.runSuitesLocally(TestNG.java:1228)\r\n\tat org.testng.TestNG.runSuites(TestNG.java:1134)\r\n\tat org.testng.TestNG.run(TestNG.java:1101)\r\n\tat com.intellij.rt.testng.IDEARemoteTestNG.run(IDEARemoteTestNG.java:65)\r\n\tat com.intellij.rt.testng.RemoteTestNGStarter.main(RemoteTestNGStarter.java:105)\r\nCaused by: java.lang.RuntimeException: Click failed on Product: Sony vaio i5\r\n\tat pages.BasePage.click(BasePage.java:34)\r\n\tat pages.HomePage.selectProduct(HomePage.java:70)\r\n\t... 36 more\r\nCaused by: org.openqa.selenium.ElementClickInterceptedException: Element <a class=\"hrefch\" href=\"prod.html?idp_=8\"> is not clickable at point (951,934) because another element <div id=\"logInModal\" class=\"modal fade show\"> obscures it\nBuild info: version: '4.15.0', revision: '1d14b5521b'\nSystem info: os.name: 'Windows 11', os.arch: 'amd64', os.version: '10.0', java.version: '23.0.2'\nDriver info: org.openqa.selenium.firefox.FirefoxDriver\nCommand: [9ec4c901-7757-43d0-9562-5254fad7f4a5, clickElement {id=0497468b-813f-4d58-aa54-50471a788837}]\nCapabilities {acceptInsecureCerts: true, browserName: firefox, browserVersion: 140.3.1, moz:accessibilityChecks: false, moz:buildID: 20250922173505, moz:geckodriverVersion: 0.36.0, moz:headless: false, moz:platformVersion: 10.0, moz:processID: 27600, moz:profile: C:\\Users\\kadahari\\AppData\\L..., moz:shutdownTimeout: 60000, moz:webdriverClick: true, moz:windowless: false, pageLoadStrategy: normal, platformName: windows, proxy: Proxy(), setWindowRect: true, strictFileInteractability: false, timeouts: {implicit: 0, pageLoad: 300000, script: 30000}, unhandledPromptBehavior: ignore, userAgent: Mozilla/5.0 (Windows NT 10....}\nElement: [[FirefoxDriver: firefox on windows (9ec4c901-7757-43d0-9562-5254fad7f4a5)] -> xpath: //a[@class='hrefch'][text()='Sony vaio i5']]\nSession ID: 9ec4c901-7757-43d0-9562-5254fad7f4a5\r\n\tat java.base/jdk.internal.reflect.DirectConstructorHandleAccessor.newInstance(DirectConstructorHandleAccessor.java:62)\r\n\tat java.base/java.lang.reflect.Constructor.newInstanceWithCaller(Constructor.java:501)\r\n\tat java.base/java.lang.reflect.Constructor.newInstance(Constructor.java:485)\r\n\tat org.openqa.selenium.remote.codec.w3c.W3CHttpResponseCodec.createException(W3CHttpResponseCodec.java:200)\r\n\tat org.openqa.selenium.remote.codec.w3c.W3CHttpResponseCodec.decode(W3CHttpResponseCodec.java:133)\r\n\tat org.openqa.selenium.remote.codec.w3c.W3CHttpResponseCodec.decode(W3CHttpResponseCodec.java:52)\r\n\tat org.openqa.selenium.remote.HttpCommandExecutor.execute(HttpCommandExecutor.java:191)\r\n\tat org.openqa.selenium.remote.service.DriverCommandExecutor.invokeExecute(DriverCommandExecutor.java:200)\r\n\tat org.openqa.selenium.remote.service.DriverCommandExecutor.execute(DriverCommandExecutor.java:175)\r\n\tat org.openqa.selenium.remote.RemoteWebDriver.execute(RemoteWebDriver.java:607)\r\n\tat org.openqa.selenium.remote.RemoteWebElement.execute(RemoteWebElement.java:224)\r\n\tat org.openqa.selenium.remote.RemoteWebElement.click(RemoteWebElement.java:77)\r\n\tat pages.BasePage.click(BasePage.java:30)\r\n\t... 37 more\r\n"},"stage":"finished","steps":[],"attachments":[],"parameters":[{"name":"browser","value":"firefox"}],"start":1758791115567,"stop":1758791120649}