

<!DOCTYPE html>
<html>
<head>
<meta charset="UTF-8">
<meta name="viewport" content="width=device-width, initial-scale=1, shrink-to-fit=no">
<title>Test Execution Summary</title>
<link rel="apple-touch-icon" href="https://cdn.jsdelivr.net/gh/extent-framework/extent-github-cdn@b00a2d0486596e73dd7326beacf352c639623a0e/commons/img/logo.png">
<link rel="shortcut icon" href="https://cdn.jsdelivr.net/gh/extent-framework/extent-github-cdn@b00a2d0486596e73dd7326beacf352c639623a0e/commons/img/logo.png">
<link href="https://cdn.jsdelivr.net/gh/extent-framework/extent-github-cdn@d6562a79075e061305ccfdb82f01e5e195e2d307/spark/css/spark-style.css" rel="stylesheet" />
<link href="https://stackpath.bootstrapcdn.com/font-awesome/4.7.0/css/font-awesome.min.css" rel="stylesheet">
<script src="https://cdn.jsdelivr.net/gh/extent-framework/extent-github-cdn@7cc78ce/spark/js/jsontree.js"></script>
<style type="text/css"></style></head><body class="spa -report standard">
  <div class="app">
    <div class="layout">
<div class="header navbar">
<div class="vheader">
<div class="nav-logo">
<a href="#">
<div class="logo" style="background-image: url('https://cdn.jsdelivr.net/gh/extent-framework/extent-github-cdn@b00a2d0486596e73dd7326beacf352c639623a0e/commons/img/logo.png')"></div>
</a>
</div>
<ul class="nav-left">
<li class="search-box">
<a class="search-toggle" href="#">
<i class="search-icon fa fa-search"></i>
<i class="search-icon-close fa fa-close"></i>
</a>
</li>
<li class="search-input"><input id="search-tests" class="form-control" type="text" placeholder="Search..."></li>
</ul>
<ul class="nav-right">
<li class="m-r-10">
<a href="#"><span class="badge badge-primary">Demoblaze Automation Report</span></a>
</li>
<li class="m-r-10">
<a href="#"><span class="badge badge-primary">Sep 25, 2025 02:23:29 PM</span></a>
</li>
</ul>
</div>
</div><div class="side-nav">
<div class="side-nav-inner">
<ul class="side-nav-menu">
<li class="nav-item dropdown" onclick="toggleView('test-view')">
<a id="nav-test" class="dropdown-toggle" href="#">
<span class="ico"><i class="fa fa-list"></i></span>
</a>
</li>
<li class="nav-item dropdown" onclick="toggleView('exception-view')">
<a id="nav-exception" class="dropdown-toggle" href="#">
<span class="ico"><i class="fa fa-bug"></i></span>
</a>
</li>
<li class="nav-item dropdown" onclick="toggleView('dashboard-view')">
<a id="nav-dashboard" class="dropdown-toggle" href="#">
<span class="ico"><i class="fa fa-bar-chart"></i></span>
</a>
</li>
</ul>
</div>
</div>      <div class="vcontainer">
        <div class="main-content">
<div class="test-wrapper row view test-view">
  <div class="test-list">
    <div class="test-list-tools">
<ul class="tools pull-left">
<li><a href="#"><span class="font-size-14">Tests</span></a></li>
</ul>
<ul class="tools text-right">
<li class="dropdown">
<a href="#" class="dropdown-toggle" data-toggle="dropdown"><i class="fa fa-exclamation-circle"></i></a>
<ul id="status-toggle" class="dropdown-menu dropdown-md p-v-0">
<a class="dropdown-item" status="pass" href="#"><span>Pass</span><span class="status success"></span></a>
<a class="dropdown-item" status="fail" href="#"><span>Fail</span><span class="status danger"></span></a>
<div class="dropdown-divider"></div>
<a status="clear" class="dropdown-item" href="#"><span>Clear</span><span class="pull-right"><i class="fa fa-close"></i></span></a>
</ul>
</li>
</ul>
</div>    <div class="test-list-wrapper scrollable">
      <ul class="test-list-item">
        <li class="test-item"  status="pass" test-id="1"
          author=""
          tag=""
          device="">
          <div class="test-detail">
            <p class="name">tests.LoginTests :: loginWithValidData</p>
            <p class="text-sm">
              <span>2:23:41 PM</span> / <span>00:00:09:121</span>
              <span class="badge pass-bg log float-right">Pass</span>
            </p>
          </div>
          <div class="test-contents d-none">
<div class="detail-head">
<div class="p-v-10">
<div class="info">
<h5 class="test-status text-pass">tests.LoginTests :: loginWithValidData</h5>
<span class='badge badge-success'>09.25.2025 2:23:41 PM</span>
<span class='badge badge-danger'>09.25.2025 2:23:50 PM</span>
<span class='badge badge-default'>00:00:09:121</span>
&middot; <span class='uri-anchor badge badge-default'>#test-id=1</span>
<span class='badge badge-default pointer float-right ml-1 et'><i class="fa fa-chevron-down"></i></span>
<span class='badge badge-default pointer float-right ct'><i class="fa fa-chevron-up"></i></span>
</div>
</div>
</div>    <div class="row mb-3"><div class="col-md-3">
<img data-featherlight='C:\Users\kadahari\Desktop\Harika\C\Demoblaze/output/screenshots/pass/loginWithValidData_20250925_142350.png' src="C:\Users\kadahari\Desktop\Harika\C\Demoblaze/output/screenshots/pass/loginWithValidData_20250925_142350.png">
    
    </div></div>
<div class="detail-body mt-4">
<table class="table table-sm">
  <thead><tr><th class="status-col">Status</th><th class="timestamp-col">Timestamp</th><th class="details-col">Details</th></tr></thead>
  <tbody>
      <tr class="event-row">
        <td><span class="badge log info-bg">Info</span></td>
        <td>2:23:41 PM</td>
        <td>
          Test parameters: [Validuser1, validPass@123, true]
        </td>
      </tr>
      <tr class="event-row">
        <td><span class="badge log pass-bg">Pass</span></td>
        <td>2:23:50 PM</td>
        <td>
          Test passed
        </td>
      </tr>
  </tbody>
</table>
</div>
          </div>
        </li>
        <li class="test-item"  status="pass" test-id="2"
          author=""
          tag=""
          device="">
          <div class="test-detail">
            <p class="name">tests.LoginTests :: loginWithValidData</p>
            <p class="text-sm">
              <span>2:23:54 PM</span> / <span>00:00:07:164</span>
              <span class="badge pass-bg log float-right">Pass</span>
            </p>
          </div>
          <div class="test-contents d-none">
<div class="detail-head">
<div class="p-v-10">
<div class="info">
<h5 class="test-status text-pass">tests.LoginTests :: loginWithValidData</h5>
<span class='badge badge-success'>09.25.2025 2:23:54 PM</span>
<span class='badge badge-danger'>09.25.2025 2:24:01 PM</span>
<span class='badge badge-default'>00:00:07:164</span>
&middot; <span class='uri-anchor badge badge-default'>#test-id=2</span>
<span class='badge badge-default pointer float-right ml-1 et'><i class="fa fa-chevron-down"></i></span>
<span class='badge badge-default pointer float-right ct'><i class="fa fa-chevron-up"></i></span>
</div>
</div>
</div>    <div class="row mb-3"><div class="col-md-3">
<img data-featherlight='C:\Users\kadahari\Desktop\Harika\C\Demoblaze/output/screenshots/pass/loginWithValidData_20250925_142401.png' src="C:\Users\kadahari\Desktop\Harika\C\Demoblaze/output/screenshots/pass/loginWithValidData_20250925_142401.png">
    
    </div></div>
<div class="detail-body mt-4">
<table class="table table-sm">
  <thead><tr><th class="status-col">Status</th><th class="timestamp-col">Timestamp</th><th class="details-col">Details</th></tr></thead>
  <tbody>
      <tr class="event-row">
        <td><span class="badge log info-bg">Info</span></td>
        <td>2:23:54 PM</td>
        <td>
          Test parameters: [Validuser1, validPass@123, true]
        </td>
      </tr>
      <tr class="event-row">
        <td><span class="badge log pass-bg">Pass</span></td>
        <td>2:24:01 PM</td>
        <td>
          Test passed
        </td>
      </tr>
  </tbody>
</table>
</div>
          </div>
        </li>
        <li class="test-item"  status="pass" test-id="3"
          author=""
          tag=""
          device="">
          <div class="test-detail">
            <p class="name">tests.LoginTests :: loginWithValidData</p>
            <p class="text-sm">
              <span>2:24:07 PM</span> / <span>00:00:19:659</span>
              <span class="badge pass-bg log float-right">Pass</span>
            </p>
          </div>
          <div class="test-contents d-none">
<div class="detail-head">
<div class="p-v-10">
<div class="info">
<h5 class="test-status text-pass">tests.LoginTests :: loginWithValidData</h5>
<span class='badge badge-success'>09.25.2025 2:24:07 PM</span>
<span class='badge badge-danger'>09.25.2025 2:24:27 PM</span>
<span class='badge badge-default'>00:00:19:659</span>
&middot; <span class='uri-anchor badge badge-default'>#test-id=3</span>
<span class='badge badge-default pointer float-right ml-1 et'><i class="fa fa-chevron-down"></i></span>
<span class='badge badge-default pointer float-right ct'><i class="fa fa-chevron-up"></i></span>
</div>
</div>
</div>    <div class="row mb-3"><div class="col-md-3">
<img data-featherlight='C:\Users\kadahari\Desktop\Harika\C\Demoblaze/output/screenshots/pass/loginWithValidData_20250925_142427.png' src="C:\Users\kadahari\Desktop\Harika\C\Demoblaze/output/screenshots/pass/loginWithValidData_20250925_142427.png">
    
    </div></div>
<div class="detail-body mt-4">
<table class="table table-sm">
  <thead><tr><th class="status-col">Status</th><th class="timestamp-col">Timestamp</th><th class="details-col">Details</th></tr></thead>
  <tbody>
      <tr class="event-row">
        <td><span class="badge log info-bg">Info</span></td>
        <td>2:24:07 PM</td>
        <td>
          Test parameters: [Validuser, validPass123, true]
        </td>
      </tr>
      <tr class="event-row">
        <td><span class="badge log pass-bg">Pass</span></td>
        <td>2:24:27 PM</td>
        <td>
          Test passed
        </td>
      </tr>
  </tbody>
</table>
</div>
          </div>
        </li>
        <li class="test-item"  status="pass" test-id="4"
          author=""
          tag=""
          device="">
          <div class="test-detail">
            <p class="name">tests.LoginTests :: loginWithValidData</p>
            <p class="text-sm">
              <span>2:24:21 PM</span> / <span>00:00:06:934</span>
              <span class="badge pass-bg log float-right">Pass</span>
            </p>
          </div>
          <div class="test-contents d-none">
<div class="detail-head">
<div class="p-v-10">
<div class="info">
<h5 class="test-status text-pass">tests.LoginTests :: loginWithValidData</h5>
<span class='badge badge-success'>09.25.2025 2:24:21 PM</span>
<span class='badge badge-danger'>09.25.2025 2:24:28 PM</span>
<span class='badge badge-default'>00:00:06:934</span>
&middot; <span class='uri-anchor badge badge-default'>#test-id=4</span>
<span class='badge badge-default pointer float-right ml-1 et'><i class="fa fa-chevron-down"></i></span>
<span class='badge badge-default pointer float-right ct'><i class="fa fa-chevron-up"></i></span>
</div>
</div>
</div>    <div class="row mb-3"><div class="col-md-3">
<img data-featherlight='C:\Users\kadahari\Desktop\Harika\C\Demoblaze/output/screenshots/pass/loginWithValidData_20250925_142428.png' src="C:\Users\kadahari\Desktop\Harika\C\Demoblaze/output/screenshots/pass/loginWithValidData_20250925_142428.png">
    
    </div></div>
<div class="detail-body mt-4">
<table class="table table-sm">
  <thead><tr><th class="status-col">Status</th><th class="timestamp-col">Timestamp</th><th class="details-col">Details</th></tr></thead>
  <tbody>
      <tr class="event-row">
        <td><span class="badge log info-bg">Info</span></td>
        <td>2:24:21 PM</td>
        <td>
          Test parameters: [Validuser, validPass123, true]
        </td>
      </tr>
      <tr class="event-row">
        <td><span class="badge log pass-bg">Pass</span></td>
        <td>2:24:28 PM</td>
        <td>
          Test passed
        </td>
      </tr>
  </tbody>
</table>
</div>
          </div>
        </li>
        <li class="test-item"  status="pass" test-id="5"
          author=""
          tag=""
          device="">
          <div class="test-detail">
            <p class="name">tests.LoginTests :: loginWithValidData</p>
            <p class="text-sm">
              <span>2:24:35 PM</span> / <span>00:00:15:954</span>
              <span class="badge pass-bg log float-right">Pass</span>
            </p>
          </div>
          <div class="test-contents d-none">
<div class="detail-head">
<div class="p-v-10">
<div class="info">
<h5 class="test-status text-pass">tests.LoginTests :: loginWithValidData</h5>
<span class='badge badge-success'>09.25.2025 2:24:35 PM</span>
<span class='badge badge-danger'>09.25.2025 2:24:51 PM</span>
<span class='badge badge-default'>00:00:15:954</span>
&middot; <span class='uri-anchor badge badge-default'>#test-id=5</span>
<span class='badge badge-default pointer float-right ml-1 et'><i class="fa fa-chevron-down"></i></span>
<span class='badge badge-default pointer float-right ct'><i class="fa fa-chevron-up"></i></span>
</div>
</div>
</div>    <div class="row mb-3"><div class="col-md-3">
<img data-featherlight='C:\Users\kadahari\Desktop\Harika\C\Demoblaze/output/screenshots/pass/loginWithValidData_20250925_142450.png' src="C:\Users\kadahari\Desktop\Harika\C\Demoblaze/output/screenshots/pass/loginWithValidData_20250925_142450.png">
    
    </div></div>
<div class="detail-body mt-4">
<table class="table table-sm">
  <thead><tr><th class="status-col">Status</th><th class="timestamp-col">Timestamp</th><th class="details-col">Details</th></tr></thead>
  <tbody>
      <tr class="event-row">
        <td><span class="badge log info-bg">Info</span></td>
        <td>2:24:35 PM</td>
        <td>
          Test parameters: [Validuser_100, valid, true]
        </td>
      </tr>
      <tr class="event-row">
        <td><span class="badge log pass-bg">Pass</span></td>
        <td>2:24:51 PM</td>
        <td>
          Test passed
        </td>
      </tr>
  </tbody>
</table>
</div>
          </div>
        </li>
        <li class="test-item"  status="pass" test-id="6"
          author=""
          tag=""
          device="">
          <div class="test-detail">
            <p class="name">tests.LoginTests :: loginWithValidData</p>
            <p class="text-sm">
              <span>2:24:49 PM</span> / <span>00:00:07:821</span>
              <span class="badge pass-bg log float-right">Pass</span>
            </p>
          </div>
          <div class="test-contents d-none">
<div class="detail-head">
<div class="p-v-10">
<div class="info">
<h5 class="test-status text-pass">tests.LoginTests :: loginWithValidData</h5>
<span class='badge badge-success'>09.25.2025 2:24:49 PM</span>
<span class='badge badge-danger'>09.25.2025 2:24:57 PM</span>
<span class='badge badge-default'>00:00:07:821</span>
&middot; <span class='uri-anchor badge badge-default'>#test-id=6</span>
<span class='badge badge-default pointer float-right ml-1 et'><i class="fa fa-chevron-down"></i></span>
<span class='badge badge-default pointer float-right ct'><i class="fa fa-chevron-up"></i></span>
</div>
</div>
</div>    <div class="row mb-3"><div class="col-md-3">
<img data-featherlight='C:\Users\kadahari\Desktop\Harika\C\Demoblaze/output/screenshots/pass/loginWithValidData_20250925_142457.png' src="C:\Users\kadahari\Desktop\Harika\C\Demoblaze/output/screenshots/pass/loginWithValidData_20250925_142457.png">
    
    </div></div>
<div class="detail-body mt-4">
<table class="table table-sm">
  <thead><tr><th class="status-col">Status</th><th class="timestamp-col">Timestamp</th><th class="details-col">Details</th></tr></thead>
  <tbody>
      <tr class="event-row">
        <td><span class="badge log info-bg">Info</span></td>
        <td>2:24:49 PM</td>
        <td>
          Test parameters: [Validuser_100, valid, true]
        </td>
      </tr>
      <tr class="event-row">
        <td><span class="badge log pass-bg">Pass</span></td>
        <td>2:24:57 PM</td>
        <td>
          Test passed
        </td>
      </tr>
  </tbody>
</table>
</div>
          </div>
        </li>
        <li class="test-item"  status="pass" test-id="7"
          author=""
          tag=""
          device="">
          <div class="test-detail">
            <p class="name">tests.LoginTests :: loginWithInvalidData</p>
            <p class="text-sm">
              <span>2:25:01 PM</span> / <span>00:00:06:063</span>
              <span class="badge pass-bg log float-right">Pass</span>
            </p>
          </div>
          <div class="test-contents d-none">
<div class="detail-head">
<div class="p-v-10">
<div class="info">
<h5 class="test-status text-pass">tests.LoginTests :: loginWithInvalidData</h5>
<span class='badge badge-success'>09.25.2025 2:25:01 PM</span>
<span class='badge badge-danger'>09.25.2025 2:25:07 PM</span>
<span class='badge badge-default'>00:00:06:063</span>
&middot; <span class='uri-anchor badge badge-default'>#test-id=7</span>
<span class='badge badge-default pointer float-right ml-1 et'><i class="fa fa-chevron-down"></i></span>
<span class='badge badge-default pointer float-right ct'><i class="fa fa-chevron-up"></i></span>
</div>
</div>
</div>    <div class="row mb-3"><div class="col-md-3">
<img data-featherlight='C:\Users\kadahari\Desktop\Harika\C\Demoblaze/output/screenshots/pass/loginWithInvalidData_20250925_142507.png' src="C:\Users\kadahari\Desktop\Harika\C\Demoblaze/output/screenshots/pass/loginWithInvalidData_20250925_142507.png">
    
    </div></div>
<div class="detail-body mt-4">
<table class="table table-sm">
  <thead><tr><th class="status-col">Status</th><th class="timestamp-col">Timestamp</th><th class="details-col">Details</th></tr></thead>
  <tbody>
      <tr class="event-row">
        <td><span class="badge log info-bg">Info</span></td>
        <td>2:25:01 PM</td>
        <td>
          Test parameters: [invalidUser, validPass@123, false]
        </td>
      </tr>
      <tr class="event-row">
        <td><span class="badge log pass-bg">Pass</span></td>
        <td>2:25:07 PM</td>
        <td>
          Test passed
        </td>
      </tr>
  </tbody>
</table>
</div>
          </div>
        </li>
        <li class="test-item"  status="pass" test-id="8"
          author=""
          tag=""
          device="">
          <div class="test-detail">
            <p class="name">tests.LoginTests :: loginWithInvalidData</p>
            <p class="text-sm">
              <span>2:25:15 PM</span> / <span>00:00:08:399</span>
              <span class="badge pass-bg log float-right">Pass</span>
            </p>
          </div>
          <div class="test-contents d-none">
<div class="detail-head">
<div class="p-v-10">
<div class="info">
<h5 class="test-status text-pass">tests.LoginTests :: loginWithInvalidData</h5>
<span class='badge badge-success'>09.25.2025 2:25:15 PM</span>
<span class='badge badge-danger'>09.25.2025 2:25:23 PM</span>
<span class='badge badge-default'>00:00:08:399</span>
&middot; <span class='uri-anchor badge badge-default'>#test-id=8</span>
<span class='badge badge-default pointer float-right ml-1 et'><i class="fa fa-chevron-down"></i></span>
<span class='badge badge-default pointer float-right ct'><i class="fa fa-chevron-up"></i></span>
</div>
</div>
</div>    <div class="row mb-3"><div class="col-md-3">
<img data-featherlight='C:\Users\kadahari\Desktop\Harika\C\Demoblaze/output/screenshots/pass/loginWithInvalidData_20250925_142523.png' src="C:\Users\kadahari\Desktop\Harika\C\Demoblaze/output/screenshots/pass/loginWithInvalidData_20250925_142523.png">
    
    </div></div>
<div class="detail-body mt-4">
<table class="table table-sm">
  <thead><tr><th class="status-col">Status</th><th class="timestamp-col">Timestamp</th><th class="details-col">Details</th></tr></thead>
  <tbody>
      <tr class="event-row">
        <td><span class="badge log info-bg">Info</span></td>
        <td>2:25:15 PM</td>
        <td>
          Test parameters: [Validuser1, ValidPass@123, false]
        </td>
      </tr>
      <tr class="event-row">
        <td><span class="badge log pass-bg">Pass</span></td>
        <td>2:25:23 PM</td>
        <td>
          Test passed
        </td>
      </tr>
  </tbody>
</table>
</div>
          </div>
        </li>
        <li class="test-item"  status="pass" test-id="9"
          author=""
          tag=""
          device="">
          <div class="test-detail">
            <p class="name">tests.LoginTests :: loginWithInvalidData</p>
            <p class="text-sm">
              <span>2:25:25 PM</span> / <span>00:00:03:301</span>
              <span class="badge pass-bg log float-right">Pass</span>
            </p>
          </div>
          <div class="test-contents d-none">
<div class="detail-head">
<div class="p-v-10">
<div class="info">
<h5 class="test-status text-pass">tests.LoginTests :: loginWithInvalidData</h5>
<span class='badge badge-success'>09.25.2025 2:25:25 PM</span>
<span class='badge badge-danger'>09.25.2025 2:25:29 PM</span>
<span class='badge badge-default'>00:00:03:301</span>
&middot; <span class='uri-anchor badge badge-default'>#test-id=9</span>
<span class='badge badge-default pointer float-right ml-1 et'><i class="fa fa-chevron-down"></i></span>
<span class='badge badge-default pointer float-right ct'><i class="fa fa-chevron-up"></i></span>
</div>
</div>
</div>    <div class="row mb-3"><div class="col-md-3">
<img data-featherlight='C:\Users\kadahari\Desktop\Harika\C\Demoblaze/output/screenshots/pass/loginWithInvalidData_20250925_142529.png' src="C:\Users\kadahari\Desktop\Harika\C\Demoblaze/output/screenshots/pass/loginWithInvalidData_20250925_142529.png">
    
    </div></div>
<div class="detail-body mt-4">
<table class="table table-sm">
  <thead><tr><th class="status-col">Status</th><th class="timestamp-col">Timestamp</th><th class="details-col">Details</th></tr></thead>
  <tbody>
      <tr class="event-row">
        <td><span class="badge log info-bg">Info</span></td>
        <td>2:25:25 PM</td>
        <td>
          Test parameters: [invalidUser, validPass@123, false]
        </td>
      </tr>
      <tr class="event-row">
        <td><span class="badge log pass-bg">Pass</span></td>
        <td>2:25:29 PM</td>
        <td>
          Test passed
        </td>
      </tr>
  </tbody>
</table>
</div>
          </div>
        </li>
        <li class="test-item"  status="pass" test-id="10"
          author=""
          tag=""
          device="">
          <div class="test-detail">
            <p class="name">tests.LoginTests :: loginWithInvalidData</p>
            <p class="text-sm">
              <span>2:25:36 PM</span> / <span>00:00:08:508</span>
              <span class="badge pass-bg log float-right">Pass</span>
            </p>
          </div>
          <div class="test-contents d-none">
<div class="detail-head">
<div class="p-v-10">
<div class="info">
<h5 class="test-status text-pass">tests.LoginTests :: loginWithInvalidData</h5>
<span class='badge badge-success'>09.25.2025 2:25:36 PM</span>
<span class='badge badge-danger'>09.25.2025 2:25:45 PM</span>
<span class='badge badge-default'>00:00:08:508</span>
&middot; <span class='uri-anchor badge badge-default'>#test-id=10</span>
<span class='badge badge-default pointer float-right ml-1 et'><i class="fa fa-chevron-down"></i></span>
<span class='badge badge-default pointer float-right ct'><i class="fa fa-chevron-up"></i></span>
</div>
</div>
</div>    <div class="row mb-3"><div class="col-md-3">
<img data-featherlight='C:\Users\kadahari\Desktop\Harika\C\Demoblaze/output/screenshots/pass/loginWithInvalidData_20250925_142545.png' src="C:\Users\kadahari\Desktop\Harika\C\Demoblaze/output/screenshots/pass/loginWithInvalidData_20250925_142545.png">
    
    </div></div>
<div class="detail-body mt-4">
<table class="table table-sm">
  <thead><tr><th class="status-col">Status</th><th class="timestamp-col">Timestamp</th><th class="details-col">Details</th></tr></thead>
  <tbody>
      <tr class="event-row">
        <td><span class="badge log info-bg">Info</span></td>
        <td>2:25:36 PM</td>
        <td>
          Test parameters: [invalidUser, wrongPass, false]
        </td>
      </tr>
      <tr class="event-row">
        <td><span class="badge log pass-bg">Pass</span></td>
        <td>2:25:45 PM</td>
        <td>
          Test passed
        </td>
      </tr>
  </tbody>
</table>
</div>
          </div>
        </li>
        <li class="test-item"  status="pass" test-id="11"
          author=""
          tag=""
          device="">
          <div class="test-detail">
            <p class="name">tests.LoginTests :: loginWithInvalidData</p>
            <p class="text-sm">
              <span>2:25:52 PM</span> / <span>00:00:04:934</span>
              <span class="badge pass-bg log float-right">Pass</span>
            </p>
          </div>
          <div class="test-contents d-none">
<div class="detail-head">
<div class="p-v-10">
<div class="info">
<h5 class="test-status text-pass">tests.LoginTests :: loginWithInvalidData</h5>
<span class='badge badge-success'>09.25.2025 2:25:52 PM</span>
<span class='badge badge-danger'>09.25.2025 2:25:57 PM</span>
<span class='badge badge-default'>00:00:04:934</span>
&middot; <span class='uri-anchor badge badge-default'>#test-id=11</span>
<span class='badge badge-default pointer float-right ml-1 et'><i class="fa fa-chevron-down"></i></span>
<span class='badge badge-default pointer float-right ct'><i class="fa fa-chevron-up"></i></span>
</div>
</div>
</div>    <div class="row mb-3"><div class="col-md-3">
<img data-featherlight='C:\Users\kadahari\Desktop\Harika\C\Demoblaze/output/screenshots/pass/loginWithInvalidData_20250925_142557.png' src="C:\Users\kadahari\Desktop\Harika\C\Demoblaze/output/screenshots/pass/loginWithInvalidData_20250925_142557.png">
    
    </div></div>
<div class="detail-body mt-4">
<table class="table table-sm">
  <thead><tr><th class="status-col">Status</th><th class="timestamp-col">Timestamp</th><th class="details-col">Details</th></tr></thead>
  <tbody>
      <tr class="event-row">
        <td><span class="badge log info-bg">Info</span></td>
        <td>2:25:52 PM</td>
        <td>
          Test parameters: [Validuser1, ValidPass@123, false]
        </td>
      </tr>
      <tr class="event-row">
        <td><span class="badge log pass-bg">Pass</span></td>
        <td>2:25:57 PM</td>
        <td>
          Test passed
        </td>
      </tr>
  </tbody>
</table>
</div>
          </div>
        </li>
        <li class="test-item"  status="pass" test-id="12"
          author=""
          tag=""
          device="">
          <div class="test-detail">
            <p class="name">tests.LoginTests :: loginWithEmptyFields</p>
            <p class="text-sm">
              <span>2:25:57 PM</span> / <span>00:00:07:191</span>
              <span class="badge pass-bg log float-right">Pass</span>
            </p>
          </div>
          <div class="test-contents d-none">
<div class="detail-head">
<div class="p-v-10">
<div class="info">
<h5 class="test-status text-pass">tests.LoginTests :: loginWithEmptyFields</h5>
<span class='badge badge-success'>09.25.2025 2:25:57 PM</span>
<span class='badge badge-danger'>09.25.2025 2:26:04 PM</span>
<span class='badge badge-default'>00:00:07:191</span>
&middot; <span class='uri-anchor badge badge-default'>#test-id=12</span>
<span class='badge badge-default pointer float-right ml-1 et'><i class="fa fa-chevron-down"></i></span>
<span class='badge badge-default pointer float-right ct'><i class="fa fa-chevron-up"></i></span>
</div>
</div>
</div>    <div class="row mb-3"><div class="col-md-3">
<img data-featherlight='C:\Users\kadahari\Desktop\Harika\C\Demoblaze/output/screenshots/pass/loginWithEmptyFields_20250925_142604.png' src="C:\Users\kadahari\Desktop\Harika\C\Demoblaze/output/screenshots/pass/loginWithEmptyFields_20250925_142604.png">
    
    </div></div>
<div class="detail-body mt-4">
<table class="table table-sm">
  <thead><tr><th class="status-col">Status</th><th class="timestamp-col">Timestamp</th><th class="details-col">Details</th></tr></thead>
  <tbody>
      <tr class="event-row">
        <td><span class="badge log info-bg">Info</span></td>
        <td>2:25:57 PM</td>
        <td>
          Test parameters: [Validuser1, , true]
        </td>
      </tr>
      <tr class="event-row">
        <td><span class="badge log pass-bg">Pass</span></td>
        <td>2:26:04 PM</td>
        <td>
          Test passed
        </td>
      </tr>
  </tbody>
</table>
</div>
          </div>
        </li>
        <li class="test-item"  status="pass" test-id="13"
          author=""
          tag=""
          device="">
          <div class="test-detail">
            <p class="name">tests.LoginTests :: loginWithEmptyFields</p>
            <p class="text-sm">
              <span>2:26:12 PM</span> / <span>00:00:04:799</span>
              <span class="badge pass-bg log float-right">Pass</span>
            </p>
          </div>
          <div class="test-contents d-none">
<div class="detail-head">
<div class="p-v-10">
<div class="info">
<h5 class="test-status text-pass">tests.LoginTests :: loginWithEmptyFields</h5>
<span class='badge badge-success'>09.25.2025 2:26:12 PM</span>
<span class='badge badge-danger'>09.25.2025 2:26:17 PM</span>
<span class='badge badge-default'>00:00:04:799</span>
&middot; <span class='uri-anchor badge badge-default'>#test-id=13</span>
<span class='badge badge-default pointer float-right ml-1 et'><i class="fa fa-chevron-down"></i></span>
<span class='badge badge-default pointer float-right ct'><i class="fa fa-chevron-up"></i></span>
</div>
</div>
</div>    <div class="row mb-3"><div class="col-md-3">
<img data-featherlight='C:\Users\kadahari\Desktop\Harika\C\Demoblaze/output/screenshots/pass/loginWithEmptyFields_20250925_142617.png' src="C:\Users\kadahari\Desktop\Harika\C\Demoblaze/output/screenshots/pass/loginWithEmptyFields_20250925_142617.png">
    
    </div></div>
<div class="detail-body mt-4">
<table class="table table-sm">
  <thead><tr><th class="status-col">Status</th><th class="timestamp-col">Timestamp</th><th class="details-col">Details</th></tr></thead>
  <tbody>
      <tr class="event-row">
        <td><span class="badge log info-bg">Info</span></td>
        <td>2:26:12 PM</td>
        <td>
          Test parameters: [, , true]
        </td>
      </tr>
      <tr class="event-row">
        <td><span class="badge log pass-bg">Pass</span></td>
        <td>2:26:17 PM</td>
        <td>
          Test passed
        </td>
      </tr>
  </tbody>
</table>
</div>
          </div>
        </li>
        <li class="test-item"  status="pass" test-id="14"
          author=""
          tag=""
          device="">
          <div class="test-detail">
            <p class="name">tests.LoginTests :: loginWithInvalidData</p>
            <p class="text-sm">
              <span>2:26:24 PM</span> / <span>00:00:06:170</span>
              <span class="badge pass-bg log float-right">Pass</span>
            </p>
          </div>
          <div class="test-contents d-none">
<div class="detail-head">
<div class="p-v-10">
<div class="info">
<h5 class="test-status text-pass">tests.LoginTests :: loginWithInvalidData</h5>
<span class='badge badge-success'>09.25.2025 2:26:24 PM</span>
<span class='badge badge-danger'>09.25.2025 2:26:30 PM</span>
<span class='badge badge-default'>00:00:06:170</span>
&middot; <span class='uri-anchor badge badge-default'>#test-id=14</span>
<span class='badge badge-default pointer float-right ml-1 et'><i class="fa fa-chevron-down"></i></span>
<span class='badge badge-default pointer float-right ct'><i class="fa fa-chevron-up"></i></span>
</div>
</div>
</div>    <div class="row mb-3"><div class="col-md-3">
<img data-featherlight='C:\Users\kadahari\Desktop\Harika\C\Demoblaze/output/screenshots/pass/loginWithInvalidData_20250925_142630.png' src="C:\Users\kadahari\Desktop\Harika\C\Demoblaze/output/screenshots/pass/loginWithInvalidData_20250925_142630.png">
    
    </div></div>
<div class="detail-body mt-4">
<table class="table table-sm">
  <thead><tr><th class="status-col">Status</th><th class="timestamp-col">Timestamp</th><th class="details-col">Details</th></tr></thead>
  <tbody>
      <tr class="event-row">
        <td><span class="badge log info-bg">Info</span></td>
        <td>2:26:24 PM</td>
        <td>
          Test parameters: [invalidUser, wrongPass, false]
        </td>
      </tr>
      <tr class="event-row">
        <td><span class="badge log pass-bg">Pass</span></td>
        <td>2:26:30 PM</td>
        <td>
          Test passed
        </td>
      </tr>
  </tbody>
</table>
</div>
          </div>
        </li>
        <li class="test-item"  status="fail" test-id="15"
          author=""
          tag=""
          device="">
          <div class="test-detail">
            <p class="name">tests.RegistrationTest :: testSignUp</p>
            <p class="text-sm">
              <span>2:26:25 PM</span> / <span>00:00:08:574</span>
              <span class="badge fail-bg log float-right">Fail</span>
            </p>
          </div>
          <div class="test-contents d-none">
<div class="detail-head">
<div class="p-v-10">
<div class="info">
<h5 class="test-status text-fail">tests.RegistrationTest :: testSignUp</h5>
<span class='badge badge-success'>09.25.2025 2:26:25 PM</span>
<span class='badge badge-danger'>09.25.2025 2:26:34 PM</span>
<span class='badge badge-default'>00:00:08:574</span>
&middot; <span class='uri-anchor badge badge-default'>#test-id=15</span>
<span class='badge badge-default pointer float-right ml-1 et'><i class="fa fa-chevron-down"></i></span>
<span class='badge badge-default pointer float-right ct'><i class="fa fa-chevron-up"></i></span>
</div>
</div>
</div>    <div class="row mb-3"><div class="col-md-3">
<img data-featherlight='C:\Users\kadahari\Desktop\Harika\C\Demoblaze/output/screenshots/fail/testSignUp_20250925_142633.png' src="C:\Users\kadahari\Desktop\Harika\C\Demoblaze/output/screenshots/fail/testSignUp_20250925_142633.png">
    
    </div></div>
<div class="detail-body mt-4">
<table class="table table-sm">
  <thead><tr><th class="status-col">Status</th><th class="timestamp-col">Timestamp</th><th class="details-col">Details</th></tr></thead>
  <tbody>
      <tr class="event-row">
        <td><span class="badge log info-bg">Info</span></td>
        <td>2:26:25 PM</td>
        <td>
          Test parameters: [Validuser13, ValidPass@123, true]
        </td>
      </tr>
      <tr class="event-row">
        <td><span class="badge log fail-bg">Fail</span></td>
        <td>2:26:33 PM</td>
        <td>
          <textarea readonly class="code-block">java.lang.AssertionError: Testcase failed. Registration blocked: User already exists.
	at org.testng.Assert.fail(Assert.java:111)
	at tests.RegistrationTest.testSignUp(RegistrationTest.java:65)
	at java.base/jdk.internal.reflect.DirectMethodHandleAccessor.invoke(DirectMethodHandleAccessor.java:103)
	at java.base/java.lang.reflect.Method.invoke(Method.java:580)
	at org.testng.internal.invokers.MethodInvocationHelper.invokeMethod(MethodInvocationHelper.java:139)
	at org.testng.internal.invokers.TestInvoker.invokeMethod(TestInvoker.java:664)
	at org.testng.internal.invokers.TestInvoker.invokeTestMethod(TestInvoker.java:228)
	at org.testng.internal.invokers.MethodRunner.runInSequence(MethodRunner.java:63)
	at org.testng.internal.invokers.TestInvoker$MethodInvocationAgent.invoke(TestInvoker.java:961)
	at org.testng.internal.invokers.TestInvoker.invokeTestMethods(TestInvoker.java:201)
	at org.testng.internal.invokers.TestMethodWorker.invokeTestMethods(TestMethodWorker.java:148)
	at org.testng.internal.invokers.TestMethodWorker.run(TestMethodWorker.java:128)
	at java.base/java.util.ArrayList.forEach(ArrayList.java:1597)
	at org.testng.TestRunner.privateRun(TestRunner.java:819)
	at org.testng.TestRunner.run(TestRunner.java:619)
	at org.testng.SuiteRunner.runTest(SuiteRunner.java:443)
	at org.testng.SuiteRunner$SuiteWorker.run(SuiteRunner.java:481)
	at org.testng.internal.thread.ThreadUtil.lambda$execute$0(ThreadUtil.java:58)
	at java.base/java.util.concurrent.FutureTask.run$$$capture(FutureTask.java:317)
	at java.base/java.util.concurrent.FutureTask.run(FutureTask.java)
	at --- Async.Stack.Trace --- (captured by IntelliJ IDEA debugger)
	at java.base/java.util.concurrent.FutureTask.<init>(FutureTask.java:132)
	at java.base/java.util.concurrent.AbstractExecutorService.newTaskFor(AbstractExecutorService.java:113)
	at java.base/java.util.concurrent.AbstractExecutorService.invokeAll(AbstractExecutorService.java:305)
	at org.testng.internal.thread.ThreadUtil.execute(ThreadUtil.java:64)
	at org.testng.SuiteRunner.runInParallelTestMode(SuiteRunner.java:464)
	at org.testng.SuiteRunner.privateRun(SuiteRunner.java:395)
	at org.testng.SuiteRunner.run(SuiteRunner.java:336)
	at org.testng.SuiteRunnerWorker.runSuite(SuiteRunnerWorker.java:52)
	at org.testng.SuiteRunnerWorker.run(SuiteRunnerWorker.java:95)
	at org.testng.TestNG.runSuitesSequentially(TestNG.java:1301)
	at org.testng.TestNG.runSuitesLocally(TestNG.java:1228)
	at org.testng.TestNG.runSuites(TestNG.java:1134)
	at org.testng.TestNG.run(TestNG.java:1101)
	at com.intellij.rt.testng.IDEARemoteTestNG.run(IDEARemoteTestNG.java:65)
	at com.intellij.rt.testng.RemoteTestNGStarter.main(RemoteTestNGStarter.java:105)
</textarea>
          
        </td>
      </tr>
  </tbody>
</table>
</div>
          </div>
        </li>
        <li class="test-item"  status="fail" test-id="16"
          author=""
          tag=""
          device="">
          <div class="test-detail">
            <p class="name">tests.SearchTests :: testSearchByCategory</p>
            <p class="text-sm">
              <span>2:26:42 PM</span> / <span>00:00:02:370</span>
              <span class="badge fail-bg log float-right">Fail</span>
            </p>
          </div>
          <div class="test-contents d-none">
<div class="detail-head">
<div class="p-v-10">
<div class="info">
<h5 class="test-status text-fail">tests.SearchTests :: testSearchByCategory</h5>
<span class='badge badge-success'>09.25.2025 2:26:42 PM</span>
<span class='badge badge-danger'>09.25.2025 2:26:45 PM</span>
<span class='badge badge-default'>00:00:02:370</span>
&middot; <span class='uri-anchor badge badge-default'>#test-id=16</span>
<span class='badge badge-default pointer float-right ml-1 et'><i class="fa fa-chevron-down"></i></span>
<span class='badge badge-default pointer float-right ct'><i class="fa fa-chevron-up"></i></span>
</div>
</div>
</div>    <div class="row mb-3"><div class="col-md-3">
<img data-featherlight='C:\Users\kadahari\Desktop\Harika\C\Demoblaze/output/screenshots/fail/testSearchByCategory_20250925_142645.png' src="C:\Users\kadahari\Desktop\Harika\C\Demoblaze/output/screenshots/fail/testSearchByCategory_20250925_142645.png">
    
    </div></div>
<div class="detail-body mt-4">
<table class="table table-sm">
  <thead><tr><th class="status-col">Status</th><th class="timestamp-col">Timestamp</th><th class="details-col">Details</th></tr></thead>
  <tbody>
      <tr class="event-row">
        <td><span class="badge log info-bg">Info</span></td>
        <td>2:26:42 PM</td>
        <td>
          Test parameters: [Apple monitor 24, Monitors]
        </td>
      </tr>
      <tr class="event-row">
        <td><span class="badge log fail-bg">Fail</span></td>
        <td>2:26:45 PM</td>
        <td>
          <textarea readonly class="code-block">org.openqa.selenium.StaleElementReferenceException: stale element reference: stale element not found in the current frame
  (Session info: chrome=140.0.7339.186)
For documentation on this error, please visit: https://www.selenium.dev/documentation/webdriver/troubleshooting/errors#stale-element-reference-exception
Build info: version: '4.15.0', revision: '1d14b5521b'
System info: os.name: 'Windows 11', os.arch: 'amd64', os.version: '10.0', java.version: '23.0.2'
Driver info: org.openqa.selenium.chrome.ChromeDriver
Command: [463bfcc87e90862a5cbae2fd1c794196, getElementText {id=f.CCA2FD9BDB6F1E1D1132950DCB97BC54.d.726D322B0E9464437DB5EC3B6758B699.e.95}]
Capabilities {acceptInsecureCerts: false, browserName: chrome, browserVersion: 140.0.7339.186, chrome: {chromedriverVersion: 140.0.7339.207 (17230b545fd..., userDataDir: C:\Users\kadahari\AppData\L...}, fedcm:accounts: true, goog:chromeOptions: {debuggerAddress: localhost:58548}, networkConnectionEnabled: false, pageLoadStrategy: normal, platformName: windows, proxy: Proxy(), se:cdp: ws://localhost:58548/devtoo..., se:cdpVersion: 140.0.7339.186, setWindowRect: true, strictFileInteractability: false, timeouts: {implicit: 0, pageLoad: 300000, script: 30000}, unhandledPromptBehavior: dismiss and notify, webauthn:extension:credBlob: true, webauthn:extension:largeBlob: true, webauthn:extension:minPinLength: true, webauthn:extension:prf: true, webauthn:virtualAuthenticators: true}
Element: [[ChromeDriver: chrome on windows (463bfcc87e90862a5cbae2fd1c794196)] -> css selector: .card-title]
Session ID: 463bfcc87e90862a5cbae2fd1c794196
	at java.base/jdk.internal.reflect.DirectConstructorHandleAccessor.newInstance(DirectConstructorHandleAccessor.java:62)
	at java.base/java.lang.reflect.Constructor.newInstanceWithCaller(Constructor.java:501)
	at java.base/java.lang.reflect.Constructor.newInstance(Constructor.java:485)
	at org.openqa.selenium.remote.codec.w3c.W3CHttpResponseCodec.createException(W3CHttpResponseCodec.java:200)
	at org.openqa.selenium.remote.codec.w3c.W3CHttpResponseCodec.decode(W3CHttpResponseCodec.java:133)
	at org.openqa.selenium.remote.codec.w3c.W3CHttpResponseCodec.decode(W3CHttpResponseCodec.java:52)
	at org.openqa.selenium.remote.HttpCommandExecutor.execute(HttpCommandExecutor.java:191)
	at org.openqa.selenium.remote.service.DriverCommandExecutor.invokeExecute(DriverCommandExecutor.java:200)
	at org.openqa.selenium.remote.service.DriverCommandExecutor.execute(DriverCommandExecutor.java:175)
	at org.openqa.selenium.remote.RemoteWebDriver.execute(RemoteWebDriver.java:607)
	at org.openqa.selenium.remote.RemoteWebElement.execute(RemoteWebElement.java:224)
	at org.openqa.selenium.remote.RemoteWebElement.getText(RemoteWebElement.java:192)
	at pages.HomePage.lambda$getProductElement$1(HomePage.java:92)
	at java.base/java.util.stream.ReferencePipeline$2$1.accept(ReferencePipeline.java:196)
	at java.base/java.util.ArrayList$ArrayListSpliterator.tryAdvance(ArrayList.java:1686)
	at java.base/java.util.stream.ReferencePipeline.forEachWithCancel(ReferencePipeline.java:147)
	at java.base/java.util.stream.AbstractPipeline.copyIntoWithCancel(AbstractPipeline.java:588)
	at java.base/java.util.stream.AbstractPipeline.copyInto(AbstractPipeline.java:574)
	at java.base/java.util.stream.AbstractPipeline.wrapAndCopyInto(AbstractPipeline.java:560)
	at java.base/java.util.stream.FindOps$FindOp.evaluateSequential(FindOps.java:150)
	at java.base/java.util.stream.AbstractPipeline.evaluate(AbstractPipeline.java:265)
	at java.base/java.util.stream.ReferencePipeline.findFirst(ReferencePipeline.java:687)
	at pages.HomePage.getProductElement(HomePage.java:93)
	at tests.SearchTests.testSearchByCategory(SearchTests.java:87)
	at java.base/jdk.internal.reflect.DirectMethodHandleAccessor.invoke(DirectMethodHandleAccessor.java:103)
	at java.base/java.lang.reflect.Method.invoke(Method.java:580)
	at org.testng.internal.invokers.MethodInvocationHelper.invokeMethod(MethodInvocationHelper.java:139)
	at org.testng.internal.invokers.TestInvoker.invokeMethod(TestInvoker.java:664)
	at org.testng.internal.invokers.TestInvoker.invokeTestMethod(TestInvoker.java:228)
	at org.testng.internal.invokers.MethodRunner.runInSequence(MethodRunner.java:63)
	at org.testng.internal.invokers.TestInvoker$MethodInvocationAgent.invoke(TestInvoker.java:961)
	at org.testng.internal.invokers.TestInvoker.invokeTestMethods(TestInvoker.java:201)
	at org.testng.internal.invokers.TestMethodWorker.invokeTestMethods(TestMethodWorker.java:148)
	at org.testng.internal.invokers.TestMethodWorker.run(TestMethodWorker.java:128)
	at java.base/java.util.ArrayList.forEach(ArrayList.java:1597)
	at org.testng.TestRunner.privateRun(TestRunner.java:819)
	at org.testng.TestRunner.run(TestRunner.java:619)
	at org.testng.SuiteRunner.runTest(SuiteRunner.java:443)
	at org.testng.SuiteRunner$SuiteWorker.run(SuiteRunner.java:481)
	at org.testng.internal.thread.ThreadUtil.lambda$execute$0(ThreadUtil.java:58)
	at java.base/java.util.concurrent.FutureTask.run$$$capture(FutureTask.java:317)
	at java.base/java.util.concurrent.FutureTask.run(FutureTask.java)
	at --- Async.Stack.Trace --- (captured by IntelliJ IDEA debugger)
	at java.base/java.util.concurrent.FutureTask.<init>(FutureTask.java:132)
	at java.base/java.util.concurrent.AbstractExecutorService.newTaskFor(AbstractExecutorService.java:113)
	at java.base/java.util.concurrent.AbstractExecutorService.invokeAll(AbstractExecutorService.java:305)
	at org.testng.internal.thread.ThreadUtil.execute(ThreadUtil.java:64)
	at org.testng.SuiteRunner.runInParallelTestMode(SuiteRunner.java:464)
	at org.testng.SuiteRunner.privateRun(SuiteRunner.java:395)
	at org.testng.SuiteRunner.run(SuiteRunner.java:336)
	at org.testng.SuiteRunnerWorker.runSuite(SuiteRunnerWorker.java:52)
	at org.testng.SuiteRunnerWorker.run(SuiteRunnerWorker.java:95)
	at org.testng.TestNG.runSuitesSequentially(TestNG.java:1301)
	at org.testng.TestNG.runSuitesLocally(TestNG.java:1228)
	at org.testng.TestNG.runSuites(TestNG.java:1134)
	at org.testng.TestNG.run(TestNG.java:1101)
	at com.intellij.rt.testng.IDEARemoteTestNG.run(IDEARemoteTestNG.java:65)
	at com.intellij.rt.testng.RemoteTestNGStarter.main(RemoteTestNGStarter.java:105)
</textarea>
          
        </td>
      </tr>
  </tbody>
</table>
</div>
          </div>
        </li>
        <li class="test-item"  status="fail" test-id="17"
          author=""
          tag=""
          device="">
          <div class="test-detail">
            <p class="name">tests.SearchTests :: testSearchByCategory</p>
            <p class="text-sm">
              <span>2:26:52 PM</span> / <span>00:00:05:971</span>
              <span class="badge fail-bg log float-right">Fail</span>
            </p>
          </div>
          <div class="test-contents d-none">
<div class="detail-head">
<div class="p-v-10">
<div class="info">
<h5 class="test-status text-fail">tests.SearchTests :: testSearchByCategory</h5>
<span class='badge badge-success'>09.25.2025 2:26:52 PM</span>
<span class='badge badge-danger'>09.25.2025 2:26:58 PM</span>
<span class='badge badge-default'>00:00:05:971</span>
&middot; <span class='uri-anchor badge badge-default'>#test-id=17</span>
<span class='badge badge-default pointer float-right ml-1 et'><i class="fa fa-chevron-down"></i></span>
<span class='badge badge-default pointer float-right ct'><i class="fa fa-chevron-up"></i></span>
</div>
</div>
</div>    <div class="row mb-3"><div class="col-md-3">
<img data-featherlight='C:\Users\kadahari\Desktop\Harika\C\Demoblaze/output/screenshots/fail/testSearchByCategory_20250925_142658.png' src="C:\Users\kadahari\Desktop\Harika\C\Demoblaze/output/screenshots/fail/testSearchByCategory_20250925_142658.png">
    
    </div></div>
<div class="detail-body mt-4">
<table class="table table-sm">
  <thead><tr><th class="status-col">Status</th><th class="timestamp-col">Timestamp</th><th class="details-col">Details</th></tr></thead>
  <tbody>
      <tr class="event-row">
        <td><span class="badge log info-bg">Info</span></td>
        <td>2:26:52 PM</td>
        <td>
          Test parameters: [ASUS Full HD, Monitors]
        </td>
      </tr>
      <tr class="event-row">
        <td><span class="badge log fail-bg">Fail</span></td>
        <td>2:26:58 PM</td>
        <td>
          <textarea readonly class="code-block">org.openqa.selenium.StaleElementReferenceException: stale element reference: stale element not found in the current frame
  (Session info: chrome=140.0.7339.186)
For documentation on this error, please visit: https://www.selenium.dev/documentation/webdriver/troubleshooting/errors#stale-element-reference-exception
Build info: version: '4.15.0', revision: '1d14b5521b'
System info: os.name: 'Windows 11', os.arch: 'amd64', os.version: '10.0', java.version: '23.0.2'
Driver info: org.openqa.selenium.chrome.ChromeDriver
Command: [da719f1cfb8d5a7b7d0ec0d78c736cc5, isElementDisplayed {id=f.69413954F8335AC76EAE80E61C036C50.d.3A203C3BA74A5354A2F51AB3E80104B4.e.97}]
Capabilities {acceptInsecureCerts: false, browserName: chrome, browserVersion: 140.0.7339.186, chrome: {chromedriverVersion: 140.0.7339.207 (17230b545fd..., userDataDir: C:\Users\kadahari\AppData\L...}, fedcm:accounts: true, goog:chromeOptions: {debuggerAddress: localhost:58584}, networkConnectionEnabled: false, pageLoadStrategy: normal, platformName: windows, proxy: Proxy(), se:cdp: ws://localhost:58584/devtoo..., se:cdpVersion: 140.0.7339.186, setWindowRect: true, strictFileInteractability: false, timeouts: {implicit: 0, pageLoad: 300000, script: 30000}, unhandledPromptBehavior: dismiss and notify, webauthn:extension:credBlob: true, webauthn:extension:largeBlob: true, webauthn:extension:minPinLength: true, webauthn:extension:prf: true, webauthn:virtualAuthenticators: true}
Element: [[ChromeDriver: chrome on windows (da719f1cfb8d5a7b7d0ec0d78c736cc5)] -> css selector: .card-title]
Session ID: da719f1cfb8d5a7b7d0ec0d78c736cc5
	at java.base/jdk.internal.reflect.DirectConstructorHandleAccessor.newInstance(DirectConstructorHandleAccessor.java:62)
	at java.base/java.lang.reflect.Constructor.newInstanceWithCaller(Constructor.java:501)
	at java.base/java.lang.reflect.Constructor.newInstance(Constructor.java:485)
	at org.openqa.selenium.remote.codec.w3c.W3CHttpResponseCodec.createException(W3CHttpResponseCodec.java:200)
	at org.openqa.selenium.remote.codec.w3c.W3CHttpResponseCodec.decode(W3CHttpResponseCodec.java:133)
	at org.openqa.selenium.remote.codec.w3c.W3CHttpResponseCodec.decode(W3CHttpResponseCodec.java:52)
	at org.openqa.selenium.remote.HttpCommandExecutor.execute(HttpCommandExecutor.java:191)
	at org.openqa.selenium.remote.service.DriverCommandExecutor.invokeExecute(DriverCommandExecutor.java:200)
	at org.openqa.selenium.remote.service.DriverCommandExecutor.execute(DriverCommandExecutor.java:175)
	at org.openqa.selenium.remote.RemoteWebDriver.execute(RemoteWebDriver.java:607)
	at org.openqa.selenium.remote.RemoteWebElement.execute(RemoteWebElement.java:224)
	at org.openqa.selenium.remote.RemoteWebElement.isDisplayed(RemoteWebElement.java:283)
	at org.openqa.selenium.support.ui.ExpectedConditions$9.apply(ExpectedConditions.java:264)
	at org.openqa.selenium.support.ui.ExpectedConditions$9.apply(ExpectedConditions.java:260)
	at org.openqa.selenium.support.ui.FluentWait.until(FluentWait.java:204)
	at tests.SearchTests.testSearchByCategory(SearchTests.java:85)
	at java.base/jdk.internal.reflect.DirectMethodHandleAccessor.invoke(DirectMethodHandleAccessor.java:103)
	at java.base/java.lang.reflect.Method.invoke(Method.java:580)
	at org.testng.internal.invokers.MethodInvocationHelper.invokeMethod(MethodInvocationHelper.java:139)
	at org.testng.internal.invokers.TestInvoker.invokeMethod(TestInvoker.java:664)
	at org.testng.internal.invokers.TestInvoker.invokeTestMethod(TestInvoker.java:228)
	at org.testng.internal.invokers.MethodRunner.runInSequence(MethodRunner.java:63)
	at org.testng.internal.invokers.TestInvoker$MethodInvocationAgent.invoke(TestInvoker.java:961)
	at org.testng.internal.invokers.TestInvoker.invokeTestMethods(TestInvoker.java:201)
	at org.testng.internal.invokers.TestMethodWorker.invokeTestMethods(TestMethodWorker.java:148)
	at org.testng.internal.invokers.TestMethodWorker.run(TestMethodWorker.java:128)
	at java.base/java.util.ArrayList.forEach(ArrayList.java:1597)
	at org.testng.TestRunner.privateRun(TestRunner.java:819)
	at org.testng.TestRunner.run(TestRunner.java:619)
	at org.testng.SuiteRunner.runTest(SuiteRunner.java:443)
	at org.testng.SuiteRunner$SuiteWorker.run(SuiteRunner.java:481)
	at org.testng.internal.thread.ThreadUtil.lambda$execute$0(ThreadUtil.java:58)
	at java.base/java.util.concurrent.FutureTask.run$$$capture(FutureTask.java:317)
	at java.base/java.util.concurrent.FutureTask.run(FutureTask.java)
	at --- Async.Stack.Trace --- (captured by IntelliJ IDEA debugger)
	at java.base/java.util.concurrent.FutureTask.<init>(FutureTask.java:132)
	at java.base/java.util.concurrent.AbstractExecutorService.newTaskFor(AbstractExecutorService.java:113)
	at java.base/java.util.concurrent.AbstractExecutorService.invokeAll(AbstractExecutorService.java:305)
	at org.testng.internal.thread.ThreadUtil.execute(ThreadUtil.java:64)
	at org.testng.SuiteRunner.runInParallelTestMode(SuiteRunner.java:464)
	at org.testng.SuiteRunner.privateRun(SuiteRunner.java:395)
	at org.testng.SuiteRunner.run(SuiteRunner.java:336)
	at org.testng.SuiteRunnerWorker.runSuite(SuiteRunnerWorker.java:52)
	at org.testng.SuiteRunnerWorker.run(SuiteRunnerWorker.java:95)
	at org.testng.TestNG.runSuitesSequentially(TestNG.java:1301)
	at org.testng.TestNG.runSuitesLocally(TestNG.java:1228)
	at org.testng.TestNG.runSuites(TestNG.java:1134)
	at org.testng.TestNG.run(TestNG.java:1101)
	at com.intellij.rt.testng.IDEARemoteTestNG.run(IDEARemoteTestNG.java:65)
	at com.intellij.rt.testng.RemoteTestNGStarter.main(RemoteTestNGStarter.java:105)
</textarea>
          
        </td>
      </tr>
  </tbody>
</table>
</div>
          </div>
        </li>
        <li class="test-item"  status="pass" test-id="18"
          author=""
          tag=""
          device="">
          <div class="test-detail">
            <p class="name">tests.LoginTests :: loginWithEmptyFields</p>
            <p class="text-sm">
              <span>2:26:58 PM</span> / <span>00:00:02:065</span>
              <span class="badge pass-bg log float-right">Pass</span>
            </p>
          </div>
          <div class="test-contents d-none">
<div class="detail-head">
<div class="p-v-10">
<div class="info">
<h5 class="test-status text-pass">tests.LoginTests :: loginWithEmptyFields</h5>
<span class='badge badge-success'>09.25.2025 2:26:58 PM</span>
<span class='badge badge-danger'>09.25.2025 2:27:00 PM</span>
<span class='badge badge-default'>00:00:02:065</span>
&middot; <span class='uri-anchor badge badge-default'>#test-id=18</span>
<span class='badge badge-default pointer float-right ml-1 et'><i class="fa fa-chevron-down"></i></span>
<span class='badge badge-default pointer float-right ct'><i class="fa fa-chevron-up"></i></span>
</div>
</div>
</div>    <div class="row mb-3"><div class="col-md-3">
<img data-featherlight='C:\Users\kadahari\Desktop\Harika\C\Demoblaze/output/screenshots/pass/loginWithEmptyFields_20250925_142700.png' src="C:\Users\kadahari\Desktop\Harika\C\Demoblaze/output/screenshots/pass/loginWithEmptyFields_20250925_142700.png">
    
    </div></div>
<div class="detail-body mt-4">
<table class="table table-sm">
  <thead><tr><th class="status-col">Status</th><th class="timestamp-col">Timestamp</th><th class="details-col">Details</th></tr></thead>
  <tbody>
      <tr class="event-row">
        <td><span class="badge log info-bg">Info</span></td>
        <td>2:26:58 PM</td>
        <td>
          Test parameters: [Validuser1, , true]
        </td>
      </tr>
      <tr class="event-row">
        <td><span class="badge log pass-bg">Pass</span></td>
        <td>2:27:00 PM</td>
        <td>
          Test passed
        </td>
      </tr>
  </tbody>
</table>
</div>
          </div>
        </li>
        <li class="test-item"  status="fail" test-id="19"
          author=""
          tag=""
          device="">
          <div class="test-detail">
            <p class="name">tests.SearchTests :: testSearchByProductName</p>
            <p class="text-sm">
              <span>2:27:06 PM</span> / <span>00:00:02:024</span>
              <span class="badge fail-bg log float-right">Fail</span>
            </p>
          </div>
          <div class="test-contents d-none">
<div class="detail-head">
<div class="p-v-10">
<div class="info">
<h5 class="test-status text-fail">tests.SearchTests :: testSearchByProductName</h5>
<span class='badge badge-success'>09.25.2025 2:27:06 PM</span>
<span class='badge badge-danger'>09.25.2025 2:27:08 PM</span>
<span class='badge badge-default'>00:00:02:024</span>
&middot; <span class='uri-anchor badge badge-default'>#test-id=19</span>
<span class='badge badge-default pointer float-right ml-1 et'><i class="fa fa-chevron-down"></i></span>
<span class='badge badge-default pointer float-right ct'><i class="fa fa-chevron-up"></i></span>
</div>
</div>
</div>    <div class="row mb-3"><div class="col-md-3">
<img data-featherlight='C:\Users\kadahari\Desktop\Harika\C\Demoblaze/output/screenshots/fail/testSearchByProductName_20250925_142708.png' src="C:\Users\kadahari\Desktop\Harika\C\Demoblaze/output/screenshots/fail/testSearchByProductName_20250925_142708.png">
    
    </div></div>
<div class="detail-body mt-4">
<table class="table table-sm">
  <thead><tr><th class="status-col">Status</th><th class="timestamp-col">Timestamp</th><th class="details-col">Details</th></tr></thead>
  <tbody>
      <tr class="event-row">
        <td><span class="badge log info-bg">Info</span></td>
        <td>2:27:06 PM</td>
        <td>
          Test parameters: [Sony xperia z5, Phones]
        </td>
      </tr>
      <tr class="event-row">
        <td><span class="badge log fail-bg">Fail</span></td>
        <td>2:27:08 PM</td>
        <td>
          <textarea readonly class="code-block">java.lang.AssertionError: TestCase failed. Product 'Sony xperia z5' is not visible.
	at org.testng.Assert.fail(Assert.java:111)
	at tests.SearchTests.testSearchByProductName(SearchTests.java:64)
	at java.base/jdk.internal.reflect.DirectMethodHandleAccessor.invoke(DirectMethodHandleAccessor.java:103)
	at java.base/java.lang.reflect.Method.invoke(Method.java:580)
	at org.testng.internal.invokers.MethodInvocationHelper.invokeMethod(MethodInvocationHelper.java:139)
	at org.testng.internal.invokers.TestInvoker.invokeMethod(TestInvoker.java:664)
	at org.testng.internal.invokers.TestInvoker.invokeTestMethod(TestInvoker.java:228)
	at org.testng.internal.invokers.MethodRunner.runInSequence(MethodRunner.java:63)
	at org.testng.internal.invokers.TestInvoker$MethodInvocationAgent.invoke(TestInvoker.java:961)
	at org.testng.internal.invokers.TestInvoker.invokeTestMethods(TestInvoker.java:201)
	at org.testng.internal.invokers.TestMethodWorker.invokeTestMethods(TestMethodWorker.java:148)
	at org.testng.internal.invokers.TestMethodWorker.run(TestMethodWorker.java:128)
	at java.base/java.util.ArrayList.forEach(ArrayList.java:1597)
	at org.testng.TestRunner.privateRun(TestRunner.java:819)
	at org.testng.TestRunner.run(TestRunner.java:619)
	at org.testng.SuiteRunner.runTest(SuiteRunner.java:443)
	at org.testng.SuiteRunner$SuiteWorker.run(SuiteRunner.java:481)
	at org.testng.internal.thread.ThreadUtil.lambda$execute$0(ThreadUtil.java:58)
	at java.base/java.util.concurrent.FutureTask.run$$$capture(FutureTask.java:317)
	at java.base/java.util.concurrent.FutureTask.run(FutureTask.java)
	at --- Async.Stack.Trace --- (captured by IntelliJ IDEA debugger)
	at java.base/java.util.concurrent.FutureTask.<init>(FutureTask.java:132)
	at java.base/java.util.concurrent.AbstractExecutorService.newTaskFor(AbstractExecutorService.java:113)
	at java.base/java.util.concurrent.AbstractExecutorService.invokeAll(AbstractExecutorService.java:305)
	at org.testng.internal.thread.ThreadUtil.execute(ThreadUtil.java:64)
	at org.testng.SuiteRunner.runInParallelTestMode(SuiteRunner.java:464)
	at org.testng.SuiteRunner.privateRun(SuiteRunner.java:395)
	at org.testng.SuiteRunner.run(SuiteRunner.java:336)
	at org.testng.SuiteRunnerWorker.runSuite(SuiteRunnerWorker.java:52)
	at org.testng.SuiteRunnerWorker.run(SuiteRunnerWorker.java:95)
	at org.testng.TestNG.runSuitesSequentially(TestNG.java:1301)
	at org.testng.TestNG.runSuitesLocally(TestNG.java:1228)
	at org.testng.TestNG.runSuites(TestNG.java:1134)
	at org.testng.TestNG.run(TestNG.java:1101)
	at com.intellij.rt.testng.IDEARemoteTestNG.run(IDEARemoteTestNG.java:65)
	at com.intellij.rt.testng.RemoteTestNGStarter.main(RemoteTestNGStarter.java:105)
</textarea>
          
        </td>
      </tr>
  </tbody>
</table>
</div>
          </div>
        </li>
        <li class="test-item"  status="pass" test-id="20"
          author=""
          tag=""
          device="">
          <div class="test-detail">
            <p class="name">tests.SearchTests :: testSearchByProductName</p>
            <p class="text-sm">
              <span>2:27:19 PM</span> / <span>00:00:03:400</span>
              <span class="badge pass-bg log float-right">Pass</span>
            </p>
          </div>
          <div class="test-contents d-none">
<div class="detail-head">
<div class="p-v-10">
<div class="info">
<h5 class="test-status text-pass">tests.SearchTests :: testSearchByProductName</h5>
<span class='badge badge-success'>09.25.2025 2:27:19 PM</span>
<span class='badge badge-danger'>09.25.2025 2:27:22 PM</span>
<span class='badge badge-default'>00:00:03:400</span>
&middot; <span class='uri-anchor badge badge-default'>#test-id=20</span>
<span class='badge badge-default pointer float-right ml-1 et'><i class="fa fa-chevron-down"></i></span>
<span class='badge badge-default pointer float-right ct'><i class="fa fa-chevron-up"></i></span>
</div>
</div>
</div>    <div class="row mb-3"><div class="col-md-3">
<img data-featherlight='C:\Users\kadahari\Desktop\Harika\C\Demoblaze/output/screenshots/pass/testSearchByProductName_20250925_142722.png' src="C:\Users\kadahari\Desktop\Harika\C\Demoblaze/output/screenshots/pass/testSearchByProductName_20250925_142722.png">
    
    </div></div>
<div class="detail-body mt-4">
<table class="table table-sm">
  <thead><tr><th class="status-col">Status</th><th class="timestamp-col">Timestamp</th><th class="details-col">Details</th></tr></thead>
  <tbody>
      <tr class="event-row">
        <td><span class="badge log info-bg">Info</span></td>
        <td>2:27:19 PM</td>
        <td>
          Test parameters: [Sony vaio i5, Laptops]
        </td>
      </tr>
      <tr class="event-row">
        <td><span class="badge log pass-bg">Pass</span></td>
        <td>2:27:22 PM</td>
        <td>
          Test passed
        </td>
      </tr>
  </tbody>
</table>
</div>
          </div>
        </li>
        <li class="test-item"  status="pass" test-id="21"
          author=""
          tag=""
          device="">
          <div class="test-detail">
            <p class="name">tests.LoginTests :: loginWithEmptyFields</p>
            <p class="text-sm">
              <span>2:27:26 PM</span> / <span>00:00:02:033</span>
              <span class="badge pass-bg log float-right">Pass</span>
            </p>
          </div>
          <div class="test-contents d-none">
<div class="detail-head">
<div class="p-v-10">
<div class="info">
<h5 class="test-status text-pass">tests.LoginTests :: loginWithEmptyFields</h5>
<span class='badge badge-success'>09.25.2025 2:27:26 PM</span>
<span class='badge badge-danger'>09.25.2025 2:27:28 PM</span>
<span class='badge badge-default'>00:00:02:033</span>
&middot; <span class='uri-anchor badge badge-default'>#test-id=21</span>
<span class='badge badge-default pointer float-right ml-1 et'><i class="fa fa-chevron-down"></i></span>
<span class='badge badge-default pointer float-right ct'><i class="fa fa-chevron-up"></i></span>
</div>
</div>
</div>    <div class="row mb-3"><div class="col-md-3">
<img data-featherlight='C:\Users\kadahari\Desktop\Harika\C\Demoblaze/output/screenshots/pass/loginWithEmptyFields_20250925_142728.png' src="C:\Users\kadahari\Desktop\Harika\C\Demoblaze/output/screenshots/pass/loginWithEmptyFields_20250925_142728.png">
    
    </div></div>
<div class="detail-body mt-4">
<table class="table table-sm">
  <thead><tr><th class="status-col">Status</th><th class="timestamp-col">Timestamp</th><th class="details-col">Details</th></tr></thead>
  <tbody>
      <tr class="event-row">
        <td><span class="badge log info-bg">Info</span></td>
        <td>2:27:26 PM</td>
        <td>
          Test parameters: [, , true]
        </td>
      </tr>
      <tr class="event-row">
        <td><span class="badge log pass-bg">Pass</span></td>
        <td>2:27:28 PM</td>
        <td>
          Test passed
        </td>
      </tr>
  </tbody>
</table>
</div>
          </div>
        </li>
        <li class="test-item"  status="pass" test-id="22"
          author=""
          tag=""
          device="">
          <div class="test-detail">
            <p class="name">tests.SearchTests :: testSearchWithNoResults</p>
            <p class="text-sm">
              <span>2:27:35 PM</span> / <span>00:00:02:490</span>
              <span class="badge pass-bg log float-right">Pass</span>
            </p>
          </div>
          <div class="test-contents d-none">
<div class="detail-head">
<div class="p-v-10">
<div class="info">
<h5 class="test-status text-pass">tests.SearchTests :: testSearchWithNoResults</h5>
<span class='badge badge-success'>09.25.2025 2:27:35 PM</span>
<span class='badge badge-danger'>09.25.2025 2:27:37 PM</span>
<span class='badge badge-default'>00:00:02:490</span>
&middot; <span class='uri-anchor badge badge-default'>#test-id=22</span>
<span class='badge badge-default pointer float-right ml-1 et'><i class="fa fa-chevron-down"></i></span>
<span class='badge badge-default pointer float-right ct'><i class="fa fa-chevron-up"></i></span>
</div>
</div>
</div>    <div class="row mb-3"><div class="col-md-3">
<img data-featherlight='C:\Users\kadahari\Desktop\Harika\C\Demoblaze/output/screenshots/pass/testSearchWithNoResults_20250925_142737.png' src="C:\Users\kadahari\Desktop\Harika\C\Demoblaze/output/screenshots/pass/testSearchWithNoResults_20250925_142737.png">
    
    </div></div>
<div class="detail-body mt-4">
<table class="table table-sm">
  <thead><tr><th class="status-col">Status</th><th class="timestamp-col">Timestamp</th><th class="details-col">Details</th></tr></thead>
  <tbody>
      <tr class="event-row">
        <td><span class="badge log info-bg">Info</span></td>
        <td>2:27:35 PM</td>
        <td>
          Test parameters: []
        </td>
      </tr>
      <tr class="event-row">
        <td><span class="badge log pass-bg">Pass</span></td>
        <td>2:27:37 PM</td>
        <td>
          Test passed
        </td>
      </tr>
  </tbody>
</table>
</div>
          </div>
        </li>
        <li class="test-item"  status="pass" test-id="23"
          author=""
          tag=""
          device="">
          <div class="test-detail">
            <p class="name">tests.CartTests :: testAddProductToCart</p>
            <p class="text-sm">
              <span>2:27:45 PM</span> / <span>00:00:14:479</span>
              <span class="badge pass-bg log float-right">Pass</span>
            </p>
          </div>
          <div class="test-contents d-none">
<div class="detail-head">
<div class="p-v-10">
<div class="info">
<h5 class="test-status text-pass">tests.CartTests :: testAddProductToCart</h5>
<span class='badge badge-success'>09.25.2025 2:27:45 PM</span>
<span class='badge badge-danger'>09.25.2025 2:27:59 PM</span>
<span class='badge badge-default'>00:00:14:479</span>
&middot; <span class='uri-anchor badge badge-default'>#test-id=23</span>
<span class='badge badge-default pointer float-right ml-1 et'><i class="fa fa-chevron-down"></i></span>
<span class='badge badge-default pointer float-right ct'><i class="fa fa-chevron-up"></i></span>
</div>
</div>
</div>    <div class="row mb-3"><div class="col-md-3">
<img data-featherlight='C:\Users\kadahari\Desktop\Harika\C\Demoblaze/output/screenshots/pass/testAddProductToCart_20250925_142759.png' src="C:\Users\kadahari\Desktop\Harika\C\Demoblaze/output/screenshots/pass/testAddProductToCart_20250925_142759.png">
    
    </div></div>
<div class="detail-body mt-4">
<table class="table table-sm">
  <thead><tr><th class="status-col">Status</th><th class="timestamp-col">Timestamp</th><th class="details-col">Details</th></tr></thead>
  <tbody>
      <tr class="event-row">
        <td><span class="badge log info-bg">Info</span></td>
        <td>2:27:45 PM</td>
        <td>
          Test parameters: [Samsung galaxy s6, Add, 1.0, 360.0]
        </td>
      </tr>
      <tr class="event-row">
        <td><span class="badge log pass-bg">Pass</span></td>
        <td>2:27:59 PM</td>
        <td>
          Test passed
        </td>
      </tr>
  </tbody>
</table>
</div>
          </div>
        </li>
        <li class="test-item"  status="fail" test-id="24"
          author=""
          tag=""
          device="">
          <div class="test-detail">
            <p class="name">tests.RegistrationTest :: testSignUp</p>
            <p class="text-sm">
              <span>2:27:53 PM</span> / <span>00:00:05:980</span>
              <span class="badge fail-bg log float-right">Fail</span>
            </p>
          </div>
          <div class="test-contents d-none">
<div class="detail-head">
<div class="p-v-10">
<div class="info">
<h5 class="test-status text-fail">tests.RegistrationTest :: testSignUp</h5>
<span class='badge badge-success'>09.25.2025 2:27:53 PM</span>
<span class='badge badge-danger'>09.25.2025 2:27:59 PM</span>
<span class='badge badge-default'>00:00:05:980</span>
&middot; <span class='uri-anchor badge badge-default'>#test-id=24</span>
<span class='badge badge-default pointer float-right ml-1 et'><i class="fa fa-chevron-down"></i></span>
<span class='badge badge-default pointer float-right ct'><i class="fa fa-chevron-up"></i></span>
</div>
</div>
</div>    <div class="row mb-3"><div class="col-md-3">
<img data-featherlight='C:\Users\kadahari\Desktop\Harika\C\Demoblaze/output/screenshots/fail/testSignUp_20250925_142759.png' src="C:\Users\kadahari\Desktop\Harika\C\Demoblaze/output/screenshots/fail/testSignUp_20250925_142759.png">
    
    </div></div>
<div class="detail-body mt-4">
<table class="table table-sm">
  <thead><tr><th class="status-col">Status</th><th class="timestamp-col">Timestamp</th><th class="details-col">Details</th></tr></thead>
  <tbody>
      <tr class="event-row">
        <td><span class="badge log info-bg">Info</span></td>
        <td>2:27:53 PM</td>
        <td>
          Test parameters: [Validuser13, ValidPass@123, true]
        </td>
      </tr>
      <tr class="event-row">
        <td><span class="badge log fail-bg">Fail</span></td>
        <td>2:27:59 PM</td>
        <td>
          <textarea readonly class="code-block">java.lang.AssertionError: Testcase failed. Registration blocked: User already exists.
	at org.testng.Assert.fail(Assert.java:111)
	at tests.RegistrationTest.testSignUp(RegistrationTest.java:65)
	at java.base/jdk.internal.reflect.DirectMethodHandleAccessor.invoke(DirectMethodHandleAccessor.java:103)
	at java.base/java.lang.reflect.Method.invoke(Method.java:580)
	at org.testng.internal.invokers.MethodInvocationHelper.invokeMethod(MethodInvocationHelper.java:139)
	at org.testng.internal.invokers.TestInvoker.invokeMethod(TestInvoker.java:664)
	at org.testng.internal.invokers.TestInvoker.invokeTestMethod(TestInvoker.java:228)
	at org.testng.internal.invokers.MethodRunner.runInSequence(MethodRunner.java:63)
	at org.testng.internal.invokers.TestInvoker$MethodInvocationAgent.invoke(TestInvoker.java:961)
	at org.testng.internal.invokers.TestInvoker.invokeTestMethods(TestInvoker.java:201)
	at org.testng.internal.invokers.TestMethodWorker.invokeTestMethods(TestMethodWorker.java:148)
	at org.testng.internal.invokers.TestMethodWorker.run(TestMethodWorker.java:128)
	at java.base/java.util.ArrayList.forEach(ArrayList.java:1597)
	at org.testng.TestRunner.privateRun(TestRunner.java:819)
	at org.testng.TestRunner.run(TestRunner.java:619)
	at org.testng.SuiteRunner.runTest(SuiteRunner.java:443)
	at org.testng.SuiteRunner$SuiteWorker.run(SuiteRunner.java:481)
	at org.testng.internal.thread.ThreadUtil.lambda$execute$0(ThreadUtil.java:58)
	at java.base/java.util.concurrent.FutureTask.run$$$capture(FutureTask.java:317)
	at java.base/java.util.concurrent.FutureTask.run(FutureTask.java)
	at --- Async.Stack.Trace --- (captured by IntelliJ IDEA debugger)
	at java.base/java.util.concurrent.FutureTask.<init>(FutureTask.java:132)
	at java.base/java.util.concurrent.AbstractExecutorService.newTaskFor(AbstractExecutorService.java:113)
	at java.base/java.util.concurrent.AbstractExecutorService.invokeAll(AbstractExecutorService.java:305)
	at org.testng.internal.thread.ThreadUtil.execute(ThreadUtil.java:64)
	at org.testng.SuiteRunner.runInParallelTestMode(SuiteRunner.java:464)
	at org.testng.SuiteRunner.privateRun(SuiteRunner.java:395)
	at org.testng.SuiteRunner.run(SuiteRunner.java:336)
	at org.testng.SuiteRunnerWorker.runSuite(SuiteRunnerWorker.java:52)
	at org.testng.SuiteRunnerWorker.run(SuiteRunnerWorker.java:95)
	at org.testng.TestNG.runSuitesSequentially(TestNG.java:1301)
	at org.testng.TestNG.runSuitesLocally(TestNG.java:1228)
	at org.testng.TestNG.runSuites(TestNG.java:1134)
	at org.testng.TestNG.run(TestNG.java:1101)
	at com.intellij.rt.testng.IDEARemoteTestNG.run(IDEARemoteTestNG.java:65)
	at com.intellij.rt.testng.RemoteTestNGStarter.main(RemoteTestNGStarter.java:105)
</textarea>
          
        </td>
      </tr>
  </tbody>
</table>
</div>
          </div>
        </li>
        <li class="test-item"  status="pass" test-id="25"
          author=""
          tag=""
          device="">
          <div class="test-detail">
            <p class="name">tests.CartTests :: testAddProductToCart</p>
            <p class="text-sm">
              <span>2:28:08 PM</span> / <span>00:00:09:009</span>
              <span class="badge pass-bg log float-right">Pass</span>
            </p>
          </div>
          <div class="test-contents d-none">
<div class="detail-head">
<div class="p-v-10">
<div class="info">
<h5 class="test-status text-pass">tests.CartTests :: testAddProductToCart</h5>
<span class='badge badge-success'>09.25.2025 2:28:08 PM</span>
<span class='badge badge-danger'>09.25.2025 2:28:17 PM</span>
<span class='badge badge-default'>00:00:09:009</span>
&middot; <span class='uri-anchor badge badge-default'>#test-id=25</span>
<span class='badge badge-default pointer float-right ml-1 et'><i class="fa fa-chevron-down"></i></span>
<span class='badge badge-default pointer float-right ct'><i class="fa fa-chevron-up"></i></span>
</div>
</div>
</div>    <div class="row mb-3"><div class="col-md-3">
<img data-featherlight='C:\Users\kadahari\Desktop\Harika\C\Demoblaze/output/screenshots/pass/testAddProductToCart_20250925_142817.png' src="C:\Users\kadahari\Desktop\Harika\C\Demoblaze/output/screenshots/pass/testAddProductToCart_20250925_142817.png">
    
    </div></div>
<div class="detail-body mt-4">
<table class="table table-sm">
  <thead><tr><th class="status-col">Status</th><th class="timestamp-col">Timestamp</th><th class="details-col">Details</th></tr></thead>
  <tbody>
      <tr class="event-row">
        <td><span class="badge log info-bg">Info</span></td>
        <td>2:28:08 PM</td>
        <td>
          Test parameters: [Sony vaio i5, Add, 1.0, 790.0]
        </td>
      </tr>
      <tr class="event-row">
        <td><span class="badge log pass-bg">Pass</span></td>
        <td>2:28:17 PM</td>
        <td>
          Test passed
        </td>
      </tr>
  </tbody>
</table>
</div>
          </div>
        </li>
        <li class="test-item"  status="fail" test-id="26"
          author=""
          tag=""
          device="">
          <div class="test-detail">
            <p class="name">tests.SearchTests :: testSearchByCategory</p>
            <p class="text-sm">
              <span>2:28:25 PM</span> / <span>00:00:02:864</span>
              <span class="badge fail-bg log float-right">Fail</span>
            </p>
          </div>
          <div class="test-contents d-none">
<div class="detail-head">
<div class="p-v-10">
<div class="info">
<h5 class="test-status text-fail">tests.SearchTests :: testSearchByCategory</h5>
<span class='badge badge-success'>09.25.2025 2:28:25 PM</span>
<span class='badge badge-danger'>09.25.2025 2:28:28 PM</span>
<span class='badge badge-default'>00:00:02:864</span>
&middot; <span class='uri-anchor badge badge-default'>#test-id=26</span>
<span class='badge badge-default pointer float-right ml-1 et'><i class="fa fa-chevron-down"></i></span>
<span class='badge badge-default pointer float-right ct'><i class="fa fa-chevron-up"></i></span>
</div>
</div>
</div>    <div class="row mb-3"><div class="col-md-3">
<img data-featherlight='C:\Users\kadahari\Desktop\Harika\C\Demoblaze/output/screenshots/fail/testSearchByCategory_20250925_142828.png' src="C:\Users\kadahari\Desktop\Harika\C\Demoblaze/output/screenshots/fail/testSearchByCategory_20250925_142828.png">
    
    </div></div>
<div class="detail-body mt-4">
<table class="table table-sm">
  <thead><tr><th class="status-col">Status</th><th class="timestamp-col">Timestamp</th><th class="details-col">Details</th></tr></thead>
  <tbody>
      <tr class="event-row">
        <td><span class="badge log info-bg">Info</span></td>
        <td>2:28:25 PM</td>
        <td>
          Test parameters: [Apple monitor 24, Monitors]
        </td>
      </tr>
      <tr class="event-row">
        <td><span class="badge log fail-bg">Fail</span></td>
        <td>2:28:28 PM</td>
        <td>
          <textarea readonly class="code-block">org.openqa.selenium.StaleElementReferenceException: The element with the reference 80a38286-e4cb-4ce6-8c7b-40ae08f75b69 is stale; either its node document is not the active document, or it is no longer connected to the DOM
For documentation on this error, please visit: https://www.selenium.dev/documentation/webdriver/troubleshooting/errors#stale-element-reference-exception
Build info: version: '4.15.0', revision: '1d14b5521b'
System info: os.name: 'Windows 11', os.arch: 'amd64', os.version: '10.0', java.version: '23.0.2'
Driver info: org.openqa.selenium.firefox.FirefoxDriver
Command: [d968a2eb-ad9b-4a54-80f8-2bf25378bb5a, isElementDisplayed {id=80a38286-e4cb-4ce6-8c7b-40ae08f75b69}]
Capabilities {acceptInsecureCerts: true, browserName: firefox, browserVersion: 140.3.1, moz:accessibilityChecks: false, moz:buildID: 20250922173505, moz:geckodriverVersion: 0.36.0, moz:headless: false, moz:platformVersion: 10.0, moz:processID: 24712, moz:profile: C:\Users\kadahari\AppData\L..., moz:shutdownTimeout: 60000, moz:webdriverClick: true, moz:windowless: false, pageLoadStrategy: normal, platformName: windows, proxy: Proxy(), setWindowRect: true, strictFileInteractability: false, timeouts: {implicit: 0, pageLoad: 300000, script: 30000}, unhandledPromptBehavior: ignore, userAgent: Mozilla/5.0 (Windows NT 10....}
Element: [[FirefoxDriver: firefox on windows (d968a2eb-ad9b-4a54-80f8-2bf25378bb5a)] -> css selector: .card-title]
Session ID: d968a2eb-ad9b-4a54-80f8-2bf25378bb5a
	at java.base/jdk.internal.reflect.DirectConstructorHandleAccessor.newInstance(DirectConstructorHandleAccessor.java:62)
	at java.base/java.lang.reflect.Constructor.newInstanceWithCaller(Constructor.java:501)
	at java.base/java.lang.reflect.Constructor.newInstance(Constructor.java:485)
	at org.openqa.selenium.remote.codec.w3c.W3CHttpResponseCodec.createException(W3CHttpResponseCodec.java:200)
	at org.openqa.selenium.remote.codec.w3c.W3CHttpResponseCodec.decode(W3CHttpResponseCodec.java:133)
	at org.openqa.selenium.remote.codec.w3c.W3CHttpResponseCodec.decode(W3CHttpResponseCodec.java:52)
	at org.openqa.selenium.remote.HttpCommandExecutor.execute(HttpCommandExecutor.java:191)
	at org.openqa.selenium.remote.service.DriverCommandExecutor.invokeExecute(DriverCommandExecutor.java:200)
	at org.openqa.selenium.remote.service.DriverCommandExecutor.execute(DriverCommandExecutor.java:175)
	at org.openqa.selenium.remote.RemoteWebDriver.execute(RemoteWebDriver.java:607)
	at org.openqa.selenium.remote.RemoteWebElement.execute(RemoteWebElement.java:224)
	at org.openqa.selenium.remote.RemoteWebElement.isDisplayed(RemoteWebElement.java:283)
	at org.openqa.selenium.support.ui.ExpectedConditions$9.apply(ExpectedConditions.java:264)
	at org.openqa.selenium.support.ui.ExpectedConditions$9.apply(ExpectedConditions.java:260)
	at org.openqa.selenium.support.ui.FluentWait.until(FluentWait.java:204)
	at tests.SearchTests.testSearchByCategory(SearchTests.java:85)
	at java.base/jdk.internal.reflect.DirectMethodHandleAccessor.invoke(DirectMethodHandleAccessor.java:103)
	at java.base/java.lang.reflect.Method.invoke(Method.java:580)
	at org.testng.internal.invokers.MethodInvocationHelper.invokeMethod(MethodInvocationHelper.java:139)
	at org.testng.internal.invokers.TestInvoker.invokeMethod(TestInvoker.java:664)
	at org.testng.internal.invokers.TestInvoker.invokeTestMethod(TestInvoker.java:228)
	at org.testng.internal.invokers.MethodRunner.runInSequence(MethodRunner.java:63)
	at org.testng.internal.invokers.TestInvoker$MethodInvocationAgent.invoke(TestInvoker.java:961)
	at org.testng.internal.invokers.TestInvoker.invokeTestMethods(TestInvoker.java:201)
	at org.testng.internal.invokers.TestMethodWorker.invokeTestMethods(TestMethodWorker.java:148)
	at org.testng.internal.invokers.TestMethodWorker.run(TestMethodWorker.java:128)
	at java.base/java.util.ArrayList.forEach(ArrayList.java:1597)
	at org.testng.TestRunner.privateRun(TestRunner.java:819)
	at org.testng.TestRunner.run(TestRunner.java:619)
	at org.testng.SuiteRunner.runTest(SuiteRunner.java:443)
	at org.testng.SuiteRunner$SuiteWorker.run(SuiteRunner.java:481)
	at org.testng.internal.thread.ThreadUtil.lambda$execute$0(ThreadUtil.java:58)
	at java.base/java.util.concurrent.FutureTask.run$$$capture(FutureTask.java:317)
	at java.base/java.util.concurrent.FutureTask.run(FutureTask.java)
	at --- Async.Stack.Trace --- (captured by IntelliJ IDEA debugger)
	at java.base/java.util.concurrent.FutureTask.<init>(FutureTask.java:132)
	at java.base/java.util.concurrent.AbstractExecutorService.newTaskFor(AbstractExecutorService.java:113)
	at java.base/java.util.concurrent.AbstractExecutorService.invokeAll(AbstractExecutorService.java:305)
	at org.testng.internal.thread.ThreadUtil.execute(ThreadUtil.java:64)
	at org.testng.SuiteRunner.runInParallelTestMode(SuiteRunner.java:464)
	at org.testng.SuiteRunner.privateRun(SuiteRunner.java:395)
	at org.testng.SuiteRunner.run(SuiteRunner.java:336)
	at org.testng.SuiteRunnerWorker.runSuite(SuiteRunnerWorker.java:52)
	at org.testng.SuiteRunnerWorker.run(SuiteRunnerWorker.java:95)
	at org.testng.TestNG.runSuitesSequentially(TestNG.java:1301)
	at org.testng.TestNG.runSuitesLocally(TestNG.java:1228)
	at org.testng.TestNG.runSuites(TestNG.java:1134)
	at org.testng.TestNG.run(TestNG.java:1101)
	at com.intellij.rt.testng.IDEARemoteTestNG.run(IDEARemoteTestNG.java:65)
	at com.intellij.rt.testng.RemoteTestNGStarter.main(RemoteTestNGStarter.java:105)
</textarea>
          
        </td>
      </tr>
  </tbody>
</table>
</div>
          </div>
        </li>
        <li class="test-item"  status="pass" test-id="27"
          author=""
          tag=""
          device="">
          <div class="test-detail">
            <p class="name">tests.CartTests :: testAddProductToCart</p>
            <p class="text-sm">
              <span>2:28:28 PM</span> / <span>00:00:10:272</span>
              <span class="badge pass-bg log float-right">Pass</span>
            </p>
          </div>
          <div class="test-contents d-none">
<div class="detail-head">
<div class="p-v-10">
<div class="info">
<h5 class="test-status text-pass">tests.CartTests :: testAddProductToCart</h5>
<span class='badge badge-success'>09.25.2025 2:28:28 PM</span>
<span class='badge badge-danger'>09.25.2025 2:28:38 PM</span>
<span class='badge badge-default'>00:00:10:272</span>
&middot; <span class='uri-anchor badge badge-default'>#test-id=27</span>
<span class='badge badge-default pointer float-right ml-1 et'><i class="fa fa-chevron-down"></i></span>
<span class='badge badge-default pointer float-right ct'><i class="fa fa-chevron-up"></i></span>
</div>
</div>
</div>    <div class="row mb-3"><div class="col-md-3">
<img data-featherlight='C:\Users\kadahari\Desktop\Harika\C\Demoblaze/output/screenshots/pass/testAddProductToCart_20250925_142838.png' src="C:\Users\kadahari\Desktop\Harika\C\Demoblaze/output/screenshots/pass/testAddProductToCart_20250925_142838.png">
    
    </div></div>
<div class="detail-body mt-4">
<table class="table table-sm">
  <thead><tr><th class="status-col">Status</th><th class="timestamp-col">Timestamp</th><th class="details-col">Details</th></tr></thead>
  <tbody>
      <tr class="event-row">
        <td><span class="badge log info-bg">Info</span></td>
        <td>2:28:28 PM</td>
        <td>
          Test parameters: [Nokia lumia 1520, Add, 1.0, 820.0]
        </td>
      </tr>
      <tr class="event-row">
        <td><span class="badge log pass-bg">Pass</span></td>
        <td>2:28:38 PM</td>
        <td>
          Test passed
        </td>
      </tr>
  </tbody>
</table>
</div>
          </div>
        </li>
        <li class="test-item"  status="fail" test-id="28"
          author=""
          tag=""
          device="">
          <div class="test-detail">
            <p class="name">tests.SearchTests :: testSearchByCategory</p>
            <p class="text-sm">
              <span>2:28:50 PM</span> / <span>00:00:02:800</span>
              <span class="badge fail-bg log float-right">Fail</span>
            </p>
          </div>
          <div class="test-contents d-none">
<div class="detail-head">
<div class="p-v-10">
<div class="info">
<h5 class="test-status text-fail">tests.SearchTests :: testSearchByCategory</h5>
<span class='badge badge-success'>09.25.2025 2:28:50 PM</span>
<span class='badge badge-danger'>09.25.2025 2:28:53 PM</span>
<span class='badge badge-default'>00:00:02:800</span>
&middot; <span class='uri-anchor badge badge-default'>#test-id=28</span>
<span class='badge badge-default pointer float-right ml-1 et'><i class="fa fa-chevron-down"></i></span>
<span class='badge badge-default pointer float-right ct'><i class="fa fa-chevron-up"></i></span>
</div>
</div>
</div>    <div class="row mb-3"><div class="col-md-3">
<img data-featherlight='C:\Users\kadahari\Desktop\Harika\C\Demoblaze/output/screenshots/fail/testSearchByCategory_20250925_142853.png' src="C:\Users\kadahari\Desktop\Harika\C\Demoblaze/output/screenshots/fail/testSearchByCategory_20250925_142853.png">
    
    </div></div>
<div class="detail-body mt-4">
<table class="table table-sm">
  <thead><tr><th class="status-col">Status</th><th class="timestamp-col">Timestamp</th><th class="details-col">Details</th></tr></thead>
  <tbody>
      <tr class="event-row">
        <td><span class="badge log info-bg">Info</span></td>
        <td>2:28:50 PM</td>
        <td>
          Test parameters: [ASUS Full HD, Monitors]
        </td>
      </tr>
      <tr class="event-row">
        <td><span class="badge log fail-bg">Fail</span></td>
        <td>2:28:53 PM</td>
        <td>
          <textarea readonly class="code-block">org.openqa.selenium.StaleElementReferenceException: The element with the reference 94fbc118-1354-419d-b533-170420cf2146 is stale; either its node document is not the active document, or it is no longer connected to the DOM
For documentation on this error, please visit: https://www.selenium.dev/documentation/webdriver/troubleshooting/errors#stale-element-reference-exception
Build info: version: '4.15.0', revision: '1d14b5521b'
System info: os.name: 'Windows 11', os.arch: 'amd64', os.version: '10.0', java.version: '23.0.2'
Driver info: org.openqa.selenium.firefox.FirefoxDriver
Command: [0b057ee0-2eb1-48b3-8480-5b04b107348a, isElementDisplayed {id=94fbc118-1354-419d-b533-170420cf2146}]
Capabilities {acceptInsecureCerts: true, browserName: firefox, browserVersion: 140.3.1, moz:accessibilityChecks: false, moz:buildID: 20250922173505, moz:geckodriverVersion: 0.36.0, moz:headless: false, moz:platformVersion: 10.0, moz:processID: 7172, moz:profile: C:\Users\kadahari\AppData\L..., moz:shutdownTimeout: 60000, moz:webdriverClick: true, moz:windowless: false, pageLoadStrategy: normal, platformName: windows, proxy: Proxy(), setWindowRect: true, strictFileInteractability: false, timeouts: {implicit: 0, pageLoad: 300000, script: 30000}, unhandledPromptBehavior: ignore, userAgent: Mozilla/5.0 (Windows NT 10....}
Element: [[FirefoxDriver: firefox on windows (0b057ee0-2eb1-48b3-8480-5b04b107348a)] -> css selector: .card-title]
Session ID: 0b057ee0-2eb1-48b3-8480-5b04b107348a
	at java.base/jdk.internal.reflect.DirectConstructorHandleAccessor.newInstance(DirectConstructorHandleAccessor.java:62)
	at java.base/java.lang.reflect.Constructor.newInstanceWithCaller(Constructor.java:501)
	at java.base/java.lang.reflect.Constructor.newInstance(Constructor.java:485)
	at org.openqa.selenium.remote.codec.w3c.W3CHttpResponseCodec.createException(W3CHttpResponseCodec.java:200)
	at org.openqa.selenium.remote.codec.w3c.W3CHttpResponseCodec.decode(W3CHttpResponseCodec.java:133)
	at org.openqa.selenium.remote.codec.w3c.W3CHttpResponseCodec.decode(W3CHttpResponseCodec.java:52)
	at org.openqa.selenium.remote.HttpCommandExecutor.execute(HttpCommandExecutor.java:191)
	at org.openqa.selenium.remote.service.DriverCommandExecutor.invokeExecute(DriverCommandExecutor.java:200)
	at org.openqa.selenium.remote.service.DriverCommandExecutor.execute(DriverCommandExecutor.java:175)
	at org.openqa.selenium.remote.RemoteWebDriver.execute(RemoteWebDriver.java:607)
	at org.openqa.selenium.remote.RemoteWebElement.execute(RemoteWebElement.java:224)
	at org.openqa.selenium.remote.RemoteWebElement.isDisplayed(RemoteWebElement.java:283)
	at org.openqa.selenium.support.ui.ExpectedConditions$9.apply(ExpectedConditions.java:264)
	at org.openqa.selenium.support.ui.ExpectedConditions$9.apply(ExpectedConditions.java:260)
	at org.openqa.selenium.support.ui.FluentWait.until(FluentWait.java:204)
	at tests.SearchTests.testSearchByCategory(SearchTests.java:85)
	at java.base/jdk.internal.reflect.DirectMethodHandleAccessor.invoke(DirectMethodHandleAccessor.java:103)
	at java.base/java.lang.reflect.Method.invoke(Method.java:580)
	at org.testng.internal.invokers.MethodInvocationHelper.invokeMethod(MethodInvocationHelper.java:139)
	at org.testng.internal.invokers.TestInvoker.invokeMethod(TestInvoker.java:664)
	at org.testng.internal.invokers.TestInvoker.invokeTestMethod(TestInvoker.java:228)
	at org.testng.internal.invokers.MethodRunner.runInSequence(MethodRunner.java:63)
	at org.testng.internal.invokers.TestInvoker$MethodInvocationAgent.invoke(TestInvoker.java:961)
	at org.testng.internal.invokers.TestInvoker.invokeTestMethods(TestInvoker.java:201)
	at org.testng.internal.invokers.TestMethodWorker.invokeTestMethods(TestMethodWorker.java:148)
	at org.testng.internal.invokers.TestMethodWorker.run(TestMethodWorker.java:128)
	at java.base/java.util.ArrayList.forEach(ArrayList.java:1597)
	at org.testng.TestRunner.privateRun(TestRunner.java:819)
	at org.testng.TestRunner.run(TestRunner.java:619)
	at org.testng.SuiteRunner.runTest(SuiteRunner.java:443)
	at org.testng.SuiteRunner$SuiteWorker.run(SuiteRunner.java:481)
	at org.testng.internal.thread.ThreadUtil.lambda$execute$0(ThreadUtil.java:58)
	at java.base/java.util.concurrent.FutureTask.run$$$capture(FutureTask.java:317)
	at java.base/java.util.concurrent.FutureTask.run(FutureTask.java)
	at --- Async.Stack.Trace --- (captured by IntelliJ IDEA debugger)
	at java.base/java.util.concurrent.FutureTask.<init>(FutureTask.java:132)
	at java.base/java.util.concurrent.AbstractExecutorService.newTaskFor(AbstractExecutorService.java:113)
	at java.base/java.util.concurrent.AbstractExecutorService.invokeAll(AbstractExecutorService.java:305)
	at org.testng.internal.thread.ThreadUtil.execute(ThreadUtil.java:64)
	at org.testng.SuiteRunner.runInParallelTestMode(SuiteRunner.java:464)
	at org.testng.SuiteRunner.privateRun(SuiteRunner.java:395)
	at org.testng.SuiteRunner.run(SuiteRunner.java:336)
	at org.testng.SuiteRunnerWorker.runSuite(SuiteRunnerWorker.java:52)
	at org.testng.SuiteRunnerWorker.run(SuiteRunnerWorker.java:95)
	at org.testng.TestNG.runSuitesSequentially(TestNG.java:1301)
	at org.testng.TestNG.runSuitesLocally(TestNG.java:1228)
	at org.testng.TestNG.runSuites(TestNG.java:1134)
	at org.testng.TestNG.run(TestNG.java:1101)
	at com.intellij.rt.testng.IDEARemoteTestNG.run(IDEARemoteTestNG.java:65)
	at com.intellij.rt.testng.RemoteTestNGStarter.main(RemoteTestNGStarter.java:105)
</textarea>
          
        </td>
      </tr>
  </tbody>
</table>
</div>
          </div>
        </li>
        <li class="test-item"  status="pass" test-id="29"
          author=""
          tag=""
          device="">
          <div class="test-detail">
            <p class="name">tests.CartTests :: testRemoveProductFromCart</p>
            <p class="text-sm">
              <span>2:28:51 PM</span> / <span>00:00:15:916</span>
              <span class="badge pass-bg log float-right">Pass</span>
            </p>
          </div>
          <div class="test-contents d-none">
<div class="detail-head">
<div class="p-v-10">
<div class="info">
<h5 class="test-status text-pass">tests.CartTests :: testRemoveProductFromCart</h5>
<span class='badge badge-success'>09.25.2025 2:28:51 PM</span>
<span class='badge badge-danger'>09.25.2025 2:29:06 PM</span>
<span class='badge badge-default'>00:00:15:916</span>
&middot; <span class='uri-anchor badge badge-default'>#test-id=29</span>
<span class='badge badge-default pointer float-right ml-1 et'><i class="fa fa-chevron-down"></i></span>
<span class='badge badge-default pointer float-right ct'><i class="fa fa-chevron-up"></i></span>
</div>
</div>
</div>    <div class="row mb-3"><div class="col-md-3">
<img data-featherlight='C:\Users\kadahari\Desktop\Harika\C\Demoblaze/output/screenshots/pass/testRemoveProductFromCart_20250925_142906.png' src="C:\Users\kadahari\Desktop\Harika\C\Demoblaze/output/screenshots/pass/testRemoveProductFromCart_20250925_142906.png">
    
    </div></div>
<div class="detail-body mt-4">
<table class="table table-sm">
  <thead><tr><th class="status-col">Status</th><th class="timestamp-col">Timestamp</th><th class="details-col">Details</th></tr></thead>
  <tbody>
      <tr class="event-row">
        <td><span class="badge log info-bg">Info</span></td>
        <td>2:28:51 PM</td>
        <td>
          Test parameters: [Samsung galaxy s6, Remove, 0.0, 0.0]
        </td>
      </tr>
      <tr class="event-row">
        <td><span class="badge log pass-bg">Pass</span></td>
        <td>2:29:06 PM</td>
        <td>
          Test passed
        </td>
      </tr>
  </tbody>
</table>
</div>
          </div>
        </li>
        <li class="test-item"  status="pass" test-id="30"
          author=""
          tag=""
          device="">
          <div class="test-detail">
            <p class="name">tests.SearchTests :: testSearchByProductName</p>
            <p class="text-sm">
              <span>2:29:14 PM</span> / <span>00:00:03:189</span>
              <span class="badge pass-bg log float-right">Pass</span>
            </p>
          </div>
          <div class="test-contents d-none">
<div class="detail-head">
<div class="p-v-10">
<div class="info">
<h5 class="test-status text-pass">tests.SearchTests :: testSearchByProductName</h5>
<span class='badge badge-success'>09.25.2025 2:29:14 PM</span>
<span class='badge badge-danger'>09.25.2025 2:29:17 PM</span>
<span class='badge badge-default'>00:00:03:189</span>
&middot; <span class='uri-anchor badge badge-default'>#test-id=30</span>
<span class='badge badge-default pointer float-right ml-1 et'><i class="fa fa-chevron-down"></i></span>
<span class='badge badge-default pointer float-right ct'><i class="fa fa-chevron-up"></i></span>
</div>
</div>
</div>    <div class="row mb-3"><div class="col-md-3">
<img data-featherlight='C:\Users\kadahari\Desktop\Harika\C\Demoblaze/output/screenshots/pass/testSearchByProductName_20250925_142917.png' src="C:\Users\kadahari\Desktop\Harika\C\Demoblaze/output/screenshots/pass/testSearchByProductName_20250925_142917.png">
    
    </div></div>
<div class="detail-body mt-4">
<table class="table table-sm">
  <thead><tr><th class="status-col">Status</th><th class="timestamp-col">Timestamp</th><th class="details-col">Details</th></tr></thead>
  <tbody>
      <tr class="event-row">
        <td><span class="badge log info-bg">Info</span></td>
        <td>2:29:14 PM</td>
        <td>
          Test parameters: [Sony xperia z5, Phones]
        </td>
      </tr>
      <tr class="event-row">
        <td><span class="badge log pass-bg">Pass</span></td>
        <td>2:29:17 PM</td>
        <td>
          Test passed
        </td>
      </tr>
  </tbody>
</table>
</div>
          </div>
        </li>
        <li class="test-item"  status="pass" test-id="31"
          author=""
          tag=""
          device="">
          <div class="test-detail">
            <p class="name">tests.CartTests :: testRemoveProductFromCart</p>
            <p class="text-sm">
              <span>2:29:16 PM</span> / <span>00:00:13:634</span>
              <span class="badge pass-bg log float-right">Pass</span>
            </p>
          </div>
          <div class="test-contents d-none">
<div class="detail-head">
<div class="p-v-10">
<div class="info">
<h5 class="test-status text-pass">tests.CartTests :: testRemoveProductFromCart</h5>
<span class='badge badge-success'>09.25.2025 2:29:16 PM</span>
<span class='badge badge-danger'>09.25.2025 2:29:30 PM</span>
<span class='badge badge-default'>00:00:13:634</span>
&middot; <span class='uri-anchor badge badge-default'>#test-id=31</span>
<span class='badge badge-default pointer float-right ml-1 et'><i class="fa fa-chevron-down"></i></span>
<span class='badge badge-default pointer float-right ct'><i class="fa fa-chevron-up"></i></span>
</div>
</div>
</div>    <div class="row mb-3"><div class="col-md-3">
<img data-featherlight='C:\Users\kadahari\Desktop\Harika\C\Demoblaze/output/screenshots/pass/testRemoveProductFromCart_20250925_142930.png' src="C:\Users\kadahari\Desktop\Harika\C\Demoblaze/output/screenshots/pass/testRemoveProductFromCart_20250925_142930.png">
    
    </div></div>
<div class="detail-body mt-4">
<table class="table table-sm">
  <thead><tr><th class="status-col">Status</th><th class="timestamp-col">Timestamp</th><th class="details-col">Details</th></tr></thead>
  <tbody>
      <tr class="event-row">
        <td><span class="badge log info-bg">Info</span></td>
        <td>2:29:16 PM</td>
        <td>
          Test parameters: [Sony vaio i5, Remove, 0.0, 0.0]
        </td>
      </tr>
      <tr class="event-row">
        <td><span class="badge log pass-bg">Pass</span></td>
        <td>2:29:30 PM</td>
        <td>
          Test passed
        </td>
      </tr>
  </tbody>
</table>
</div>
          </div>
        </li>
        <li class="test-item"  status="fail" test-id="32"
          author=""
          tag=""
          device="">
          <div class="test-detail">
            <p class="name">tests.CartTests :: testCartPersistenceAcrossSessions</p>
            <p class="text-sm">
              <span>2:29:37 PM</span> / <span>00:00:37:908</span>
              <span class="badge fail-bg log float-right">Fail</span>
            </p>
          </div>
          <div class="test-contents d-none">
<div class="detail-head">
<div class="p-v-10">
<div class="info">
<h5 class="test-status text-fail">tests.CartTests :: testCartPersistenceAcrossSessions</h5>
<span class='badge badge-success'>09.25.2025 2:29:37 PM</span>
<span class='badge badge-danger'>09.25.2025 2:30:15 PM</span>
<span class='badge badge-default'>00:00:37:908</span>
&middot; <span class='uri-anchor badge badge-default'>#test-id=32</span>
<span class='badge badge-default pointer float-right ml-1 et'><i class="fa fa-chevron-down"></i></span>
<span class='badge badge-default pointer float-right ct'><i class="fa fa-chevron-up"></i></span>
</div>
</div>
</div>    <div class="row mb-3"><div class="col-md-3">
<img data-featherlight='C:\Users\kadahari\Desktop\Harika\C\Demoblaze/output/screenshots/fail/testCartPersistenceAcrossSessions_20250925_143015.png' src="C:\Users\kadahari\Desktop\Harika\C\Demoblaze/output/screenshots/fail/testCartPersistenceAcrossSessions_20250925_143015.png">
    
    </div></div>
<div class="detail-body mt-4">
<table class="table table-sm">
  <thead><tr><th class="status-col">Status</th><th class="timestamp-col">Timestamp</th><th class="details-col">Details</th></tr></thead>
  <tbody>
      <tr class="event-row">
        <td><span class="badge log info-bg">Info</span></td>
        <td>2:29:37 PM</td>
        <td>
          Test parameters: []
        </td>
      </tr>
      <tr class="event-row">
        <td><span class="badge log fail-bg">Fail</span></td>
        <td>2:30:15 PM</td>
        <td>
          <textarea readonly class="code-block">java.lang.AssertionError: Testcase failed: Product was not found after restarting session. expected [true] but found [false]
	at org.testng.Assert.fail(Assert.java:111)
	at org.testng.Assert.failNotEquals(Assert.java:1578)
	at org.testng.Assert.assertTrue(Assert.java:57)
	at tests.CartTests.testCartPersistenceAcrossSessions(CartTests.java:141)
	at java.base/jdk.internal.reflect.DirectMethodHandleAccessor.invoke(DirectMethodHandleAccessor.java:103)
	at java.base/java.lang.reflect.Method.invoke(Method.java:580)
	at org.testng.internal.invokers.MethodInvocationHelper.invokeMethod(MethodInvocationHelper.java:139)
	at org.testng.internal.invokers.TestInvoker.invokeMethod(TestInvoker.java:664)
	at org.testng.internal.invokers.TestInvoker.invokeTestMethod(TestInvoker.java:228)
	at org.testng.internal.invokers.MethodRunner.runInSequence(MethodRunner.java:63)
	at org.testng.internal.invokers.TestInvoker$MethodInvocationAgent.invoke(TestInvoker.java:961)
	at org.testng.internal.invokers.TestInvoker.invokeTestMethods(TestInvoker.java:201)
	at org.testng.internal.invokers.TestMethodWorker.invokeTestMethods(TestMethodWorker.java:148)
	at org.testng.internal.invokers.TestMethodWorker.run(TestMethodWorker.java:128)
	at java.base/java.util.ArrayList.forEach(ArrayList.java:1597)
	at org.testng.TestRunner.privateRun(TestRunner.java:819)
	at org.testng.TestRunner.run(TestRunner.java:619)
	at org.testng.SuiteRunner.runTest(SuiteRunner.java:443)
	at org.testng.SuiteRunner$SuiteWorker.run(SuiteRunner.java:481)
	at org.testng.internal.thread.ThreadUtil.lambda$execute$0(ThreadUtil.java:58)
	at java.base/java.util.concurrent.FutureTask.run$$$capture(FutureTask.java:317)
	at java.base/java.util.concurrent.FutureTask.run(FutureTask.java)
	at --- Async.Stack.Trace --- (captured by IntelliJ IDEA debugger)
	at java.base/java.util.concurrent.FutureTask.<init>(FutureTask.java:132)
	at java.base/java.util.concurrent.AbstractExecutorService.newTaskFor(AbstractExecutorService.java:113)
	at java.base/java.util.concurrent.AbstractExecutorService.invokeAll(AbstractExecutorService.java:305)
	at org.testng.internal.thread.ThreadUtil.execute(ThreadUtil.java:64)
	at org.testng.SuiteRunner.runInParallelTestMode(SuiteRunner.java:464)
	at org.testng.SuiteRunner.privateRun(SuiteRunner.java:395)
	at org.testng.SuiteRunner.run(SuiteRunner.java:336)
	at org.testng.SuiteRunnerWorker.runSuite(SuiteRunnerWorker.java:52)
	at org.testng.SuiteRunnerWorker.run(SuiteRunnerWorker.java:95)
	at org.testng.TestNG.runSuitesSequentially(TestNG.java:1301)
	at org.testng.TestNG.runSuitesLocally(TestNG.java:1228)
	at org.testng.TestNG.runSuites(TestNG.java:1134)
	at org.testng.TestNG.run(TestNG.java:1101)
	at com.intellij.rt.testng.IDEARemoteTestNG.run(IDEARemoteTestNG.java:65)
	at com.intellij.rt.testng.RemoteTestNGStarter.main(RemoteTestNGStarter.java:105)
</textarea>
          
        </td>
      </tr>
  </tbody>
</table>
</div>
          </div>
        </li>
        <li class="test-item"  status="fail" test-id="33"
          author=""
          tag=""
          device="">
          <div class="test-detail">
            <p class="name">tests.SearchTests :: testSearchByProductName</p>
            <p class="text-sm">
              <span>2:29:44 PM</span> / <span>00:00:02:952</span>
              <span class="badge fail-bg log float-right">Fail</span>
            </p>
          </div>
          <div class="test-contents d-none">
<div class="detail-head">
<div class="p-v-10">
<div class="info">
<h5 class="test-status text-fail">tests.SearchTests :: testSearchByProductName</h5>
<span class='badge badge-success'>09.25.2025 2:29:44 PM</span>
<span class='badge badge-danger'>09.25.2025 2:29:47 PM</span>
<span class='badge badge-default'>00:00:02:952</span>
&middot; <span class='uri-anchor badge badge-default'>#test-id=33</span>
<span class='badge badge-default pointer float-right ml-1 et'><i class="fa fa-chevron-down"></i></span>
<span class='badge badge-default pointer float-right ct'><i class="fa fa-chevron-up"></i></span>
</div>
</div>
</div>    <div class="row mb-3"><div class="col-md-3">
<img data-featherlight='C:\Users\kadahari\Desktop\Harika\C\Demoblaze/output/screenshots/fail/testSearchByProductName_20250925_142947.png' src="C:\Users\kadahari\Desktop\Harika\C\Demoblaze/output/screenshots/fail/testSearchByProductName_20250925_142947.png">
    
    </div></div>
<div class="detail-body mt-4">
<table class="table table-sm">
  <thead><tr><th class="status-col">Status</th><th class="timestamp-col">Timestamp</th><th class="details-col">Details</th></tr></thead>
  <tbody>
      <tr class="event-row">
        <td><span class="badge log info-bg">Info</span></td>
        <td>2:29:44 PM</td>
        <td>
          Test parameters: [Sony vaio i5, Laptops]
        </td>
      </tr>
      <tr class="event-row">
        <td><span class="badge log fail-bg">Fail</span></td>
        <td>2:29:47 PM</td>
        <td>
          <textarea readonly class="code-block">java.lang.AssertionError: TestCase failed. Product 'Sony vaio i5' is not visible.
	at org.testng.Assert.fail(Assert.java:111)
	at tests.SearchTests.testSearchByProductName(SearchTests.java:64)
	at java.base/jdk.internal.reflect.DirectMethodHandleAccessor.invoke(DirectMethodHandleAccessor.java:103)
	at java.base/java.lang.reflect.Method.invoke(Method.java:580)
	at org.testng.internal.invokers.MethodInvocationHelper.invokeMethod(MethodInvocationHelper.java:139)
	at org.testng.internal.invokers.TestInvoker.invokeMethod(TestInvoker.java:664)
	at org.testng.internal.invokers.TestInvoker.invokeTestMethod(TestInvoker.java:228)
	at org.testng.internal.invokers.MethodRunner.runInSequence(MethodRunner.java:63)
	at org.testng.internal.invokers.TestInvoker$MethodInvocationAgent.invoke(TestInvoker.java:961)
	at org.testng.internal.invokers.TestInvoker.invokeTestMethods(TestInvoker.java:201)
	at org.testng.internal.invokers.TestMethodWorker.invokeTestMethods(TestMethodWorker.java:148)
	at org.testng.internal.invokers.TestMethodWorker.run(TestMethodWorker.java:128)
	at java.base/java.util.ArrayList.forEach(ArrayList.java:1597)
	at org.testng.TestRunner.privateRun(TestRunner.java:819)
	at org.testng.TestRunner.run(TestRunner.java:619)
	at org.testng.SuiteRunner.runTest(SuiteRunner.java:443)
	at org.testng.SuiteRunner$SuiteWorker.run(SuiteRunner.java:481)
	at org.testng.internal.thread.ThreadUtil.lambda$execute$0(ThreadUtil.java:58)
	at java.base/java.util.concurrent.FutureTask.run$$$capture(FutureTask.java:317)
	at java.base/java.util.concurrent.FutureTask.run(FutureTask.java)
	at --- Async.Stack.Trace --- (captured by IntelliJ IDEA debugger)
	at java.base/java.util.concurrent.FutureTask.<init>(FutureTask.java:132)
	at java.base/java.util.concurrent.AbstractExecutorService.newTaskFor(AbstractExecutorService.java:113)
	at java.base/java.util.concurrent.AbstractExecutorService.invokeAll(AbstractExecutorService.java:305)
	at org.testng.internal.thread.ThreadUtil.execute(ThreadUtil.java:64)
	at org.testng.SuiteRunner.runInParallelTestMode(SuiteRunner.java:464)
	at org.testng.SuiteRunner.privateRun(SuiteRunner.java:395)
	at org.testng.SuiteRunner.run(SuiteRunner.java:336)
	at org.testng.SuiteRunnerWorker.runSuite(SuiteRunnerWorker.java:52)
	at org.testng.SuiteRunnerWorker.run(SuiteRunnerWorker.java:95)
	at org.testng.TestNG.runSuitesSequentially(TestNG.java:1301)
	at org.testng.TestNG.runSuitesLocally(TestNG.java:1228)
	at org.testng.TestNG.runSuites(TestNG.java:1134)
	at org.testng.TestNG.run(TestNG.java:1101)
	at com.intellij.rt.testng.IDEARemoteTestNG.run(IDEARemoteTestNG.java:65)
	at com.intellij.rt.testng.RemoteTestNGStarter.main(RemoteTestNGStarter.java:105)
</textarea>
          
        </td>
      </tr>
  </tbody>
</table>
</div>
          </div>
        </li>
        <li class="test-item"  status="fail" test-id="34"
          author=""
          tag=""
          device="">
          <div class="test-detail">
            <p class="name">tests.SearchTests :: testSearchWithNoResults</p>
            <p class="text-sm">
              <span>2:30:10 PM</span> / <span>00:00:03:798</span>
              <span class="badge fail-bg log float-right">Fail</span>
            </p>
          </div>
          <div class="test-contents d-none">
<div class="detail-head">
<div class="p-v-10">
<div class="info">
<h5 class="test-status text-fail">tests.SearchTests :: testSearchWithNoResults</h5>
<span class='badge badge-success'>09.25.2025 2:30:10 PM</span>
<span class='badge badge-danger'>09.25.2025 2:30:14 PM</span>
<span class='badge badge-default'>00:00:03:798</span>
&middot; <span class='uri-anchor badge badge-default'>#test-id=34</span>
<span class='badge badge-default pointer float-right ml-1 et'><i class="fa fa-chevron-down"></i></span>
<span class='badge badge-default pointer float-right ct'><i class="fa fa-chevron-up"></i></span>
</div>
</div>
</div>    <div class="row mb-3"><div class="col-md-3">
<img data-featherlight='C:\Users\kadahari\Desktop\Harika\C\Demoblaze/output/screenshots/fail/testSearchWithNoResults_20250925_143014.png' src="C:\Users\kadahari\Desktop\Harika\C\Demoblaze/output/screenshots/fail/testSearchWithNoResults_20250925_143014.png">
    
    </div></div>
<div class="detail-body mt-4">
<table class="table table-sm">
  <thead><tr><th class="status-col">Status</th><th class="timestamp-col">Timestamp</th><th class="details-col">Details</th></tr></thead>
  <tbody>
      <tr class="event-row">
        <td><span class="badge log info-bg">Info</span></td>
        <td>2:30:10 PM</td>
        <td>
          Test parameters: []
        </td>
      </tr>
      <tr class="event-row">
        <td><span class="badge log fail-bg">Fail</span></td>
        <td>2:30:14 PM</td>
        <td>
          <textarea readonly class="code-block">org.openqa.selenium.StaleElementReferenceException: The element with the reference d9ab01ad-c6a4-4c96-8007-71698871fd72 is stale; either its node document is not the active document, or it is no longer connected to the DOM
For documentation on this error, please visit: https://www.selenium.dev/documentation/webdriver/troubleshooting/errors#stale-element-reference-exception
Build info: version: '4.15.0', revision: '1d14b5521b'
System info: os.name: 'Windows 11', os.arch: 'amd64', os.version: '10.0', java.version: '23.0.2'
Driver info: org.openqa.selenium.firefox.FirefoxDriver
Command: [6cef2ae6-cbcd-49b3-80e8-b07184d6b7ba, getElementText {id=d9ab01ad-c6a4-4c96-8007-71698871fd72}]
Capabilities {acceptInsecureCerts: true, browserName: firefox, browserVersion: 140.3.1, moz:accessibilityChecks: false, moz:buildID: 20250922173505, moz:geckodriverVersion: 0.36.0, moz:headless: false, moz:platformVersion: 10.0, moz:processID: 29956, moz:profile: C:\Users\kadahari\AppData\L..., moz:shutdownTimeout: 60000, moz:webdriverClick: true, moz:windowless: false, pageLoadStrategy: normal, platformName: windows, proxy: Proxy(), setWindowRect: true, strictFileInteractability: false, timeouts: {implicit: 0, pageLoad: 300000, script: 30000}, unhandledPromptBehavior: ignore, userAgent: Mozilla/5.0 (Windows NT 10....}
Element: [[FirefoxDriver: firefox on windows (6cef2ae6-cbcd-49b3-80e8-b07184d6b7ba)] -> css selector: .card-title]
Session ID: 6cef2ae6-cbcd-49b3-80e8-b07184d6b7ba
	at java.base/jdk.internal.reflect.DirectConstructorHandleAccessor.newInstance(DirectConstructorHandleAccessor.java:62)
	at java.base/java.lang.reflect.Constructor.newInstanceWithCaller(Constructor.java:501)
	at java.base/java.lang.reflect.Constructor.newInstance(Constructor.java:485)
	at org.openqa.selenium.remote.codec.w3c.W3CHttpResponseCodec.createException(W3CHttpResponseCodec.java:200)
	at org.openqa.selenium.remote.codec.w3c.W3CHttpResponseCodec.decode(W3CHttpResponseCodec.java:133)
	at org.openqa.selenium.remote.codec.w3c.W3CHttpResponseCodec.decode(W3CHttpResponseCodec.java:52)
	at org.openqa.selenium.remote.HttpCommandExecutor.execute(HttpCommandExecutor.java:191)
	at org.openqa.selenium.remote.service.DriverCommandExecutor.invokeExecute(DriverCommandExecutor.java:200)
	at org.openqa.selenium.remote.service.DriverCommandExecutor.execute(DriverCommandExecutor.java:175)
	at org.openqa.selenium.remote.RemoteWebDriver.execute(RemoteWebDriver.java:607)
	at org.openqa.selenium.remote.RemoteWebElement.execute(RemoteWebElement.java:224)
	at org.openqa.selenium.remote.RemoteWebElement.getText(RemoteWebElement.java:192)
	at pages.HomePage.lambda$isProductVisible$0(HomePage.java:88)
	at java.base/java.util.stream.MatchOps$1MatchSink.accept(MatchOps.java:90)
	at java.base/java.util.ArrayList$ArrayListSpliterator.tryAdvance(ArrayList.java:1686)
	at java.base/java.util.stream.ReferencePipeline.forEachWithCancel(ReferencePipeline.java:147)
	at java.base/java.util.stream.AbstractPipeline.copyIntoWithCancel(AbstractPipeline.java:588)
	at java.base/java.util.stream.AbstractPipeline.copyInto(AbstractPipeline.java:574)
	at java.base/java.util.stream.AbstractPipeline.wrapAndCopyInto(AbstractPipeline.java:560)
	at java.base/java.util.stream.MatchOps$MatchOp.evaluateSequential(MatchOps.java:230)
	at java.base/java.util.stream.MatchOps$MatchOp.evaluateSequential(MatchOps.java:196)
	at java.base/java.util.stream.AbstractPipeline.evaluate(AbstractPipeline.java:265)
	at java.base/java.util.stream.ReferencePipeline.anyMatch(ReferencePipeline.java:672)
	at pages.HomePage.isProductVisible(HomePage.java:88)
	at tests.SearchTests.testSearchWithNoResults(SearchTests.java:98)
	at java.base/jdk.internal.reflect.DirectMethodHandleAccessor.invoke(DirectMethodHandleAccessor.java:103)
	at java.base/java.lang.reflect.Method.invoke(Method.java:580)
	at org.testng.internal.invokers.MethodInvocationHelper.invokeMethod(MethodInvocationHelper.java:139)
	at org.testng.internal.invokers.TestInvoker.invokeMethod(TestInvoker.java:664)
	at org.testng.internal.invokers.TestInvoker.invokeTestMethod(TestInvoker.java:228)
	at org.testng.internal.invokers.MethodRunner.runInSequence(MethodRunner.java:63)
	at org.testng.internal.invokers.TestInvoker$MethodInvocationAgent.invoke(TestInvoker.java:961)
	at org.testng.internal.invokers.TestInvoker.invokeTestMethods(TestInvoker.java:201)
	at org.testng.internal.invokers.TestMethodWorker.invokeTestMethods(TestMethodWorker.java:148)
	at org.testng.internal.invokers.TestMethodWorker.run(TestMethodWorker.java:128)
	at java.base/java.util.ArrayList.forEach(ArrayList.java:1597)
	at org.testng.TestRunner.privateRun(TestRunner.java:819)
	at org.testng.TestRunner.run(TestRunner.java:619)
	at org.testng.SuiteRunner.runTest(SuiteRunner.java:443)
	at org.testng.SuiteRunner$SuiteWorker.run(SuiteRunner.java:481)
	at org.testng.internal.thread.ThreadUtil.lambda$execute$0(ThreadUtil.java:58)
	at java.base/java.util.concurrent.FutureTask.run$$$capture(FutureTask.java:317)
	at java.base/java.util.concurrent.FutureTask.run(FutureTask.java)
	at --- Async.Stack.Trace --- (captured by IntelliJ IDEA debugger)
	at java.base/java.util.concurrent.FutureTask.<init>(FutureTask.java:132)
	at java.base/java.util.concurrent.AbstractExecutorService.newTaskFor(AbstractExecutorService.java:113)
	at java.base/java.util.concurrent.AbstractExecutorService.invokeAll(AbstractExecutorService.java:305)
	at org.testng.internal.thread.ThreadUtil.execute(ThreadUtil.java:64)
	at org.testng.SuiteRunner.runInParallelTestMode(SuiteRunner.java:464)
	at org.testng.SuiteRunner.privateRun(SuiteRunner.java:395)
	at org.testng.SuiteRunner.run(SuiteRunner.java:336)
	at org.testng.SuiteRunnerWorker.runSuite(SuiteRunnerWorker.java:52)
	at org.testng.SuiteRunnerWorker.run(SuiteRunnerWorker.java:95)
	at org.testng.TestNG.runSuitesSequentially(TestNG.java:1301)
	at org.testng.TestNG.runSuitesLocally(TestNG.java:1228)
	at org.testng.TestNG.runSuites(TestNG.java:1134)
	at org.testng.TestNG.run(TestNG.java:1101)
	at com.intellij.rt.testng.IDEARemoteTestNG.run(IDEARemoteTestNG.java:65)
	at com.intellij.rt.testng.RemoteTestNGStarter.main(RemoteTestNGStarter.java:105)
</textarea>
          
        </td>
      </tr>
  </tbody>
</table>
</div>
          </div>
        </li>
        <li class="test-item"  status="pass" test-id="35"
          author=""
          tag=""
          device="">
          <div class="test-detail">
            <p class="name">tests.CartTests :: testPriceCalculationVerification</p>
            <p class="text-sm">
              <span>2:30:26 PM</span> / <span>00:00:15:277</span>
              <span class="badge pass-bg log float-right">Pass</span>
            </p>
          </div>
          <div class="test-contents d-none">
<div class="detail-head">
<div class="p-v-10">
<div class="info">
<h5 class="test-status text-pass">tests.CartTests :: testPriceCalculationVerification</h5>
<span class='badge badge-success'>09.25.2025 2:30:26 PM</span>
<span class='badge badge-danger'>09.25.2025 2:30:42 PM</span>
<span class='badge badge-default'>00:00:15:277</span>
&middot; <span class='uri-anchor badge badge-default'>#test-id=35</span>
<span class='badge badge-default pointer float-right ml-1 et'><i class="fa fa-chevron-down"></i></span>
<span class='badge badge-default pointer float-right ct'><i class="fa fa-chevron-up"></i></span>
</div>
</div>
</div>    <div class="row mb-3"><div class="col-md-3">
<img data-featherlight='C:\Users\kadahari\Desktop\Harika\C\Demoblaze/output/screenshots/pass/testPriceCalculationVerification_20250925_143041.png' src="C:\Users\kadahari\Desktop\Harika\C\Demoblaze/output/screenshots/pass/testPriceCalculationVerification_20250925_143041.png">
    
    </div></div>
<div class="detail-body mt-4">
<table class="table table-sm">
  <thead><tr><th class="status-col">Status</th><th class="timestamp-col">Timestamp</th><th class="details-col">Details</th></tr></thead>
  <tbody>
      <tr class="event-row">
        <td><span class="badge log info-bg">Info</span></td>
        <td>2:30:26 PM</td>
        <td>
          Test parameters: []
        </td>
      </tr>
      <tr class="event-row">
        <td><span class="badge log pass-bg">Pass</span></td>
        <td>2:30:42 PM</td>
        <td>
          Test passed
        </td>
      </tr>
  </tbody>
</table>
</div>
          </div>
        </li>
        <li class="test-item"  status="pass" test-id="36"
          author=""
          tag=""
          device="">
          <div class="test-detail">
            <p class="name">tests.CartTests :: testAddProductToCart</p>
            <p class="text-sm">
              <span>2:30:41 PM</span> / <span>00:00:08:109</span>
              <span class="badge pass-bg log float-right">Pass</span>
            </p>
          </div>
          <div class="test-contents d-none">
<div class="detail-head">
<div class="p-v-10">
<div class="info">
<h5 class="test-status text-pass">tests.CartTests :: testAddProductToCart</h5>
<span class='badge badge-success'>09.25.2025 2:30:41 PM</span>
<span class='badge badge-danger'>09.25.2025 2:30:49 PM</span>
<span class='badge badge-default'>00:00:08:109</span>
&middot; <span class='uri-anchor badge badge-default'>#test-id=36</span>
<span class='badge badge-default pointer float-right ml-1 et'><i class="fa fa-chevron-down"></i></span>
<span class='badge badge-default pointer float-right ct'><i class="fa fa-chevron-up"></i></span>
</div>
</div>
</div>    <div class="row mb-3"><div class="col-md-3">
<img data-featherlight='C:\Users\kadahari\Desktop\Harika\C\Demoblaze/output/screenshots/pass/testAddProductToCart_20250925_143049.png' src="C:\Users\kadahari\Desktop\Harika\C\Demoblaze/output/screenshots/pass/testAddProductToCart_20250925_143049.png">
    
    </div></div>
<div class="detail-body mt-4">
<table class="table table-sm">
  <thead><tr><th class="status-col">Status</th><th class="timestamp-col">Timestamp</th><th class="details-col">Details</th></tr></thead>
  <tbody>
      <tr class="event-row">
        <td><span class="badge log info-bg">Info</span></td>
        <td>2:30:41 PM</td>
        <td>
          Test parameters: [Samsung galaxy s6, Add, 1.0, 360.0]
        </td>
      </tr>
      <tr class="event-row">
        <td><span class="badge log pass-bg">Pass</span></td>
        <td>2:30:49 PM</td>
        <td>
          Test passed
        </td>
      </tr>
  </tbody>
</table>
</div>
          </div>
        </li>
        <li class="test-item"  status="pass" test-id="37"
          author=""
          tag=""
          device="">
          <div class="test-detail">
            <p class="name">tests.CheckoutTests :: testGuestCheckoutSuccess</p>
            <p class="text-sm">
              <span>2:30:56 PM</span> / <span>00:00:27:574</span>
              <span class="badge pass-bg log float-right">Pass</span>
            </p>
          </div>
          <div class="test-contents d-none">
<div class="detail-head">
<div class="p-v-10">
<div class="info">
<h5 class="test-status text-pass">tests.CheckoutTests :: testGuestCheckoutSuccess</h5>
<span class='badge badge-success'>09.25.2025 2:30:56 PM</span>
<span class='badge badge-danger'>09.25.2025 2:31:24 PM</span>
<span class='badge badge-default'>00:00:27:574</span>
&middot; <span class='uri-anchor badge badge-default'>#test-id=37</span>
<span class='badge badge-default pointer float-right ml-1 et'><i class="fa fa-chevron-down"></i></span>
<span class='badge badge-default pointer float-right ct'><i class="fa fa-chevron-up"></i></span>
</div>
</div>
</div>    <div class="row mb-3"><div class="col-md-3">
<img data-featherlight='C:\Users\kadahari\Desktop\Harika\C\Demoblaze/output/screenshots/pass/testGuestCheckoutSuccess_20250925_143124.png' src="C:\Users\kadahari\Desktop\Harika\C\Demoblaze/output/screenshots/pass/testGuestCheckoutSuccess_20250925_143124.png">
    
    </div></div>
<div class="detail-body mt-4">
<table class="table table-sm">
  <thead><tr><th class="status-col">Status</th><th class="timestamp-col">Timestamp</th><th class="details-col">Details</th></tr></thead>
  <tbody>
      <tr class="event-row">
        <td><span class="badge log info-bg">Info</span></td>
        <td>2:30:56 PM</td>
        <td>
          Test parameters: []
        </td>
      </tr>
      <tr class="event-row">
        <td><span class="badge log pass-bg">Pass</span></td>
        <td>2:31:24 PM</td>
        <td>
          Test passed
        </td>
      </tr>
  </tbody>
</table>
</div>
          </div>
        </li>
        <li class="test-item"  status="pass" test-id="38"
          author=""
          tag=""
          device="">
          <div class="test-detail">
            <p class="name">tests.CartTests :: testAddProductToCart</p>
            <p class="text-sm">
              <span>2:31:09 PM</span> / <span>00:00:08:308</span>
              <span class="badge pass-bg log float-right">Pass</span>
            </p>
          </div>
          <div class="test-contents d-none">
<div class="detail-head">
<div class="p-v-10">
<div class="info">
<h5 class="test-status text-pass">tests.CartTests :: testAddProductToCart</h5>
<span class='badge badge-success'>09.25.2025 2:31:09 PM</span>
<span class='badge badge-danger'>09.25.2025 2:31:18 PM</span>
<span class='badge badge-default'>00:00:08:308</span>
&middot; <span class='uri-anchor badge badge-default'>#test-id=38</span>
<span class='badge badge-default pointer float-right ml-1 et'><i class="fa fa-chevron-down"></i></span>
<span class='badge badge-default pointer float-right ct'><i class="fa fa-chevron-up"></i></span>
</div>
</div>
</div>    <div class="row mb-3"><div class="col-md-3">
<img data-featherlight='C:\Users\kadahari\Desktop\Harika\C\Demoblaze/output/screenshots/pass/testAddProductToCart_20250925_143118.png' src="C:\Users\kadahari\Desktop\Harika\C\Demoblaze/output/screenshots/pass/testAddProductToCart_20250925_143118.png">
    
    </div></div>
<div class="detail-body mt-4">
<table class="table table-sm">
  <thead><tr><th class="status-col">Status</th><th class="timestamp-col">Timestamp</th><th class="details-col">Details</th></tr></thead>
  <tbody>
      <tr class="event-row">
        <td><span class="badge log info-bg">Info</span></td>
        <td>2:31:09 PM</td>
        <td>
          Test parameters: [Sony vaio i5, Add, 1.0, 790.0]
        </td>
      </tr>
      <tr class="event-row">
        <td><span class="badge log pass-bg">Pass</span></td>
        <td>2:31:18 PM</td>
        <td>
          Test passed
        </td>
      </tr>
  </tbody>
</table>
</div>
          </div>
        </li>
        <li class="test-item"  status="fail" test-id="39"
          author=""
          tag=""
          device="">
          <div class="test-detail">
            <p class="name">tests.CheckoutTests :: testRegisteredCheckoutSuccess</p>
            <p class="text-sm">
              <span>2:31:30 PM</span> / <span>00:00:11:139</span>
              <span class="badge fail-bg log float-right">Fail</span>
            </p>
          </div>
          <div class="test-contents d-none">
<div class="detail-head">
<div class="p-v-10">
<div class="info">
<h5 class="test-status text-fail">tests.CheckoutTests :: testRegisteredCheckoutSuccess</h5>
<span class='badge badge-success'>09.25.2025 2:31:30 PM</span>
<span class='badge badge-danger'>09.25.2025 2:31:41 PM</span>
<span class='badge badge-default'>00:00:11:139</span>
&middot; <span class='uri-anchor badge badge-default'>#test-id=39</span>
<span class='badge badge-default pointer float-right ml-1 et'><i class="fa fa-chevron-down"></i></span>
<span class='badge badge-default pointer float-right ct'><i class="fa fa-chevron-up"></i></span>
</div>
</div>
</div>    <div class="row mb-3"><div class="col-md-3">
<img data-featherlight='C:\Users\kadahari\Desktop\Harika\C\Demoblaze/output/screenshots/fail/testRegisteredCheckoutSuccess_20250925_143141.png' src="C:\Users\kadahari\Desktop\Harika\C\Demoblaze/output/screenshots/fail/testRegisteredCheckoutSuccess_20250925_143141.png">
    
    </div></div>
<div class="detail-body mt-4">
<table class="table table-sm">
  <thead><tr><th class="status-col">Status</th><th class="timestamp-col">Timestamp</th><th class="details-col">Details</th></tr></thead>
  <tbody>
      <tr class="event-row">
        <td><span class="badge log info-bg">Info</span></td>
        <td>2:31:30 PM</td>
        <td>
          Test parameters: []
        </td>
      </tr>
      <tr class="event-row">
        <td><span class="badge log fail-bg">Fail</span></td>
        <td>2:31:41 PM</td>
        <td>
          <textarea readonly class="code-block">java.lang.RuntimeException: Could not find and click product: Sony vaio i5
	at pages.HomePage.selectProduct(HomePage.java:74)
	at tests.CheckoutTests.runCheckoutTest(CheckoutTests.java:76)
	at tests.CheckoutTests.testRegisteredCheckoutSuccess(CheckoutTests.java:115)
	at java.base/jdk.internal.reflect.DirectMethodHandleAccessor.invoke(DirectMethodHandleAccessor.java:103)
	at java.base/java.lang.reflect.Method.invoke(Method.java:580)
	at org.testng.internal.invokers.MethodInvocationHelper.invokeMethod(MethodInvocationHelper.java:139)
	at org.testng.internal.invokers.TestInvoker.invokeMethod(TestInvoker.java:664)
	at org.testng.internal.invokers.TestInvoker.invokeTestMethod(TestInvoker.java:228)
	at org.testng.internal.invokers.MethodRunner.runInSequence(MethodRunner.java:63)
	at org.testng.internal.invokers.TestInvoker$MethodInvocationAgent.invoke(TestInvoker.java:961)
	at org.testng.internal.invokers.TestInvoker.invokeTestMethods(TestInvoker.java:201)
	at org.testng.internal.invokers.TestMethodWorker.invokeTestMethods(TestMethodWorker.java:148)
	at org.testng.internal.invokers.TestMethodWorker.run(TestMethodWorker.java:128)
	at java.base/java.util.ArrayList.forEach(ArrayList.java:1597)
	at org.testng.TestRunner.privateRun(TestRunner.java:819)
	at org.testng.TestRunner.run(TestRunner.java:619)
	at org.testng.SuiteRunner.runTest(SuiteRunner.java:443)
	at org.testng.SuiteRunner$SuiteWorker.run(SuiteRunner.java:481)
	at org.testng.internal.thread.ThreadUtil.lambda$execute$0(ThreadUtil.java:58)
	at java.base/java.util.concurrent.FutureTask.run$$$capture(FutureTask.java:317)
	at java.base/java.util.concurrent.FutureTask.run(FutureTask.java)
	at --- Async.Stack.Trace --- (captured by IntelliJ IDEA debugger)
	at java.base/java.util.concurrent.FutureTask.<init>(FutureTask.java:132)
	at java.base/java.util.concurrent.AbstractExecutorService.newTaskFor(AbstractExecutorService.java:113)
	at java.base/java.util.concurrent.AbstractExecutorService.invokeAll(AbstractExecutorService.java:305)
	at org.testng.internal.thread.ThreadUtil.execute(ThreadUtil.java:64)
	at org.testng.SuiteRunner.runInParallelTestMode(SuiteRunner.java:464)
	at org.testng.SuiteRunner.privateRun(SuiteRunner.java:395)
	at org.testng.SuiteRunner.run(SuiteRunner.java:336)
	at org.testng.SuiteRunnerWorker.runSuite(SuiteRunnerWorker.java:52)
	at org.testng.SuiteRunnerWorker.run(SuiteRunnerWorker.java:95)
	at org.testng.TestNG.runSuitesSequentially(TestNG.java:1301)
	at org.testng.TestNG.runSuitesLocally(TestNG.java:1228)
	at org.testng.TestNG.runSuites(TestNG.java:1134)
	at org.testng.TestNG.run(TestNG.java:1101)
	at com.intellij.rt.testng.IDEARemoteTestNG.run(IDEARemoteTestNG.java:65)
	at com.intellij.rt.testng.RemoteTestNGStarter.main(RemoteTestNGStarter.java:105)
Caused by: java.lang.RuntimeException: Click failed on Product: Sony vaio i5
	at pages.BasePage.click(BasePage.java:34)
	at pages.HomePage.selectProduct(HomePage.java:70)
	... 36 more
Caused by: org.openqa.selenium.StaleElementReferenceException: stale element reference: stale element not found
  (Session info: chrome=140.0.7339.186)
For documentation on this error, please visit: https://www.selenium.dev/documentation/webdriver/troubleshooting/errors#stale-element-reference-exception
Build info: version: '4.15.0', revision: '1d14b5521b'
System info: os.name: 'Windows 11', os.arch: 'amd64', os.version: '10.0', java.version: '23.0.2'
Driver info: org.openqa.selenium.chrome.ChromeDriver
Command: [031f5201f94ff458a1cf637ae8530b23, clickElement {id=f.211E47BB511803123E9D9D0407AB6A15.d.28472A8850F5DCD3289ADDA75E44EECC.e.96}]
Capabilities {acceptInsecureCerts: false, browserName: chrome, browserVersion: 140.0.7339.186, chrome: {chromedriverVersion: 140.0.7339.207 (17230b545fd..., userDataDir: C:\Users\kadahari\AppData\L...}, fedcm:accounts: true, goog:chromeOptions: {debuggerAddress: localhost:60157}, networkConnectionEnabled: false, pageLoadStrategy: normal, platformName: windows, proxy: Proxy(), se:cdp: ws://localhost:60157/devtoo..., se:cdpVersion: 140.0.7339.186, setWindowRect: true, strictFileInteractability: false, timeouts: {implicit: 0, pageLoad: 300000, script: 30000}, unhandledPromptBehavior: dismiss and notify, webauthn:extension:credBlob: true, webauthn:extension:largeBlob: true, webauthn:extension:minPinLength: true, webauthn:extension:prf: true, webauthn:virtualAuthenticators: true}
Element: [[ChromeDriver: chrome on windows (031f5201f94ff458a1cf637ae8530b23)] -> xpath: //a[@class='hrefch'][text()='Sony vaio i5']]
Session ID: 031f5201f94ff458a1cf637ae8530b23
	at java.base/jdk.internal.reflect.DirectConstructorHandleAccessor.newInstance(DirectConstructorHandleAccessor.java:62)
	at java.base/java.lang.reflect.Constructor.newInstanceWithCaller(Constructor.java:501)
	at java.base/java.lang.reflect.Constructor.newInstance(Constructor.java:485)
	at org.openqa.selenium.remote.codec.w3c.W3CHttpResponseCodec.createException(W3CHttpResponseCodec.java:200)
	at org.openqa.selenium.remote.codec.w3c.W3CHttpResponseCodec.decode(W3CHttpResponseCodec.java:133)
	at org.openqa.selenium.remote.codec.w3c.W3CHttpResponseCodec.decode(W3CHttpResponseCodec.java:52)
	at org.openqa.selenium.remote.HttpCommandExecutor.execute(HttpCommandExecutor.java:191)
	at org.openqa.selenium.remote.service.DriverCommandExecutor.invokeExecute(DriverCommandExecutor.java:200)
	at org.openqa.selenium.remote.service.DriverCommandExecutor.execute(DriverCommandExecutor.java:175)
	at org.openqa.selenium.remote.RemoteWebDriver.execute(RemoteWebDriver.java:607)
	at org.openqa.selenium.remote.RemoteWebElement.execute(RemoteWebElement.java:224)
	at org.openqa.selenium.remote.RemoteWebElement.click(RemoteWebElement.java:77)
	at pages.BasePage.click(BasePage.java:30)
	... 37 more
</textarea>
          
        </td>
      </tr>
  </tbody>
</table>
</div>
          </div>
        </li>
        <li class="test-item"  status="pass" test-id="40"
          author=""
          tag=""
          device="">
          <div class="test-detail">
            <p class="name">tests.CartTests :: testAddProductToCart</p>
            <p class="text-sm">
              <span>2:31:39 PM</span> / <span>00:00:11:896</span>
              <span class="badge pass-bg log float-right">Pass</span>
            </p>
          </div>
          <div class="test-contents d-none">
<div class="detail-head">
<div class="p-v-10">
<div class="info">
<h5 class="test-status text-pass">tests.CartTests :: testAddProductToCart</h5>
<span class='badge badge-success'>09.25.2025 2:31:39 PM</span>
<span class='badge badge-danger'>09.25.2025 2:31:50 PM</span>
<span class='badge badge-default'>00:00:11:896</span>
&middot; <span class='uri-anchor badge badge-default'>#test-id=40</span>
<span class='badge badge-default pointer float-right ml-1 et'><i class="fa fa-chevron-down"></i></span>
<span class='badge badge-default pointer float-right ct'><i class="fa fa-chevron-up"></i></span>
</div>
</div>
</div>    <div class="row mb-3"><div class="col-md-3">
<img data-featherlight='C:\Users\kadahari\Desktop\Harika\C\Demoblaze/output/screenshots/pass/testAddProductToCart_20250925_143150.png' src="C:\Users\kadahari\Desktop\Harika\C\Demoblaze/output/screenshots/pass/testAddProductToCart_20250925_143150.png">
    
    </div></div>
<div class="detail-body mt-4">
<table class="table table-sm">
  <thead><tr><th class="status-col">Status</th><th class="timestamp-col">Timestamp</th><th class="details-col">Details</th></tr></thead>
  <tbody>
      <tr class="event-row">
        <td><span class="badge log info-bg">Info</span></td>
        <td>2:31:39 PM</td>
        <td>
          Test parameters: [Nokia lumia 1520, Add, 1.0, 820.0]
        </td>
      </tr>
      <tr class="event-row">
        <td><span class="badge log pass-bg">Pass</span></td>
        <td>2:31:50 PM</td>
        <td>
          Test passed
        </td>
      </tr>
  </tbody>
</table>
</div>
          </div>
        </li>
        <li class="test-item"  status="fail" test-id="41"
          author=""
          tag=""
          device="">
          <div class="test-detail">
            <p class="name">tests.CheckoutTests :: testMissingShippingAddress</p>
            <p class="text-sm">
              <span>2:31:50 PM</span> / <span>00:00:24:857</span>
              <span class="badge fail-bg log float-right">Fail</span>
            </p>
          </div>
          <div class="test-contents d-none">
<div class="detail-head">
<div class="p-v-10">
<div class="info">
<h5 class="test-status text-fail">tests.CheckoutTests :: testMissingShippingAddress</h5>
<span class='badge badge-success'>09.25.2025 2:31:50 PM</span>
<span class='badge badge-danger'>09.25.2025 2:32:15 PM</span>
<span class='badge badge-default'>00:00:24:857</span>
&middot; <span class='uri-anchor badge badge-default'>#test-id=41</span>
<span class='badge badge-default pointer float-right ml-1 et'><i class="fa fa-chevron-down"></i></span>
<span class='badge badge-default pointer float-right ct'><i class="fa fa-chevron-up"></i></span>
</div>
</div>
</div>    <div class="row mb-3"><div class="col-md-3">
<img data-featherlight='C:\Users\kadahari\Desktop\Harika\C\Demoblaze/output/screenshots/fail/testMissingShippingAddress_20250925_143215.png' src="C:\Users\kadahari\Desktop\Harika\C\Demoblaze/output/screenshots/fail/testMissingShippingAddress_20250925_143215.png">
    
    </div></div>
<div class="detail-body mt-4">
<table class="table table-sm">
  <thead><tr><th class="status-col">Status</th><th class="timestamp-col">Timestamp</th><th class="details-col">Details</th></tr></thead>
  <tbody>
      <tr class="event-row">
        <td><span class="badge log info-bg">Info</span></td>
        <td>2:31:50 PM</td>
        <td>
          Test parameters: []
        </td>
      </tr>
      <tr class="event-row">
        <td><span class="badge log fail-bg">Fail</span></td>
        <td>2:32:15 PM</td>
        <td>
          <textarea readonly class="code-block">java.lang.AssertionError: Validation failed for user type: Guest expected [Shipping address required] but found [Thank you for your purchase!]
	at org.testng.Assert.fail(Assert.java:111)
	at org.testng.Assert.failNotEquals(Assert.java:1578)
	at org.testng.Assert.assertEqualsImpl(Assert.java:150)
	at org.testng.Assert.assertEquals(Assert.java:132)
	at org.testng.Assert.assertEquals(Assert.java:656)
	at tests.CheckoutTests.runCheckoutTest(CheckoutTests.java:105)
	at tests.CheckoutTests.testMissingShippingAddress(CheckoutTests.java:120)
	at java.base/jdk.internal.reflect.DirectMethodHandleAccessor.invoke(DirectMethodHandleAccessor.java:103)
	at java.base/java.lang.reflect.Method.invoke(Method.java:580)
	at org.testng.internal.invokers.MethodInvocationHelper.invokeMethod(MethodInvocationHelper.java:139)
	at org.testng.internal.invokers.TestInvoker.invokeMethod(TestInvoker.java:664)
	at org.testng.internal.invokers.TestInvoker.invokeTestMethod(TestInvoker.java:228)
	at org.testng.internal.invokers.MethodRunner.runInSequence(MethodRunner.java:63)
	at org.testng.internal.invokers.TestInvoker$MethodInvocationAgent.invoke(TestInvoker.java:961)
	at org.testng.internal.invokers.TestInvoker.invokeTestMethods(TestInvoker.java:201)
	at org.testng.internal.invokers.TestMethodWorker.invokeTestMethods(TestMethodWorker.java:148)
	at org.testng.internal.invokers.TestMethodWorker.run(TestMethodWorker.java:128)
	at java.base/java.util.ArrayList.forEach(ArrayList.java:1597)
	at org.testng.TestRunner.privateRun(TestRunner.java:819)
	at org.testng.TestRunner.run(TestRunner.java:619)
	at org.testng.SuiteRunner.runTest(SuiteRunner.java:443)
	at org.testng.SuiteRunner$SuiteWorker.run(SuiteRunner.java:481)
	at org.testng.internal.thread.ThreadUtil.lambda$execute$0(ThreadUtil.java:58)
	at java.base/java.util.concurrent.FutureTask.run$$$capture(FutureTask.java:317)
	at java.base/java.util.concurrent.FutureTask.run(FutureTask.java)
	at --- Async.Stack.Trace --- (captured by IntelliJ IDEA debugger)
	at java.base/java.util.concurrent.FutureTask.<init>(FutureTask.java:132)
	at java.base/java.util.concurrent.AbstractExecutorService.newTaskFor(AbstractExecutorService.java:113)
	at java.base/java.util.concurrent.AbstractExecutorService.invokeAll(AbstractExecutorService.java:305)
	at org.testng.internal.thread.ThreadUtil.execute(ThreadUtil.java:64)
	at org.testng.SuiteRunner.runInParallelTestMode(SuiteRunner.java:464)
	at org.testng.SuiteRunner.privateRun(SuiteRunner.java:395)
	at org.testng.SuiteRunner.run(SuiteRunner.java:336)
	at org.testng.SuiteRunnerWorker.runSuite(SuiteRunnerWorker.java:52)
	at org.testng.SuiteRunnerWorker.run(SuiteRunnerWorker.java:95)
	at org.testng.TestNG.runSuitesSequentially(TestNG.java:1301)
	at org.testng.TestNG.runSuitesLocally(TestNG.java:1228)
	at org.testng.TestNG.runSuites(TestNG.java:1134)
	at org.testng.TestNG.run(TestNG.java:1101)
	at com.intellij.rt.testng.IDEARemoteTestNG.run(IDEARemoteTestNG.java:65)
	at com.intellij.rt.testng.RemoteTestNGStarter.main(RemoteTestNGStarter.java:105)
</textarea>
          
        </td>
      </tr>
  </tbody>
</table>
</div>
          </div>
        </li>
        <li class="test-item"  status="pass" test-id="42"
          author=""
          tag=""
          device="">
          <div class="test-detail">
            <p class="name">tests.CartTests :: testRemoveProductFromCart</p>
            <p class="text-sm">
              <span>2:32:08 PM</span> / <span>00:00:12:554</span>
              <span class="badge pass-bg log float-right">Pass</span>
            </p>
          </div>
          <div class="test-contents d-none">
<div class="detail-head">
<div class="p-v-10">
<div class="info">
<h5 class="test-status text-pass">tests.CartTests :: testRemoveProductFromCart</h5>
<span class='badge badge-success'>09.25.2025 2:32:08 PM</span>
<span class='badge badge-danger'>09.25.2025 2:32:20 PM</span>
<span class='badge badge-default'>00:00:12:554</span>
&middot; <span class='uri-anchor badge badge-default'>#test-id=42</span>
<span class='badge badge-default pointer float-right ml-1 et'><i class="fa fa-chevron-down"></i></span>
<span class='badge badge-default pointer float-right ct'><i class="fa fa-chevron-up"></i></span>
</div>
</div>
</div>    <div class="row mb-3"><div class="col-md-3">
<img data-featherlight='C:\Users\kadahari\Desktop\Harika\C\Demoblaze/output/screenshots/pass/testRemoveProductFromCart_20250925_143220.png' src="C:\Users\kadahari\Desktop\Harika\C\Demoblaze/output/screenshots/pass/testRemoveProductFromCart_20250925_143220.png">
    
    </div></div>
<div class="detail-body mt-4">
<table class="table table-sm">
  <thead><tr><th class="status-col">Status</th><th class="timestamp-col">Timestamp</th><th class="details-col">Details</th></tr></thead>
  <tbody>
      <tr class="event-row">
        <td><span class="badge log info-bg">Info</span></td>
        <td>2:32:08 PM</td>
        <td>
          Test parameters: [Samsung galaxy s6, Remove, 0.0, 0.0]
        </td>
      </tr>
      <tr class="event-row">
        <td><span class="badge log pass-bg">Pass</span></td>
        <td>2:32:20 PM</td>
        <td>
          Test passed
        </td>
      </tr>
  </tbody>
</table>
</div>
          </div>
        </li>
        <li class="test-item"  status="fail" test-id="43"
          author=""
          tag=""
          device="">
          <div class="test-detail">
            <p class="name">tests.CheckoutTests :: testMissingPaymentMethod</p>
            <p class="text-sm">
              <span>2:32:20 PM</span> / <span>00:00:07:703</span>
              <span class="badge fail-bg log float-right">Fail</span>
            </p>
          </div>
          <div class="test-contents d-none">
<div class="detail-head">
<div class="p-v-10">
<div class="info">
<h5 class="test-status text-fail">tests.CheckoutTests :: testMissingPaymentMethod</h5>
<span class='badge badge-success'>09.25.2025 2:32:20 PM</span>
<span class='badge badge-danger'>09.25.2025 2:32:28 PM</span>
<span class='badge badge-default'>00:00:07:703</span>
&middot; <span class='uri-anchor badge badge-default'>#test-id=43</span>
<span class='badge badge-default pointer float-right ml-1 et'><i class="fa fa-chevron-down"></i></span>
<span class='badge badge-default pointer float-right ct'><i class="fa fa-chevron-up"></i></span>
</div>
</div>
</div>    <div class="row mb-3"><div class="col-md-3">
<img data-featherlight='C:\Users\kadahari\Desktop\Harika\C\Demoblaze/output/screenshots/fail/testMissingPaymentMethod_20250925_143228.png' src="C:\Users\kadahari\Desktop\Harika\C\Demoblaze/output/screenshots/fail/testMissingPaymentMethod_20250925_143228.png">
    
    </div></div>
<div class="detail-body mt-4">
<table class="table table-sm">
  <thead><tr><th class="status-col">Status</th><th class="timestamp-col">Timestamp</th><th class="details-col">Details</th></tr></thead>
  <tbody>
      <tr class="event-row">
        <td><span class="badge log info-bg">Info</span></td>
        <td>2:32:20 PM</td>
        <td>
          Test parameters: []
        </td>
      </tr>
      <tr class="event-row">
        <td><span class="badge log fail-bg">Fail</span></td>
        <td>2:32:28 PM</td>
        <td>
          <textarea readonly class="code-block">java.lang.RuntimeException: Could not find and click product: Sony vaio i5
	at pages.HomePage.selectProduct(HomePage.java:74)
	at tests.CheckoutTests.runCheckoutTest(CheckoutTests.java:76)
	at tests.CheckoutTests.testMissingPaymentMethod(CheckoutTests.java:125)
	at java.base/jdk.internal.reflect.DirectMethodHandleAccessor.invoke(DirectMethodHandleAccessor.java:103)
	at java.base/java.lang.reflect.Method.invoke(Method.java:580)
	at org.testng.internal.invokers.MethodInvocationHelper.invokeMethod(MethodInvocationHelper.java:139)
	at org.testng.internal.invokers.TestInvoker.invokeMethod(TestInvoker.java:664)
	at org.testng.internal.invokers.TestInvoker.invokeTestMethod(TestInvoker.java:228)
	at org.testng.internal.invokers.MethodRunner.runInSequence(MethodRunner.java:63)
	at org.testng.internal.invokers.TestInvoker$MethodInvocationAgent.invoke(TestInvoker.java:961)
	at org.testng.internal.invokers.TestInvoker.invokeTestMethods(TestInvoker.java:201)
	at org.testng.internal.invokers.TestMethodWorker.invokeTestMethods(TestMethodWorker.java:148)
	at org.testng.internal.invokers.TestMethodWorker.run(TestMethodWorker.java:128)
	at java.base/java.util.ArrayList.forEach(ArrayList.java:1597)
	at org.testng.TestRunner.privateRun(TestRunner.java:819)
	at org.testng.TestRunner.run(TestRunner.java:619)
	at org.testng.SuiteRunner.runTest(SuiteRunner.java:443)
	at org.testng.SuiteRunner$SuiteWorker.run(SuiteRunner.java:481)
	at org.testng.internal.thread.ThreadUtil.lambda$execute$0(ThreadUtil.java:58)
	at java.base/java.util.concurrent.FutureTask.run$$$capture(FutureTask.java:317)
	at java.base/java.util.concurrent.FutureTask.run(FutureTask.java)
	at --- Async.Stack.Trace --- (captured by IntelliJ IDEA debugger)
	at java.base/java.util.concurrent.FutureTask.<init>(FutureTask.java:132)
	at java.base/java.util.concurrent.AbstractExecutorService.newTaskFor(AbstractExecutorService.java:113)
	at java.base/java.util.concurrent.AbstractExecutorService.invokeAll(AbstractExecutorService.java:305)
	at org.testng.internal.thread.ThreadUtil.execute(ThreadUtil.java:64)
	at org.testng.SuiteRunner.runInParallelTestMode(SuiteRunner.java:464)
	at org.testng.SuiteRunner.privateRun(SuiteRunner.java:395)
	at org.testng.SuiteRunner.run(SuiteRunner.java:336)
	at org.testng.SuiteRunnerWorker.runSuite(SuiteRunnerWorker.java:52)
	at org.testng.SuiteRunnerWorker.run(SuiteRunnerWorker.java:95)
	at org.testng.TestNG.runSuitesSequentially(TestNG.java:1301)
	at org.testng.TestNG.runSuitesLocally(TestNG.java:1228)
	at org.testng.TestNG.runSuites(TestNG.java:1134)
	at org.testng.TestNG.run(TestNG.java:1101)
	at com.intellij.rt.testng.IDEARemoteTestNG.run(IDEARemoteTestNG.java:65)
	at com.intellij.rt.testng.RemoteTestNGStarter.main(RemoteTestNGStarter.java:105)
Caused by: java.lang.RuntimeException: Click failed on Product: Sony vaio i5
	at pages.BasePage.click(BasePage.java:34)
	at pages.HomePage.selectProduct(HomePage.java:70)
	... 36 more
Caused by: org.openqa.selenium.StaleElementReferenceException: stale element reference: stale element not found
  (Session info: chrome=140.0.7339.186)
For documentation on this error, please visit: https://www.selenium.dev/documentation/webdriver/troubleshooting/errors#stale-element-reference-exception
Build info: version: '4.15.0', revision: '1d14b5521b'
System info: os.name: 'Windows 11', os.arch: 'amd64', os.version: '10.0', java.version: '23.0.2'
Driver info: org.openqa.selenium.chrome.ChromeDriver
Command: [185720d33b8e5646161ed1de67863a1c, clickElement {id=f.7CD079D4BB5B10F13994D15BEF332FB7.d.9EE4FC5386669EE05886D83236D14CEB.e.92}]
Capabilities {acceptInsecureCerts: false, browserName: chrome, browserVersion: 140.0.7339.186, chrome: {chromedriverVersion: 140.0.7339.207 (17230b545fd..., userDataDir: C:\Users\kadahari\AppData\L...}, fedcm:accounts: true, goog:chromeOptions: {debuggerAddress: localhost:60337}, networkConnectionEnabled: false, pageLoadStrategy: normal, platformName: windows, proxy: Proxy(), se:cdp: ws://localhost:60337/devtoo..., se:cdpVersion: 140.0.7339.186, setWindowRect: true, strictFileInteractability: false, timeouts: {implicit: 0, pageLoad: 300000, script: 30000}, unhandledPromptBehavior: dismiss and notify, webauthn:extension:credBlob: true, webauthn:extension:largeBlob: true, webauthn:extension:minPinLength: true, webauthn:extension:prf: true, webauthn:virtualAuthenticators: true}
Element: [[ChromeDriver: chrome on windows (185720d33b8e5646161ed1de67863a1c)] -> xpath: //a[@class='hrefch'][text()='Sony vaio i5']]
Session ID: 185720d33b8e5646161ed1de67863a1c
	at java.base/jdk.internal.reflect.DirectConstructorHandleAccessor.newInstance(DirectConstructorHandleAccessor.java:62)
	at java.base/java.lang.reflect.Constructor.newInstanceWithCaller(Constructor.java:501)
	at java.base/java.lang.reflect.Constructor.newInstance(Constructor.java:485)
	at org.openqa.selenium.remote.codec.w3c.W3CHttpResponseCodec.createException(W3CHttpResponseCodec.java:200)
	at org.openqa.selenium.remote.codec.w3c.W3CHttpResponseCodec.decode(W3CHttpResponseCodec.java:133)
	at org.openqa.selenium.remote.codec.w3c.W3CHttpResponseCodec.decode(W3CHttpResponseCodec.java:52)
	at org.openqa.selenium.remote.HttpCommandExecutor.execute(HttpCommandExecutor.java:191)
	at org.openqa.selenium.remote.service.DriverCommandExecutor.invokeExecute(DriverCommandExecutor.java:200)
	at org.openqa.selenium.remote.service.DriverCommandExecutor.execute(DriverCommandExecutor.java:175)
	at org.openqa.selenium.remote.RemoteWebDriver.execute(RemoteWebDriver.java:607)
	at org.openqa.selenium.remote.RemoteWebElement.execute(RemoteWebElement.java:224)
	at org.openqa.selenium.remote.RemoteWebElement.click(RemoteWebElement.java:77)
	at pages.BasePage.click(BasePage.java:30)
	... 37 more
</textarea>
          
        </td>
      </tr>
  </tbody>
</table>
</div>
          </div>
        </li>
        <li class="test-item"  status="pass" test-id="44"
          author=""
          tag=""
          device="">
          <div class="test-detail">
            <p class="name">tests.CheckoutTests :: testGuestCheckoutWithDebitCard</p>
            <p class="text-sm">
              <span>2:32:35 PM</span> / <span>00:00:24:375</span>
              <span class="badge pass-bg log float-right">Pass</span>
            </p>
          </div>
          <div class="test-contents d-none">
<div class="detail-head">
<div class="p-v-10">
<div class="info">
<h5 class="test-status text-pass">tests.CheckoutTests :: testGuestCheckoutWithDebitCard</h5>
<span class='badge badge-success'>09.25.2025 2:32:35 PM</span>
<span class='badge badge-danger'>09.25.2025 2:32:59 PM</span>
<span class='badge badge-default'>00:00:24:375</span>
&middot; <span class='uri-anchor badge badge-default'>#test-id=44</span>
<span class='badge badge-default pointer float-right ml-1 et'><i class="fa fa-chevron-down"></i></span>
<span class='badge badge-default pointer float-right ct'><i class="fa fa-chevron-up"></i></span>
</div>
</div>
</div>    <div class="row mb-3"><div class="col-md-3">
<img data-featherlight='C:\Users\kadahari\Desktop\Harika\C\Demoblaze/output/screenshots/pass/testGuestCheckoutWithDebitCard_20250925_143259.png' src="C:\Users\kadahari\Desktop\Harika\C\Demoblaze/output/screenshots/pass/testGuestCheckoutWithDebitCard_20250925_143259.png">
    
    </div></div>
<div class="detail-body mt-4">
<table class="table table-sm">
  <thead><tr><th class="status-col">Status</th><th class="timestamp-col">Timestamp</th><th class="details-col">Details</th></tr></thead>
  <tbody>
      <tr class="event-row">
        <td><span class="badge log info-bg">Info</span></td>
        <td>2:32:35 PM</td>
        <td>
          Test parameters: []
        </td>
      </tr>
      <tr class="event-row">
        <td><span class="badge log pass-bg">Pass</span></td>
        <td>2:32:59 PM</td>
        <td>
          Test passed
        </td>
      </tr>
  </tbody>
</table>
</div>
          </div>
        </li>
        <li class="test-item"  status="pass" test-id="45"
          author=""
          tag=""
          device="">
          <div class="test-detail">
            <p class="name">tests.CartTests :: testRemoveProductFromCart</p>
            <p class="text-sm">
              <span>2:32:50 PM</span> / <span>00:00:10:879</span>
              <span class="badge pass-bg log float-right">Pass</span>
            </p>
          </div>
          <div class="test-contents d-none">
<div class="detail-head">
<div class="p-v-10">
<div class="info">
<h5 class="test-status text-pass">tests.CartTests :: testRemoveProductFromCart</h5>
<span class='badge badge-success'>09.25.2025 2:32:50 PM</span>
<span class='badge badge-danger'>09.25.2025 2:33:01 PM</span>
<span class='badge badge-default'>00:00:10:879</span>
&middot; <span class='uri-anchor badge badge-default'>#test-id=45</span>
<span class='badge badge-default pointer float-right ml-1 et'><i class="fa fa-chevron-down"></i></span>
<span class='badge badge-default pointer float-right ct'><i class="fa fa-chevron-up"></i></span>
</div>
</div>
</div>    <div class="row mb-3"><div class="col-md-3">
<img data-featherlight='C:\Users\kadahari\Desktop\Harika\C\Demoblaze/output/screenshots/pass/testRemoveProductFromCart_20250925_143301.png' src="C:\Users\kadahari\Desktop\Harika\C\Demoblaze/output/screenshots/pass/testRemoveProductFromCart_20250925_143301.png">
    
    </div></div>
<div class="detail-body mt-4">
<table class="table table-sm">
  <thead><tr><th class="status-col">Status</th><th class="timestamp-col">Timestamp</th><th class="details-col">Details</th></tr></thead>
  <tbody>
      <tr class="event-row">
        <td><span class="badge log info-bg">Info</span></td>
        <td>2:32:50 PM</td>
        <td>
          Test parameters: [Sony vaio i5, Remove, 0.0, 0.0]
        </td>
      </tr>
      <tr class="event-row">
        <td><span class="badge log pass-bg">Pass</span></td>
        <td>2:33:01 PM</td>
        <td>
          Test passed
        </td>
      </tr>
  </tbody>
</table>
</div>
          </div>
        </li>
        <li class="test-item"  status="pass" test-id="46"
          author=""
          tag=""
          device="">
          <div class="test-detail">
            <p class="name">tests.CartTests :: testCartPersistenceAcrossSessions</p>
            <p class="text-sm">
              <span>2:33:16 PM</span> / <span>00:00:21:701</span>
              <span class="badge pass-bg log float-right">Pass</span>
            </p>
          </div>
          <div class="test-contents d-none">
<div class="detail-head">
<div class="p-v-10">
<div class="info">
<h5 class="test-status text-pass">tests.CartTests :: testCartPersistenceAcrossSessions</h5>
<span class='badge badge-success'>09.25.2025 2:33:16 PM</span>
<span class='badge badge-danger'>09.25.2025 2:33:38 PM</span>
<span class='badge badge-default'>00:00:21:701</span>
&middot; <span class='uri-anchor badge badge-default'>#test-id=46</span>
<span class='badge badge-default pointer float-right ml-1 et'><i class="fa fa-chevron-down"></i></span>
<span class='badge badge-default pointer float-right ct'><i class="fa fa-chevron-up"></i></span>
</div>
</div>
</div>    <div class="row mb-3"><div class="col-md-3">
<img data-featherlight='C:\Users\kadahari\Desktop\Harika\C\Demoblaze/output/screenshots/pass/testCartPersistenceAcrossSessions_20250925_143338.png' src="C:\Users\kadahari\Desktop\Harika\C\Demoblaze/output/screenshots/pass/testCartPersistenceAcrossSessions_20250925_143338.png">
    
    </div></div>
<div class="detail-body mt-4">
<table class="table table-sm">
  <thead><tr><th class="status-col">Status</th><th class="timestamp-col">Timestamp</th><th class="details-col">Details</th></tr></thead>
  <tbody>
      <tr class="event-row">
        <td><span class="badge log info-bg">Info</span></td>
        <td>2:33:16 PM</td>
        <td>
          Test parameters: []
        </td>
      </tr>
      <tr class="event-row">
        <td><span class="badge log pass-bg">Pass</span></td>
        <td>2:33:38 PM</td>
        <td>
          Test passed
        </td>
      </tr>
  </tbody>
</table>
</div>
          </div>
        </li>
        <li class="test-item"  status="pass" test-id="47"
          author=""
          tag=""
          device="">
          <div class="test-detail">
            <p class="name">tests.CartTests :: testPriceCalculationVerification</p>
            <p class="text-sm">
              <span>2:33:52 PM</span> / <span>00:00:07:441</span>
              <span class="badge pass-bg log float-right">Pass</span>
            </p>
          </div>
          <div class="test-contents d-none">
<div class="detail-head">
<div class="p-v-10">
<div class="info">
<h5 class="test-status text-pass">tests.CartTests :: testPriceCalculationVerification</h5>
<span class='badge badge-success'>09.25.2025 2:33:52 PM</span>
<span class='badge badge-danger'>09.25.2025 2:33:59 PM</span>
<span class='badge badge-default'>00:00:07:441</span>
&middot; <span class='uri-anchor badge badge-default'>#test-id=47</span>
<span class='badge badge-default pointer float-right ml-1 et'><i class="fa fa-chevron-down"></i></span>
<span class='badge badge-default pointer float-right ct'><i class="fa fa-chevron-up"></i></span>
</div>
</div>
</div>    <div class="row mb-3"><div class="col-md-3">
<img data-featherlight='C:\Users\kadahari\Desktop\Harika\C\Demoblaze/output/screenshots/pass/testPriceCalculationVerification_20250925_143359.png' src="C:\Users\kadahari\Desktop\Harika\C\Demoblaze/output/screenshots/pass/testPriceCalculationVerification_20250925_143359.png">
    
    </div></div>
<div class="detail-body mt-4">
<table class="table table-sm">
  <thead><tr><th class="status-col">Status</th><th class="timestamp-col">Timestamp</th><th class="details-col">Details</th></tr></thead>
  <tbody>
      <tr class="event-row">
        <td><span class="badge log info-bg">Info</span></td>
        <td>2:33:52 PM</td>
        <td>
          Test parameters: []
        </td>
      </tr>
      <tr class="event-row">
        <td><span class="badge log pass-bg">Pass</span></td>
        <td>2:33:59 PM</td>
        <td>
          Test passed
        </td>
      </tr>
  </tbody>
</table>
</div>
          </div>
        </li>
        <li class="test-item"  status="pass" test-id="48"
          author=""
          tag=""
          device="">
          <div class="test-detail">
            <p class="name">tests.CheckoutTests :: testGuestCheckoutSuccess</p>
            <p class="text-sm">
              <span>2:34:11 PM</span> / <span>00:00:14:088</span>
              <span class="badge pass-bg log float-right">Pass</span>
            </p>
          </div>
          <div class="test-contents d-none">
<div class="detail-head">
<div class="p-v-10">
<div class="info">
<h5 class="test-status text-pass">tests.CheckoutTests :: testGuestCheckoutSuccess</h5>
<span class='badge badge-success'>09.25.2025 2:34:11 PM</span>
<span class='badge badge-danger'>09.25.2025 2:34:25 PM</span>
<span class='badge badge-default'>00:00:14:088</span>
&middot; <span class='uri-anchor badge badge-default'>#test-id=48</span>
<span class='badge badge-default pointer float-right ml-1 et'><i class="fa fa-chevron-down"></i></span>
<span class='badge badge-default pointer float-right ct'><i class="fa fa-chevron-up"></i></span>
</div>
</div>
</div>    <div class="row mb-3"><div class="col-md-3">
<img data-featherlight='C:\Users\kadahari\Desktop\Harika\C\Demoblaze/output/screenshots/pass/testGuestCheckoutSuccess_20250925_143425.png' src="C:\Users\kadahari\Desktop\Harika\C\Demoblaze/output/screenshots/pass/testGuestCheckoutSuccess_20250925_143425.png">
    
    </div></div>
<div class="detail-body mt-4">
<table class="table table-sm">
  <thead><tr><th class="status-col">Status</th><th class="timestamp-col">Timestamp</th><th class="details-col">Details</th></tr></thead>
  <tbody>
      <tr class="event-row">
        <td><span class="badge log info-bg">Info</span></td>
        <td>2:34:11 PM</td>
        <td>
          Test parameters: []
        </td>
      </tr>
      <tr class="event-row">
        <td><span class="badge log pass-bg">Pass</span></td>
        <td>2:34:25 PM</td>
        <td>
          Test passed
        </td>
      </tr>
  </tbody>
</table>
</div>
          </div>
        </li>
        <li class="test-item"  status="fail" test-id="49"
          author=""
          tag=""
          device="">
          <div class="test-detail">
            <p class="name">tests.CheckoutTests :: testRegisteredCheckoutSuccess</p>
            <p class="text-sm">
              <span>2:34:35 PM</span> / <span>00:00:04:150</span>
              <span class="badge fail-bg log float-right">Fail</span>
            </p>
          </div>
          <div class="test-contents d-none">
<div class="detail-head">
<div class="p-v-10">
<div class="info">
<h5 class="test-status text-fail">tests.CheckoutTests :: testRegisteredCheckoutSuccess</h5>
<span class='badge badge-success'>09.25.2025 2:34:35 PM</span>
<span class='badge badge-danger'>09.25.2025 2:34:40 PM</span>
<span class='badge badge-default'>00:00:04:150</span>
&middot; <span class='uri-anchor badge badge-default'>#test-id=49</span>
<span class='badge badge-default pointer float-right ml-1 et'><i class="fa fa-chevron-down"></i></span>
<span class='badge badge-default pointer float-right ct'><i class="fa fa-chevron-up"></i></span>
</div>
</div>
</div>    <div class="row mb-3"><div class="col-md-3">
<img data-featherlight='C:\Users\kadahari\Desktop\Harika\C\Demoblaze/output/screenshots/fail/testRegisteredCheckoutSuccess_20250925_143440.png' src="C:\Users\kadahari\Desktop\Harika\C\Demoblaze/output/screenshots/fail/testRegisteredCheckoutSuccess_20250925_143440.png">
    
    </div></div>
<div class="detail-body mt-4">
<table class="table table-sm">
  <thead><tr><th class="status-col">Status</th><th class="timestamp-col">Timestamp</th><th class="details-col">Details</th></tr></thead>
  <tbody>
      <tr class="event-row">
        <td><span class="badge log info-bg">Info</span></td>
        <td>2:34:35 PM</td>
        <td>
          Test parameters: []
        </td>
      </tr>
      <tr class="event-row">
        <td><span class="badge log fail-bg">Fail</span></td>
        <td>2:34:40 PM</td>
        <td>
          <textarea readonly class="code-block">java.lang.RuntimeException: Could not find and click product: Sony vaio i5
	at pages.HomePage.selectProduct(HomePage.java:74)
	at tests.CheckoutTests.runCheckoutTest(CheckoutTests.java:76)
	at tests.CheckoutTests.testRegisteredCheckoutSuccess(CheckoutTests.java:115)
	at java.base/jdk.internal.reflect.DirectMethodHandleAccessor.invoke(DirectMethodHandleAccessor.java:103)
	at java.base/java.lang.reflect.Method.invoke(Method.java:580)
	at org.testng.internal.invokers.MethodInvocationHelper.invokeMethod(MethodInvocationHelper.java:139)
	at org.testng.internal.invokers.TestInvoker.invokeMethod(TestInvoker.java:664)
	at org.testng.internal.invokers.TestInvoker.invokeTestMethod(TestInvoker.java:228)
	at org.testng.internal.invokers.MethodRunner.runInSequence(MethodRunner.java:63)
	at org.testng.internal.invokers.TestInvoker$MethodInvocationAgent.invoke(TestInvoker.java:961)
	at org.testng.internal.invokers.TestInvoker.invokeTestMethods(TestInvoker.java:201)
	at org.testng.internal.invokers.TestMethodWorker.invokeTestMethods(TestMethodWorker.java:148)
	at org.testng.internal.invokers.TestMethodWorker.run(TestMethodWorker.java:128)
	at java.base/java.util.ArrayList.forEach(ArrayList.java:1597)
	at org.testng.TestRunner.privateRun(TestRunner.java:819)
	at org.testng.TestRunner.run(TestRunner.java:619)
	at org.testng.SuiteRunner.runTest(SuiteRunner.java:443)
	at org.testng.SuiteRunner$SuiteWorker.run(SuiteRunner.java:481)
	at org.testng.internal.thread.ThreadUtil.lambda$execute$0(ThreadUtil.java:58)
	at java.base/java.util.concurrent.FutureTask.run$$$capture(FutureTask.java:317)
	at java.base/java.util.concurrent.FutureTask.run(FutureTask.java)
	at --- Async.Stack.Trace --- (captured by IntelliJ IDEA debugger)
	at java.base/java.util.concurrent.FutureTask.<init>(FutureTask.java:132)
	at java.base/java.util.concurrent.AbstractExecutorService.newTaskFor(AbstractExecutorService.java:113)
	at java.base/java.util.concurrent.AbstractExecutorService.invokeAll(AbstractExecutorService.java:305)
	at org.testng.internal.thread.ThreadUtil.execute(ThreadUtil.java:64)
	at org.testng.SuiteRunner.runInParallelTestMode(SuiteRunner.java:464)
	at org.testng.SuiteRunner.privateRun(SuiteRunner.java:395)
	at org.testng.SuiteRunner.run(SuiteRunner.java:336)
	at org.testng.SuiteRunnerWorker.runSuite(SuiteRunnerWorker.java:52)
	at org.testng.SuiteRunnerWorker.run(SuiteRunnerWorker.java:95)
	at org.testng.TestNG.runSuitesSequentially(TestNG.java:1301)
	at org.testng.TestNG.runSuitesLocally(TestNG.java:1228)
	at org.testng.TestNG.runSuites(TestNG.java:1134)
	at org.testng.TestNG.run(TestNG.java:1101)
	at com.intellij.rt.testng.IDEARemoteTestNG.run(IDEARemoteTestNG.java:65)
	at com.intellij.rt.testng.RemoteTestNGStarter.main(RemoteTestNGStarter.java:105)
Caused by: java.lang.RuntimeException: Click failed on Product: Sony vaio i5
	at pages.BasePage.click(BasePage.java:34)
	at pages.HomePage.selectProduct(HomePage.java:70)
	... 36 more
Caused by: org.openqa.selenium.ElementClickInterceptedException: Element <a class="hrefch" href="prod.html?idp_=8"> is not clickable at point (951,934) because another element <div id="logInModal" class="modal fade show"> obscures it
Build info: version: '4.15.0', revision: '1d14b5521b'
System info: os.name: 'Windows 11', os.arch: 'amd64', os.version: '10.0', java.version: '23.0.2'
Driver info: org.openqa.selenium.firefox.FirefoxDriver
Command: [f8ed08c8-53a9-4cd8-8205-f69dab9ef25e, clickElement {id=f774f1e8-eea1-490d-9758-cf1f8163d913}]
Capabilities {acceptInsecureCerts: true, browserName: firefox, browserVersion: 140.3.1, moz:accessibilityChecks: false, moz:buildID: 20250922173505, moz:geckodriverVersion: 0.36.0, moz:headless: false, moz:platformVersion: 10.0, moz:processID: 22860, moz:profile: C:\Users\kadahari\AppData\L..., moz:shutdownTimeout: 60000, moz:webdriverClick: true, moz:windowless: false, pageLoadStrategy: normal, platformName: windows, proxy: Proxy(), setWindowRect: true, strictFileInteractability: false, timeouts: {implicit: 0, pageLoad: 300000, script: 30000}, unhandledPromptBehavior: ignore, userAgent: Mozilla/5.0 (Windows NT 10....}
Element: [[FirefoxDriver: firefox on windows (f8ed08c8-53a9-4cd8-8205-f69dab9ef25e)] -> xpath: //a[@class='hrefch'][text()='Sony vaio i5']]
Session ID: f8ed08c8-53a9-4cd8-8205-f69dab9ef25e
	at java.base/jdk.internal.reflect.DirectConstructorHandleAccessor.newInstance(DirectConstructorHandleAccessor.java:62)
	at java.base/java.lang.reflect.Constructor.newInstanceWithCaller(Constructor.java:501)
	at java.base/java.lang.reflect.Constructor.newInstance(Constructor.java:485)
	at org.openqa.selenium.remote.codec.w3c.W3CHttpResponseCodec.createException(W3CHttpResponseCodec.java:200)
	at org.openqa.selenium.remote.codec.w3c.W3CHttpResponseCodec.decode(W3CHttpResponseCodec.java:133)
	at org.openqa.selenium.remote.codec.w3c.W3CHttpResponseCodec.decode(W3CHttpResponseCodec.java:52)
	at org.openqa.selenium.remote.HttpCommandExecutor.execute(HttpCommandExecutor.java:191)
	at org.openqa.selenium.remote.service.DriverCommandExecutor.invokeExecute(DriverCommandExecutor.java:200)
	at org.openqa.selenium.remote.service.DriverCommandExecutor.execute(DriverCommandExecutor.java:175)
	at org.openqa.selenium.remote.RemoteWebDriver.execute(RemoteWebDriver.java:607)
	at org.openqa.selenium.remote.RemoteWebElement.execute(RemoteWebElement.java:224)
	at org.openqa.selenium.remote.RemoteWebElement.click(RemoteWebElement.java:77)
	at pages.BasePage.click(BasePage.java:30)
	... 37 more
</textarea>
          
        </td>
      </tr>
  </tbody>
</table>
</div>
          </div>
        </li>
        <li class="test-item"  status="fail" test-id="50"
          author=""
          tag=""
          device="">
          <div class="test-detail">
            <p class="name">tests.CheckoutTests :: testMissingShippingAddress</p>
            <p class="text-sm">
              <span>2:34:51 PM</span> / <span>00:00:13:646</span>
              <span class="badge fail-bg log float-right">Fail</span>
            </p>
          </div>
          <div class="test-contents d-none">
<div class="detail-head">
<div class="p-v-10">
<div class="info">
<h5 class="test-status text-fail">tests.CheckoutTests :: testMissingShippingAddress</h5>
<span class='badge badge-success'>09.25.2025 2:34:51 PM</span>
<span class='badge badge-danger'>09.25.2025 2:35:04 PM</span>
<span class='badge badge-default'>00:00:13:646</span>
&middot; <span class='uri-anchor badge badge-default'>#test-id=50</span>
<span class='badge badge-default pointer float-right ml-1 et'><i class="fa fa-chevron-down"></i></span>
<span class='badge badge-default pointer float-right ct'><i class="fa fa-chevron-up"></i></span>
</div>
</div>
</div>    <div class="row mb-3"><div class="col-md-3">
<img data-featherlight='C:\Users\kadahari\Desktop\Harika\C\Demoblaze/output/screenshots/fail/testMissingShippingAddress_20250925_143504.png' src="C:\Users\kadahari\Desktop\Harika\C\Demoblaze/output/screenshots/fail/testMissingShippingAddress_20250925_143504.png">
    
    </div></div>
<div class="detail-body mt-4">
<table class="table table-sm">
  <thead><tr><th class="status-col">Status</th><th class="timestamp-col">Timestamp</th><th class="details-col">Details</th></tr></thead>
  <tbody>
      <tr class="event-row">
        <td><span class="badge log info-bg">Info</span></td>
        <td>2:34:51 PM</td>
        <td>
          Test parameters: []
        </td>
      </tr>
      <tr class="event-row">
        <td><span class="badge log fail-bg">Fail</span></td>
        <td>2:35:04 PM</td>
        <td>
          <textarea readonly class="code-block">java.lang.AssertionError: Validation failed for user type: Guest expected [Shipping address required] but found [Thank you for your purchase!]
	at org.testng.Assert.fail(Assert.java:111)
	at org.testng.Assert.failNotEquals(Assert.java:1578)
	at org.testng.Assert.assertEqualsImpl(Assert.java:150)
	at org.testng.Assert.assertEquals(Assert.java:132)
	at org.testng.Assert.assertEquals(Assert.java:656)
	at tests.CheckoutTests.runCheckoutTest(CheckoutTests.java:105)
	at tests.CheckoutTests.testMissingShippingAddress(CheckoutTests.java:120)
	at java.base/jdk.internal.reflect.DirectMethodHandleAccessor.invoke(DirectMethodHandleAccessor.java:103)
	at java.base/java.lang.reflect.Method.invoke(Method.java:580)
	at org.testng.internal.invokers.MethodInvocationHelper.invokeMethod(MethodInvocationHelper.java:139)
	at org.testng.internal.invokers.TestInvoker.invokeMethod(TestInvoker.java:664)
	at org.testng.internal.invokers.TestInvoker.invokeTestMethod(TestInvoker.java:228)
	at org.testng.internal.invokers.MethodRunner.runInSequence(MethodRunner.java:63)
	at org.testng.internal.invokers.TestInvoker$MethodInvocationAgent.invoke(TestInvoker.java:961)
	at org.testng.internal.invokers.TestInvoker.invokeTestMethods(TestInvoker.java:201)
	at org.testng.internal.invokers.TestMethodWorker.invokeTestMethods(TestMethodWorker.java:148)
	at org.testng.internal.invokers.TestMethodWorker.run(TestMethodWorker.java:128)
	at java.base/java.util.ArrayList.forEach(ArrayList.java:1597)
	at org.testng.TestRunner.privateRun(TestRunner.java:819)
	at org.testng.TestRunner.run(TestRunner.java:619)
	at org.testng.SuiteRunner.runTest(SuiteRunner.java:443)
	at org.testng.SuiteRunner$SuiteWorker.run(SuiteRunner.java:481)
	at org.testng.internal.thread.ThreadUtil.lambda$execute$0(ThreadUtil.java:58)
	at java.base/java.util.concurrent.FutureTask.run$$$capture(FutureTask.java:317)
	at java.base/java.util.concurrent.FutureTask.run(FutureTask.java)
	at --- Async.Stack.Trace --- (captured by IntelliJ IDEA debugger)
	at java.base/java.util.concurrent.FutureTask.<init>(FutureTask.java:132)
	at java.base/java.util.concurrent.AbstractExecutorService.newTaskFor(AbstractExecutorService.java:113)
	at java.base/java.util.concurrent.AbstractExecutorService.invokeAll(AbstractExecutorService.java:305)
	at org.testng.internal.thread.ThreadUtil.execute(ThreadUtil.java:64)
	at org.testng.SuiteRunner.runInParallelTestMode(SuiteRunner.java:464)
	at org.testng.SuiteRunner.privateRun(SuiteRunner.java:395)
	at org.testng.SuiteRunner.run(SuiteRunner.java:336)
	at org.testng.SuiteRunnerWorker.runSuite(SuiteRunnerWorker.java:52)
	at org.testng.SuiteRunnerWorker.run(SuiteRunnerWorker.java:95)
	at org.testng.TestNG.runSuitesSequentially(TestNG.java:1301)
	at org.testng.TestNG.runSuitesLocally(TestNG.java:1228)
	at org.testng.TestNG.runSuites(TestNG.java:1134)
	at org.testng.TestNG.run(TestNG.java:1101)
	at com.intellij.rt.testng.IDEARemoteTestNG.run(IDEARemoteTestNG.java:65)
	at com.intellij.rt.testng.RemoteTestNGStarter.main(RemoteTestNGStarter.java:105)
</textarea>
          
        </td>
      </tr>
  </tbody>
</table>
</div>
          </div>
        </li>
        <li class="test-item"  status="fail" test-id="51"
          author=""
          tag=""
          device="">
          <div class="test-detail">
            <p class="name">tests.CheckoutTests :: testMissingPaymentMethod</p>
            <p class="text-sm">
              <span>2:35:15 PM</span> / <span>00:00:05:287</span>
              <span class="badge fail-bg log float-right">Fail</span>
            </p>
          </div>
          <div class="test-contents d-none">
<div class="detail-head">
<div class="p-v-10">
<div class="info">
<h5 class="test-status text-fail">tests.CheckoutTests :: testMissingPaymentMethod</h5>
<span class='badge badge-success'>09.25.2025 2:35:15 PM</span>
<span class='badge badge-danger'>09.25.2025 2:35:20 PM</span>
<span class='badge badge-default'>00:00:05:287</span>
&middot; <span class='uri-anchor badge badge-default'>#test-id=51</span>
<span class='badge badge-default pointer float-right ml-1 et'><i class="fa fa-chevron-down"></i></span>
<span class='badge badge-default pointer float-right ct'><i class="fa fa-chevron-up"></i></span>
</div>
</div>
</div>    <div class="row mb-3"><div class="col-md-3">
<img data-featherlight='C:\Users\kadahari\Desktop\Harika\C\Demoblaze/output/screenshots/fail/testMissingPaymentMethod_20250925_143520.png' src="C:\Users\kadahari\Desktop\Harika\C\Demoblaze/output/screenshots/fail/testMissingPaymentMethod_20250925_143520.png">
    
    </div></div>
<div class="detail-body mt-4">
<table class="table table-sm">
  <thead><tr><th class="status-col">Status</th><th class="timestamp-col">Timestamp</th><th class="details-col">Details</th></tr></thead>
  <tbody>
      <tr class="event-row">
        <td><span class="badge log info-bg">Info</span></td>
        <td>2:35:15 PM</td>
        <td>
          Test parameters: []
        </td>
      </tr>
      <tr class="event-row">
        <td><span class="badge log fail-bg">Fail</span></td>
        <td>2:35:20 PM</td>
        <td>
          <textarea readonly class="code-block">java.lang.RuntimeException: Could not find and click product: Sony vaio i5
	at pages.HomePage.selectProduct(HomePage.java:74)
	at tests.CheckoutTests.runCheckoutTest(CheckoutTests.java:76)
	at tests.CheckoutTests.testMissingPaymentMethod(CheckoutTests.java:125)
	at java.base/jdk.internal.reflect.DirectMethodHandleAccessor.invoke(DirectMethodHandleAccessor.java:103)
	at java.base/java.lang.reflect.Method.invoke(Method.java:580)
	at org.testng.internal.invokers.MethodInvocationHelper.invokeMethod(MethodInvocationHelper.java:139)
	at org.testng.internal.invokers.TestInvoker.invokeMethod(TestInvoker.java:664)
	at org.testng.internal.invokers.TestInvoker.invokeTestMethod(TestInvoker.java:228)
	at org.testng.internal.invokers.MethodRunner.runInSequence(MethodRunner.java:63)
	at org.testng.internal.invokers.TestInvoker$MethodInvocationAgent.invoke(TestInvoker.java:961)
	at org.testng.internal.invokers.TestInvoker.invokeTestMethods(TestInvoker.java:201)
	at org.testng.internal.invokers.TestMethodWorker.invokeTestMethods(TestMethodWorker.java:148)
	at org.testng.internal.invokers.TestMethodWorker.run(TestMethodWorker.java:128)
	at java.base/java.util.ArrayList.forEach(ArrayList.java:1597)
	at org.testng.TestRunner.privateRun(TestRunner.java:819)
	at org.testng.TestRunner.run(TestRunner.java:619)
	at org.testng.SuiteRunner.runTest(SuiteRunner.java:443)
	at org.testng.SuiteRunner$SuiteWorker.run(SuiteRunner.java:481)
	at org.testng.internal.thread.ThreadUtil.lambda$execute$0(ThreadUtil.java:58)
	at java.base/java.util.concurrent.FutureTask.run$$$capture(FutureTask.java:317)
	at java.base/java.util.concurrent.FutureTask.run(FutureTask.java)
	at --- Async.Stack.Trace --- (captured by IntelliJ IDEA debugger)
	at java.base/java.util.concurrent.FutureTask.<init>(FutureTask.java:132)
	at java.base/java.util.concurrent.AbstractExecutorService.newTaskFor(AbstractExecutorService.java:113)
	at java.base/java.util.concurrent.AbstractExecutorService.invokeAll(AbstractExecutorService.java:305)
	at org.testng.internal.thread.ThreadUtil.execute(ThreadUtil.java:64)
	at org.testng.SuiteRunner.runInParallelTestMode(SuiteRunner.java:464)
	at org.testng.SuiteRunner.privateRun(SuiteRunner.java:395)
	at org.testng.SuiteRunner.run(SuiteRunner.java:336)
	at org.testng.SuiteRunnerWorker.runSuite(SuiteRunnerWorker.java:52)
	at org.testng.SuiteRunnerWorker.run(SuiteRunnerWorker.java:95)
	at org.testng.TestNG.runSuitesSequentially(TestNG.java:1301)
	at org.testng.TestNG.runSuitesLocally(TestNG.java:1228)
	at org.testng.TestNG.runSuites(TestNG.java:1134)
	at org.testng.TestNG.run(TestNG.java:1101)
	at com.intellij.rt.testng.IDEARemoteTestNG.run(IDEARemoteTestNG.java:65)
	at com.intellij.rt.testng.RemoteTestNGStarter.main(RemoteTestNGStarter.java:105)
Caused by: java.lang.RuntimeException: Click failed on Product: Sony vaio i5
	at pages.BasePage.click(BasePage.java:34)
	at pages.HomePage.selectProduct(HomePage.java:70)
	... 36 more
Caused by: org.openqa.selenium.ElementClickInterceptedException: Element <a class="hrefch" href="prod.html?idp_=8"> is not clickable at point (951,934) because another element <div id="logInModal" class="modal fade show"> obscures it
Build info: version: '4.15.0', revision: '1d14b5521b'
System info: os.name: 'Windows 11', os.arch: 'amd64', os.version: '10.0', java.version: '23.0.2'
Driver info: org.openqa.selenium.firefox.FirefoxDriver
Command: [9ec4c901-7757-43d0-9562-5254fad7f4a5, clickElement {id=0497468b-813f-4d58-aa54-50471a788837}]
Capabilities {acceptInsecureCerts: true, browserName: firefox, browserVersion: 140.3.1, moz:accessibilityChecks: false, moz:buildID: 20250922173505, moz:geckodriverVersion: 0.36.0, moz:headless: false, moz:platformVersion: 10.0, moz:processID: 27600, moz:profile: C:\Users\kadahari\AppData\L..., moz:shutdownTimeout: 60000, moz:webdriverClick: true, moz:windowless: false, pageLoadStrategy: normal, platformName: windows, proxy: Proxy(), setWindowRect: true, strictFileInteractability: false, timeouts: {implicit: 0, pageLoad: 300000, script: 30000}, unhandledPromptBehavior: ignore, userAgent: Mozilla/5.0 (Windows NT 10....}
Element: [[FirefoxDriver: firefox on windows (9ec4c901-7757-43d0-9562-5254fad7f4a5)] -> xpath: //a[@class='hrefch'][text()='Sony vaio i5']]
Session ID: 9ec4c901-7757-43d0-9562-5254fad7f4a5
	at java.base/jdk.internal.reflect.DirectConstructorHandleAccessor.newInstance(DirectConstructorHandleAccessor.java:62)
	at java.base/java.lang.reflect.Constructor.newInstanceWithCaller(Constructor.java:501)
	at java.base/java.lang.reflect.Constructor.newInstance(Constructor.java:485)
	at org.openqa.selenium.remote.codec.w3c.W3CHttpResponseCodec.createException(W3CHttpResponseCodec.java:200)
	at org.openqa.selenium.remote.codec.w3c.W3CHttpResponseCodec.decode(W3CHttpResponseCodec.java:133)
	at org.openqa.selenium.remote.codec.w3c.W3CHttpResponseCodec.decode(W3CHttpResponseCodec.java:52)
	at org.openqa.selenium.remote.HttpCommandExecutor.execute(HttpCommandExecutor.java:191)
	at org.openqa.selenium.remote.service.DriverCommandExecutor.invokeExecute(DriverCommandExecutor.java:200)
	at org.openqa.selenium.remote.service.DriverCommandExecutor.execute(DriverCommandExecutor.java:175)
	at org.openqa.selenium.remote.RemoteWebDriver.execute(RemoteWebDriver.java:607)
	at org.openqa.selenium.remote.RemoteWebElement.execute(RemoteWebElement.java:224)
	at org.openqa.selenium.remote.RemoteWebElement.click(RemoteWebElement.java:77)
	at pages.BasePage.click(BasePage.java:30)
	... 37 more
</textarea>
          
        </td>
      </tr>
  </tbody>
</table>
</div>
          </div>
        </li>
        <li class="test-item"  status="pass" test-id="52"
          author=""
          tag=""
          device="">
          <div class="test-detail">
            <p class="name">tests.CheckoutTests :: testGuestCheckoutWithDebitCard</p>
            <p class="text-sm">
              <span>2:35:33 PM</span> / <span>00:00:14:401</span>
              <span class="badge pass-bg log float-right">Pass</span>
            </p>
          </div>
          <div class="test-contents d-none">
<div class="detail-head">
<div class="p-v-10">
<div class="info">
<h5 class="test-status text-pass">tests.CheckoutTests :: testGuestCheckoutWithDebitCard</h5>
<span class='badge badge-success'>09.25.2025 2:35:33 PM</span>
<span class='badge badge-danger'>09.25.2025 2:35:47 PM</span>
<span class='badge badge-default'>00:00:14:401</span>
&middot; <span class='uri-anchor badge badge-default'>#test-id=52</span>
<span class='badge badge-default pointer float-right ml-1 et'><i class="fa fa-chevron-down"></i></span>
<span class='badge badge-default pointer float-right ct'><i class="fa fa-chevron-up"></i></span>
</div>
</div>
</div>    <div class="row mb-3"><div class="col-md-3">
<img data-featherlight='C:\Users\kadahari\Desktop\Harika\C\Demoblaze/output/screenshots/pass/testGuestCheckoutWithDebitCard_20250925_143547.png' src="C:\Users\kadahari\Desktop\Harika\C\Demoblaze/output/screenshots/pass/testGuestCheckoutWithDebitCard_20250925_143547.png">
    
    </div></div>
<div class="detail-body mt-4">
<table class="table table-sm">
  <thead><tr><th class="status-col">Status</th><th class="timestamp-col">Timestamp</th><th class="details-col">Details</th></tr></thead>
  <tbody>
      <tr class="event-row">
        <td><span class="badge log info-bg">Info</span></td>
        <td>2:35:33 PM</td>
        <td>
          Test parameters: []
        </td>
      </tr>
      <tr class="event-row">
        <td><span class="badge log pass-bg">Pass</span></td>
        <td>2:35:47 PM</td>
        <td>
          Test passed
        </td>
      </tr>
  </tbody>
</table>
</div>
          </div>
        </li>
      </ul>
    </div>
  </div>
<div class="test-content scrollable">
<div class="test-content-tools">
<ul><li><a class="back-to-test" href="#"><i class="fa fa-arrow-left"></i></a></li></ul>
</div>
<div class="test-content-detail"><div class="detail-body"></div></div>
</div></div>
<div class="test-wrapper row view exception-view attributes-view">
<div class="test-list">
<div class="test-list-tools">
<ul class="tools pull-left"><li><a href=""><span class="font-size-14">Exception</span></a></li></ul>
<ul class="tools text-right"><li><a href="#"><span class="badge badge-primary">3</span></a></li></ul>
</div>
<div class="test-list-wrapper scrollable">
<ul class="test-list-item">
<li class="test-item">
<div class="test-detail">
<span class="meta">
<span class='badge log badge-danger'>5</span>
</span>
<p class="name">org.openqa.selenium.StaleElementReferenceException</p>
<p class="duration text-sm">5 tests</p>
</div>
<div class="test-contents d-none">
<div class="info">
<h4>org.openqa.selenium.StaleElementReferenceException</h4>
<span status="fail" class='badge log badge-danger'>5 failed</span>
</div>
<table class='table table-sm mt-4'>
<thead>
<tr>
<th class="status-col">Status</th>
<th class="timestamp-col">Timestamp</th>
<th>TestName</th>
</tr>
</thead>
<tbody>
<tr class="tag-test-status" status="fail">
<td><span class="badge log fail-bg">Fail</span></td>
<td>14:26:42 PM</td>
<td>
<a href="#" class="linked" test-id='16' id='16'>tests.SearchTests :: testSearchByCategory</a>
</td>
</tr>
<tr class="tag-test-status" status="fail">
<td><span class="badge log fail-bg">Fail</span></td>
<td>14:26:52 PM</td>
<td>
<a href="#" class="linked" test-id='17' id='17'>tests.SearchTests :: testSearchByCategory</a>
</td>
</tr>
<tr class="tag-test-status" status="fail">
<td><span class="badge log fail-bg">Fail</span></td>
<td>14:28:25 PM</td>
<td>
<a href="#" class="linked" test-id='26' id='26'>tests.SearchTests :: testSearchByCategory</a>
</td>
</tr>
<tr class="tag-test-status" status="fail">
<td><span class="badge log fail-bg">Fail</span></td>
<td>14:28:50 PM</td>
<td>
<a href="#" class="linked" test-id='28' id='28'>tests.SearchTests :: testSearchByCategory</a>
</td>
</tr>
<tr class="tag-test-status" status="fail">
<td><span class="badge log fail-bg">Fail</span></td>
<td>14:30:10 PM</td>
<td>
<a href="#" class="linked" test-id='34' id='34'>tests.SearchTests :: testSearchWithNoResults</a>
</td>
</tr>
</tbody>
</table>
</div>
</li>
<li class="test-item">
<div class="test-detail">
<span class="meta">
<span class='badge log badge-danger'>7</span>
</span>
<p class="name">java.lang.AssertionError</p>
<p class="duration text-sm">7 tests</p>
</div>
<div class="test-contents d-none">
<div class="info">
<h4>java.lang.AssertionError</h4>
<span status="fail" class='badge log badge-danger'>7 failed</span>
</div>
<table class='table table-sm mt-4'>
<thead>
<tr>
<th class="status-col">Status</th>
<th class="timestamp-col">Timestamp</th>
<th>TestName</th>
</tr>
</thead>
<tbody>
<tr class="tag-test-status" status="fail">
<td><span class="badge log fail-bg">Fail</span></td>
<td>14:26:25 PM</td>
<td>
<a href="#" class="linked" test-id='15' id='15'>tests.RegistrationTest :: testSignUp</a>
</td>
</tr>
<tr class="tag-test-status" status="fail">
<td><span class="badge log fail-bg">Fail</span></td>
<td>14:27:06 PM</td>
<td>
<a href="#" class="linked" test-id='19' id='19'>tests.SearchTests :: testSearchByProductName</a>
</td>
</tr>
<tr class="tag-test-status" status="fail">
<td><span class="badge log fail-bg">Fail</span></td>
<td>14:27:53 PM</td>
<td>
<a href="#" class="linked" test-id='24' id='24'>tests.RegistrationTest :: testSignUp</a>
</td>
</tr>
<tr class="tag-test-status" status="fail">
<td><span class="badge log fail-bg">Fail</span></td>
<td>14:29:44 PM</td>
<td>
<a href="#" class="linked" test-id='33' id='33'>tests.SearchTests :: testSearchByProductName</a>
</td>
</tr>
<tr class="tag-test-status" status="fail">
<td><span class="badge log fail-bg">Fail</span></td>
<td>14:29:37 PM</td>
<td>
<a href="#" class="linked" test-id='32' id='32'>tests.CartTests :: testCartPersistenceAcrossSessions</a>
</td>
</tr>
<tr class="tag-test-status" status="fail">
<td><span class="badge log fail-bg">Fail</span></td>
<td>14:31:50 PM</td>
<td>
<a href="#" class="linked" test-id='41' id='41'>tests.CheckoutTests :: testMissingShippingAddress</a>
</td>
</tr>
<tr class="tag-test-status" status="fail">
<td><span class="badge log fail-bg">Fail</span></td>
<td>14:34:51 PM</td>
<td>
<a href="#" class="linked" test-id='50' id='50'>tests.CheckoutTests :: testMissingShippingAddress</a>
</td>
</tr>
</tbody>
</table>
</div>
</li>
<li class="test-item">
<div class="test-detail">
<span class="meta">
<span class='badge log badge-danger'>4</span>
</span>
<p class="name">java.lang.RuntimeException</p>
<p class="duration text-sm">4 tests</p>
</div>
<div class="test-contents d-none">
<div class="info">
<h4>java.lang.RuntimeException</h4>
<span status="fail" class='badge log badge-danger'>4 failed</span>
</div>
<table class='table table-sm mt-4'>
<thead>
<tr>
<th class="status-col">Status</th>
<th class="timestamp-col">Timestamp</th>
<th>TestName</th>
</tr>
</thead>
<tbody>
<tr class="tag-test-status" status="fail">
<td><span class="badge log fail-bg">Fail</span></td>
<td>14:31:30 PM</td>
<td>
<a href="#" class="linked" test-id='39' id='39'>tests.CheckoutTests :: testRegisteredCheckoutSuccess</a>
</td>
</tr>
<tr class="tag-test-status" status="fail">
<td><span class="badge log fail-bg">Fail</span></td>
<td>14:32:20 PM</td>
<td>
<a href="#" class="linked" test-id='43' id='43'>tests.CheckoutTests :: testMissingPaymentMethod</a>
</td>
</tr>
<tr class="tag-test-status" status="fail">
<td><span class="badge log fail-bg">Fail</span></td>
<td>14:34:35 PM</td>
<td>
<a href="#" class="linked" test-id='49' id='49'>tests.CheckoutTests :: testRegisteredCheckoutSuccess</a>
</td>
</tr>
<tr class="tag-test-status" status="fail">
<td><span class="badge log fail-bg">Fail</span></td>
<td>14:35:15 PM</td>
<td>
<a href="#" class="linked" test-id='51' id='51'>tests.CheckoutTests :: testMissingPaymentMethod</a>
</td>
</tr>
</tbody>
</table>
</div>
</li>
</ul>
</div>
</div>
<div class="test-content scrollable">
<div class="test-content-detail">
<div class="detail-body"></div>
</div>
</div>
</div><div class="container-fluid p-4 view dashboard-view">
<div class="row">
<div class="col-md-3">
<div class="card"><div class="card-body">
<p class="m-b-0">Started</p>
<h3>Sep 25, 2025 02:23:29 PM</h3>
</div></div>
</div>
<div class="col-md-3">
<div class="card"><div class="card-body">
<p class="m-b-0">Ended</p>
<h3>Sep 25, 2025 02:35:50 PM</h3>
</div></div>
</div>
<div class="col-md-3">
<div class="card"><div class="card-body">
<p class="m-b-0 text-pass">Tests Passed</p>
<h3>36</h3>
</div></div>
</div>
<div class="col-md-3">
<div class="card"><div class="card-body">
<p class="m-b-0 text-fail">Tests Failed</p>
<h3>16</h3>
</div></div>
</div>
</div>
<div class="row">
<div class="col-md-6">
<div class="card">
<div class="card-header">
<h6 class="card-title">Tests</h6>
</div>
<div class="card-body">
<div class="">
<canvas id='parent-analysis' width='115' height='90'></canvas>
</div>
</div>
<div class="card-footer">
<div><small data-tooltip='69%'>
<b>36</b> tests passed
</small>
</div>
<div>
<small data-tooltip='30%'><b>16</b> tests failed,
<b>0</b> skipped, <b data-tooltip='0%'>0</b> others
</small>
</div>
</div>
</div>
</div>
<div class="col-md-6">
<div class="card">
<div class="card-header">
<h6 class="card-title">Log events</h6>
</div>
<div class="card-body">
<div class="">
<canvas id='events-analysis' width='115' height='90'></canvas>
</div>
</div>
<div class="card-footer">
<div><small data-tooltip='34%'><b>36</b> events passed</small></div>
<div>
<small data-tooltip='15%'><b>16</b> events failed,
<b data-tooltip='%'>52</b> others
</small>
</div>
</div>
</div>
</div>
</div>
<div class="row"><div class="col-md-12">
<div class="card"><div class="card-header"><p>Timeline</p></div>
<div class="card-body pt-0"><div>
<canvas id="timeline" height="120"></canvas>
</div></div>
</div>
</div></div>
<script>
var timeline = {
"tests.LoginTests :: loginWithValidData":9.121,"tests.LoginTests :: loginWithValidData":7.164,"tests.LoginTests :: loginWithValidData":19.659,"tests.LoginTests :: loginWithValidData":6.934,"tests.LoginTests :: loginWithValidData":15.954,"tests.LoginTests :: loginWithValidData":7.821,"tests.LoginTests :: loginWithInvalidData":6.063,"tests.LoginTests :: loginWithInvalidData":8.399,"tests.LoginTests :: loginWithInvalidData":3.301,"tests.LoginTests :: loginWithInvalidData":8.508,"tests.LoginTests :: loginWithInvalidData":4.934,"tests.LoginTests :: loginWithEmptyFields":7.191,"tests.LoginTests :: loginWithEmptyFields":4.799,"tests.LoginTests :: loginWithInvalidData":6.17,"tests.RegistrationTest :: testSignUp":8.574,"tests.SearchTests :: testSearchByCategory":2.37,"tests.SearchTests :: testSearchByCategory":5.971,"tests.LoginTests :: loginWithEmptyFields":2.065,"tests.SearchTests :: testSearchByProductName":2.024,"tests.SearchTests :: testSearchByProductName":3.4,"tests.LoginTests :: loginWithEmptyFields":2.033,"tests.SearchTests :: testSearchWithNoResults":2.49,"tests.CartTests :: testAddProductToCart":14.479,"tests.RegistrationTest :: testSignUp":5.98,"tests.CartTests :: testAddProductToCart":9.009,"tests.SearchTests :: testSearchByCategory":2.864,"tests.CartTests :: testAddProductToCart":10.272,"tests.SearchTests :: testSearchByCategory":2.8,"tests.CartTests :: testRemoveProductFromCart":15.916,"tests.SearchTests :: testSearchByProductName":3.189,"tests.CartTests :: testRemoveProductFromCart":13.634,"tests.CartTests :: testCartPersistenceAcrossSessions":37.908,"tests.SearchTests :: testSearchByProductName":2.952,"tests.SearchTests :: testSearchWithNoResults":3.798,"tests.CartTests :: testPriceCalculationVerification":15.277,"tests.CartTests :: testAddProductToCart":8.109,"tests.CheckoutTests :: testGuestCheckoutSuccess":27.574,"tests.CartTests :: testAddProductToCart":8.308,"tests.CheckoutTests :: testRegisteredCheckoutSuccess":11.139,"tests.CartTests :: testAddProductToCart":11.896,"tests.CheckoutTests :: testMissingShippingAddress":24.857,"tests.CartTests :: testRemoveProductFromCart":12.554,"tests.CheckoutTests :: testMissingPaymentMethod":7.703,"tests.CheckoutTests :: testGuestCheckoutWithDebitCard":24.375,"tests.CartTests :: testRemoveProductFromCart":10.879,"tests.CartTests :: testCartPersistenceAcrossSessions":21.701,"tests.CartTests :: testPriceCalculationVerification":7.441,"tests.CheckoutTests :: testGuestCheckoutSuccess":14.088,"tests.CheckoutTests :: testRegisteredCheckoutSuccess":4.15,"tests.CheckoutTests :: testMissingShippingAddress":13.646,"tests.CheckoutTests :: testMissingPaymentMethod":5.287,"tests.CheckoutTests :: testGuestCheckoutWithDebitCard":14.401
};
</script>
<div class="row">
<div class="col-lg-6 col-md-12 sysenv-container">
<div class="card">
<div class="card-header"><p>System/Environment</p></div>
<div class="card-body pb-0 pt-0"><table class="table table-sm table-bordered">
<thead><tr class="bg-gray"><th>Name</th><th>Value</th></tr></thead>
<tbody>
<tr>
<td>OS</td>
<td>Windows 11</td>
</tr>
<tr>
<td>OS</td>
<td>Windows 11</td>
</tr>
<tr>
<td>Java Version</td>
<td>23.0.2</td>
</tr>
<tr>
<td>Java Version</td>
<td>23.0.2</td>
</tr>
<tr>
<td>Framework</td>
<td>Selenium + TestNG</td>
</tr>
<tr>
<td>Framework</td>
<td>Selenium + TestNG</td>
</tr>
<tr>
<td>Tester</td>
<td>Harika</td>
</tr>
<tr>
<td>Tester</td>
<td>Harika</td>
</tr>
<tr>
<td>Environment</td>
<td>QA</td>
</tr>
<tr>
<td>Environment</td>
<td>QA</td>
</tr>
<tr>
<td>Browser</td>
<td>firefox</td>
</tr>
</tbody>
</table></div>
</div>
</div>
</div>
</div>
<script>
var statusGroup = {
parentCount: 5,
passParent: 36,
failParent: 16,
warningParent: 0,
skipParent: 0,
childCount: 5,
passChild: 0,
failChild: 0,
warningChild: 0,
skipChild: 0,
infoChild: 0,
grandChildCount: 5,
passGrandChild: 0,
failGrandChild: 0,
warningGrandChild: 0,
skipGrandChild: 0,
infoGrandChild: 0,
eventsCount: 5,
passEvents: 36,
failEvents: 16,
warningEvents: 0,
skipEvents: 0,
infoEvents: 52
};
</script>        </div>
      </div>
    </div>
  </div>
<script src="https://cdn.jsdelivr.net/gh/extent-framework/extent-github-cdn@d6562a79075e061305ccfdb82f01e5e195e2d307/spark/js/spark-script.js"></script>
<script type="text/javascript"></script></body>
</html>